2025-11-11 10:58:09 | INFO | 🚀 MQTT Broker เริ่มทำงานแล้ว!
2025-11-11 10:58:09 | INFO | 📍 รอรับการเชื่อมต่อที่ localhost:1883
2025-11-11 10:58:39 | INFO | 📊 ===== สถิติ MQTT Broker =====
2025-11-11 10:58:39 | INFO | 🕒 เวลาทำงาน: 0:00:30.013718
2025-11-11 10:58:39 | INFO | 🔗 การเชื่อมต่อทั้งหมด: 0
2025-11-11 10:58:39 | INFO | 🟢 การเชื่อมต่อปัจจุบัน: 0
2025-11-11 10:58:39 | INFO | 📨 ข้อความทั้งหมด: 0
2025-11-11 10:58:39 | INFO | 📥 subscription ทั้งหมด: 0
2025-11-11 10:58:39 | INFO | 📂 Topic ที่มีการใช้งาน: 0
2025-11-11 10:58:39 | INFO | 💾 ข้อความที่เก็บไว้: 0
2025-11-11 10:58:39 | INFO | ================================
2025-11-11 10:59:09 | INFO | 📊 ===== สถิติ MQTT Broker =====
2025-11-11 10:59:09 | INFO | 🕒 เวลาทำงาน: 0:01:00.031979
2025-11-11 10:59:09 | INFO | 🔗 การเชื่อมต่อทั้งหมด: 0
2025-11-11 10:59:09 | INFO | 🟢 การเชื่อมต่อปัจจุบัน: 0
2025-11-11 10:59:09 | INFO | 📨 ข้อความทั้งหมด: 0
2025-11-11 10:59:09 | INFO | 📥 subscription ทั้งหมด: 0
2025-11-11 10:59:09 | INFO | 📂 Topic ที่มีการใช้งาน: 0
2025-11-11 10:59:09 | INFO | 💾 ข้อความที่เก็บไว้: 0
2025-11-11 10:59:09 | INFO | ================================
2025-11-11 10:59:14 | INFO | ✅ Client ใหม่เชื่อมต่อ: client_1_1762833554 จาก ('127.0.0.1', 30258)
2025-11-11 10:59:14 | INFO | 📥 client_1_1762833554 subscribe topic: 'sensor/temperature'
2025-11-11 10:59:14 | INFO | 📥 client_1_1762833554 subscribe topic: 'sensor/humidity'
2025-11-11 10:59:14 | INFO | 📥 client_1_1762833554 subscribe topic: 'home/+/status'
2025-11-11 10:59:14 | INFO | 📥 client_1_1762833554 subscribe topic: 'device/+/data'
2025-11-11 10:59:14 | INFO | 📥 client_1_1762833554 subscribe topic: 'test/message'
2025-11-11 10:59:39 | INFO | 📊 ===== สถิติ MQTT Broker =====
2025-11-11 10:59:39 | INFO | 🕒 เวลาทำงาน: 0:01:30.034487
2025-11-11 10:59:39 | INFO | 🔗 การเชื่อมต่อทั้งหมด: 1
2025-11-11 10:59:39 | INFO | 🟢 การเชื่อมต่อปัจจุบัน: 1
2025-11-11 10:59:39 | INFO | 📨 ข้อความทั้งหมด: 5
2025-11-11 10:59:39 | INFO | 📥 subscription ทั้งหมด: 5
2025-11-11 10:59:39 | INFO | 📂 Topic ที่มีการใช้งาน: 5
2025-11-11 10:59:39 | INFO | 💾 ข้อความที่เก็บไว้: 0
2025-11-11 10:59:39 | INFO | ================================
2025-11-11 11:00:09 | INFO | 📊 ===== สถิติ MQTT Broker =====
2025-11-11 11:00:09 | INFO | 🕒 เวลาทำงาน: 0:02:00.036211
2025-11-11 11:00:09 | INFO | 🔗 การเชื่อมต่อทั้งหมด: 1
2025-11-11 11:00:09 | INFO | 🟢 การเชื่อมต่อปัจจุบัน: 1
2025-11-11 11:00:09 | INFO | 📨 ข้อความทั้งหมด: 6
2025-11-11 11:00:09 | INFO | 📥 subscription ทั้งหมด: 5
2025-11-11 11:00:09 | INFO | 📂 Topic ที่มีการใช้งาน: 5
2025-11-11 11:00:09 | INFO | 💾 ข้อความที่เก็บไว้: 0
2025-11-11 11:00:09 | INFO | ================================
2025-11-11 11:00:39 | INFO | 📊 ===== สถิติ MQTT Broker =====
2025-11-11 11:00:39 | INFO | 🕒 เวลาทำงาน: 0:02:30.039013
2025-11-11 11:00:39 | INFO | 🔗 การเชื่อมต่อทั้งหมด: 1
2025-11-11 11:00:39 | INFO | 🟢 การเชื่อมต่อปัจจุบัน: 1
2025-11-11 11:00:39 | INFO | 📨 ข้อความทั้งหมด: 7
2025-11-11 11:00:39 | INFO | 📥 subscription ทั้งหมด: 5
2025-11-11 11:00:39 | INFO | 📂 Topic ที่มีการใช้งาน: 5
2025-11-11 11:00:39 | INFO | 💾 ข้อความที่เก็บไว้: 0
2025-11-11 11:00:39 | INFO | ================================
2025-11-11 11:01:09 | INFO | 📊 ===== สถิติ MQTT Broker =====
2025-11-11 11:01:09 | INFO | 🕒 เวลาทำงาน: 0:03:00.040608
2025-11-11 11:01:09 | INFO | 🔗 การเชื่อมต่อทั้งหมด: 1
2025-11-11 11:01:09 | INFO | 🟢 การเชื่อมต่อปัจจุบัน: 1
2025-11-11 11:01:09 | INFO | 📨 ข้อความทั้งหมด: 8
2025-11-11 11:01:09 | INFO | 📥 subscription ทั้งหมด: 5
2025-11-11 11:01:09 | INFO | 📂 Topic ที่มีการใช้งาน: 5
2025-11-11 11:01:09 | INFO | 💾 ข้อความที่เก็บไว้: 0
2025-11-11 11:01:09 | INFO | ================================
2025-11-11 11:01:19 | INFO | 🔌 client_1_1762833554 ตัดการเชื่อมต่อแล้ว
2025-11-11 11:01:23 | INFO | ✅ Client ใหม่เชื่อมต่อ: client_1_1762833683 จาก ('127.0.0.1', 3659)
2025-11-11 11:01:23 | INFO | 📥 client_1_1762833683 subscribe topic: 'sensor/temperature'
2025-11-11 11:01:23 | INFO | 📥 client_1_1762833683 subscribe topic: 'sensor/humidity'
2025-11-11 11:01:23 | ERROR | ❌ ข้อมูลจาก client_1_1762833683 ไม่ใช่ JSON ที่ถูกต้อง: Extra data: line 2 column 1 (char 82)
2025-11-11 11:01:23 | INFO | 📥 client_1_1762833683 subscribe topic: 'test/message'
2025-11-11 11:01:39 | INFO | 📊 ===== สถิติ MQTT Broker =====
2025-11-11 11:01:39 | INFO | 🕒 เวลาทำงาน: 0:03:30.043143
2025-11-11 11:01:39 | INFO | 🔗 การเชื่อมต่อทั้งหมด: 2
2025-11-11 11:01:39 | INFO | 🟢 การเชื่อมต่อปัจจุบัน: 1
2025-11-11 11:01:39 | INFO | 📨 ข้อความทั้งหมด: 12
2025-11-11 11:01:39 | INFO | 📥 subscription ทั้งหมด: 8
2025-11-11 11:01:39 | INFO | 📂 Topic ที่มีการใช้งาน: 3
2025-11-11 11:01:39 | INFO | 💾 ข้อความที่เก็บไว้: 0
2025-11-11 11:01:39 | INFO | ================================
2025-11-11 11:01:40 | INFO | ✅ Client ใหม่เชื่อมต่อ: client_2_1762833700 จาก ('127.0.0.1', 57981)
2025-11-11 11:02:09 | INFO | 📊 ===== สถิติ MQTT Broker =====
2025-11-11 11:02:09 | INFO | 🕒 เวลาทำงาน: 0:04:00.045400
2025-11-11 11:02:09 | INFO | 🔗 การเชื่อมต่อทั้งหมด: 3
2025-11-11 11:02:09 | INFO | 🟢 การเชื่อมต่อปัจจุบัน: 2
2025-11-11 11:02:09 | INFO | 📨 ข้อความทั้งหมด: 13
2025-11-11 11:02:09 | INFO | 📥 subscription ทั้งหมด: 8
2025-11-11 11:02:09 | INFO | 📂 Topic ที่มีการใช้งาน: 3
2025-11-11 11:02:09 | INFO | 💾 ข้อความที่เก็บไว้: 0
2025-11-11 11:02:09 | INFO | ================================
2025-11-11 11:02:24 | INFO | 🔌 client_1_1762833683 ตัดการเชื่อมต่อแล้ว
2025-11-11 11:02:39 | INFO | 📊 ===== สถิติ MQTT Broker =====
2025-11-11 11:02:39 | INFO | 🕒 เวลาทำงาน: 0:04:30.047456
2025-11-11 11:02:39 | INFO | 🔗 การเชื่อมต่อทั้งหมด: 3
2025-11-11 11:02:39 | INFO | 🟢 การเชื่อมต่อปัจจุบัน: 1
2025-11-11 11:02:39 | INFO | 📨 ข้อความทั้งหมด: 14
2025-11-11 11:02:39 | INFO | 📥 subscription ทั้งหมด: 8
2025-11-11 11:02:39 | INFO | 📂 Topic ที่มีการใช้งาน: 0
2025-11-11 11:02:39 | INFO | 💾 ข้อความที่เก็บไว้: 0
2025-11-11 11:02:39 | INFO | ================================
2025-11-11 11:03:08 | INFO | ✅ Client ใหม่เชื่อมต่อ: client_2_1762833788 จาก ('127.0.0.1', 4604)
2025-11-11 11:03:08 | INFO | 📥 client_2_1762833788 subscribe topic: 'sensor/temperature'
2025-11-11 11:03:08 | INFO | 📥 client_2_1762833788 subscribe topic: 'sensor/humidity'
2025-11-11 11:03:08 | INFO | 📥 client_2_1762833788 subscribe topic: 'home/+/status'
2025-11-11 11:03:08 | INFO | 📥 client_2_1762833788 subscribe topic: 'device/+/data'
2025-11-11 11:03:08 | INFO | 📥 client_2_1762833788 subscribe topic: 'test/message'
2025-11-11 11:03:09 | INFO | 📊 ===== สถิติ MQTT Broker =====
2025-11-11 11:03:09 | INFO | 🕒 เวลาทำงาน: 0:05:00.050155
2025-11-11 11:03:09 | INFO | 🔗 การเชื่อมต่อทั้งหมด: 4
2025-11-11 11:03:09 | INFO | 🟢 การเชื่อมต่อปัจจุบัน: 2
2025-11-11 11:03:09 | INFO | 📨 ข้อความทั้งหมด: 19
2025-11-11 11:03:09 | INFO | 📥 subscription ทั้งหมด: 13
2025-11-11 11:03:09 | INFO | 📂 Topic ที่มีการใช้งาน: 5
2025-11-11 11:03:09 | INFO | 💾 ข้อความที่เก็บไว้: 0
2025-11-11 11:03:09 | INFO | ================================
2025-11-11 11:03:39 | INFO | 📊 ===== สถิติ MQTT Broker =====
2025-11-11 11:03:39 | INFO | 🕒 เวลาทำงาน: 0:05:30.053355
2025-11-11 11:03:39 | INFO | 🔗 การเชื่อมต่อทั้งหมด: 4
2025-11-11 11:03:39 | INFO | 🟢 การเชื่อมต่อปัจจุบัน: 2
2025-11-11 11:03:39 | INFO | 📨 ข้อความทั้งหมด: 20
2025-11-11 11:03:39 | INFO | 📥 subscription ทั้งหมด: 13
2025-11-11 11:03:39 | INFO | 📂 Topic ที่มีการใช้งาน: 5
2025-11-11 11:03:39 | INFO | 💾 ข้อความที่เก็บไว้: 0
2025-11-11 11:03:39 | INFO | ================================
2025-11-11 11:04:09 | INFO | 📊 ===== สถิติ MQTT Broker =====
2025-11-11 11:04:09 | INFO | 🕒 เวลาทำงาน: 0:06:00.055140
2025-11-11 11:04:09 | INFO | 🔗 การเชื่อมต่อทั้งหมด: 4
2025-11-11 11:04:09 | INFO | 🟢 การเชื่อมต่อปัจจุบัน: 2
2025-11-11 11:04:09 | INFO | 📨 ข้อความทั้งหมด: 21
2025-11-11 11:04:09 | INFO | 📥 subscription ทั้งหมด: 13
2025-11-11 11:04:09 | INFO | 📂 Topic ที่มีการใช้งาน: 5
2025-11-11 11:04:09 | INFO | 💾 ข้อความที่เก็บไว้: 0
2025-11-11 11:04:09 | INFO | ================================
2025-11-11 11:04:39 | INFO | 📊 ===== สถิติ MQTT Broker =====
2025-11-11 11:04:39 | INFO | 🕒 เวลาทำงาน: 0:06:30.057887
2025-11-11 11:04:39 | INFO | 🔗 การเชื่อมต่อทั้งหมด: 4
2025-11-11 11:04:39 | INFO | 🟢 การเชื่อมต่อปัจจุบัน: 2
2025-11-11 11:04:39 | INFO | 📨 ข้อความทั้งหมด: 22
2025-11-11 11:04:39 | INFO | 📥 subscription ทั้งหมด: 13
2025-11-11 11:04:39 | INFO | 📂 Topic ที่มีการใช้งาน: 5
2025-11-11 11:04:39 | INFO | 💾 ข้อความที่เก็บไว้: 0
2025-11-11 11:04:39 | INFO | ================================
2025-11-11 11:05:09 | INFO | 📊 ===== สถิติ MQTT Broker =====
2025-11-11 11:05:09 | INFO | 🕒 เวลาทำงาน: 0:07:00.059859
2025-11-11 11:05:09 | INFO | 🔗 การเชื่อมต่อทั้งหมด: 4
2025-11-11 11:05:09 | INFO | 🟢 การเชื่อมต่อปัจจุบัน: 2
2025-11-11 11:05:09 | INFO | 📨 ข้อความทั้งหมด: 23
2025-11-11 11:05:09 | INFO | 📥 subscription ทั้งหมด: 13
2025-11-11 11:05:09 | INFO | 📂 Topic ที่มีการใช้งาน: 5
2025-11-11 11:05:09 | INFO | 💾 ข้อความที่เก็บไว้: 0
2025-11-11 11:05:09 | INFO | ================================
2025-11-11 11:05:20 | INFO | 🚀 MQTT Broker เริ่มทำงานแล้ว!
2025-11-11 11:05:20 | INFO | 📍 รอรับการเชื่อมต่อที่ localhost:1883
2025-11-11 11:05:39 | INFO | 📊 ===== สถิติ MQTT Broker =====
2025-11-11 11:05:39 | INFO | 🕒 เวลาทำงาน: 0:07:30.061761
2025-11-11 11:05:39 | INFO | 🔗 การเชื่อมต่อทั้งหมด: 4
2025-11-11 11:05:39 | INFO | 🟢 การเชื่อมต่อปัจจุบัน: 2
2025-11-11 11:05:39 | INFO | 📨 ข้อความทั้งหมด: 24
2025-11-11 11:05:39 | INFO | 📥 subscription ทั้งหมด: 13
2025-11-11 11:05:39 | INFO | 📂 Topic ที่มีการใช้งาน: 5
2025-11-11 11:05:39 | INFO | 💾 ข้อความที่เก็บไว้: 0
2025-11-11 11:05:39 | INFO | ================================
2025-11-11 11:05:50 | INFO | 📊 ===== สถิติ MQTT Broker =====
2025-11-11 11:05:50 | INFO | 🕒 เวลาทำงาน: 0:00:30.001276
2025-11-11 11:05:50 | INFO | 🔗 การเชื่อมต่อทั้งหมด: 0
2025-11-11 11:05:50 | INFO | 🟢 การเชื่อมต่อปัจจุบัน: 0
2025-11-11 11:05:50 | INFO | 📨 ข้อความทั้งหมด: 0
2025-11-11 11:05:50 | INFO | 📥 subscription ทั้งหมด: 0
2025-11-11 11:05:50 | INFO | 📂 Topic ที่มีการใช้งาน: 0
2025-11-11 11:05:50 | INFO | 💾 ข้อความที่เก็บไว้: 0
2025-11-11 11:05:50 | INFO | ================================
2025-11-11 11:06:09 | INFO | 📊 ===== สถิติ MQTT Broker =====
2025-11-11 11:06:09 | INFO | 🕒 เวลาทำงาน: 0:08:00.063918
2025-11-11 11:06:09 | INFO | 🔗 การเชื่อมต่อทั้งหมด: 4
2025-11-11 11:06:09 | INFO | 🟢 การเชื่อมต่อปัจจุบัน: 2
2025-11-11 11:06:09 | INFO | 📨 ข้อความทั้งหมด: 25
2025-11-11 11:06:09 | INFO | 📥 subscription ทั้งหมด: 13
2025-11-11 11:06:09 | INFO | 📂 Topic ที่มีการใช้งาน: 5
2025-11-11 11:06:09 | INFO | 💾 ข้อความที่เก็บไว้: 0
2025-11-11 11:06:09 | INFO | ================================
2025-11-11 11:06:20 | INFO | 📊 ===== สถิติ MQTT Broker =====
2025-11-11 11:06:20 | INFO | 🕒 เวลาทำงาน: 0:01:00.002822
2025-11-11 11:06:20 | INFO | 🔗 การเชื่อมต่อทั้งหมด: 0
2025-11-11 11:06:20 | INFO | 🟢 การเชื่อมต่อปัจจุบัน: 0
2025-11-11 11:06:20 | INFO | 📨 ข้อความทั้งหมด: 0
2025-11-11 11:06:20 | INFO | 📥 subscription ทั้งหมด: 0
2025-11-11 11:06:20 | INFO | 📂 Topic ที่มีการใช้งาน: 0
2025-11-11 11:06:20 | INFO | 💾 ข้อความที่เก็บไว้: 0
2025-11-11 11:06:20 | INFO | ================================
2025-11-11 11:06:31 | INFO | 🔌 client_2_1762833700 ตัดการเชื่อมต่อแล้ว
2025-11-11 11:06:31 | INFO | ✅ Client ใหม่เชื่อมต่อ: client_2_1762833991 จาก ('127.0.0.1', 11073)
2025-11-11 11:06:39 | INFO | 📊 ===== สถิติ MQTT Broker =====
2025-11-11 11:06:39 | INFO | 🕒 เวลาทำงาน: 0:08:30.065831
2025-11-11 11:06:39 | INFO | 🔗 การเชื่อมต่อทั้งหมด: 5
2025-11-11 11:06:39 | INFO | 🟢 การเชื่อมต่อปัจจุบัน: 2
2025-11-11 11:06:39 | INFO | 📨 ข้อความทั้งหมด: 26
2025-11-11 11:06:39 | INFO | 📥 subscription ทั้งหมด: 13
2025-11-11 11:06:39 | INFO | 📂 Topic ที่มีการใช้งาน: 5
2025-11-11 11:06:39 | INFO | 💾 ข้อความที่เก็บไว้: 0
2025-11-11 11:06:39 | INFO | ================================
2025-11-11 11:06:50 | INFO | 📊 ===== สถิติ MQTT Broker =====
2025-11-11 11:06:50 | INFO | 🕒 เวลาทำงาน: 0:01:30.004719
2025-11-11 11:06:50 | INFO | 🔗 การเชื่อมต่อทั้งหมด: 0
2025-11-11 11:06:50 | INFO | 🟢 การเชื่อมต่อปัจจุบัน: 0
2025-11-11 11:06:50 | INFO | 📨 ข้อความทั้งหมด: 0
2025-11-11 11:06:50 | INFO | 📥 subscription ทั้งหมด: 0
2025-11-11 11:06:50 | INFO | 📂 Topic ที่มีการใช้งาน: 0
2025-11-11 11:06:50 | INFO | 💾 ข้อความที่เก็บไว้: 0
2025-11-11 11:06:50 | INFO | ================================
2025-11-11 11:06:59 | INFO | 🔌 client_2_1762833788 ตัดการเชื่อมต่อแล้ว
2025-11-11 11:07:09 | INFO | 📊 ===== สถิติ MQTT Broker =====
2025-11-11 11:07:09 | INFO | 🕒 เวลาทำงาน: 0:09:00.069716
2025-11-11 11:07:09 | INFO | 🔗 การเชื่อมต่อทั้งหมด: 5
2025-11-11 11:07:09 | INFO | 🟢 การเชื่อมต่อปัจจุบัน: 1
2025-11-11 11:07:09 | INFO | 📨 ข้อความทั้งหมด: 26
2025-11-11 11:07:09 | INFO | 📥 subscription ทั้งหมด: 13
2025-11-11 11:07:09 | INFO | 📂 Topic ที่มีการใช้งาน: 0
2025-11-11 11:07:09 | INFO | 💾 ข้อความที่เก็บไว้: 0
2025-11-11 11:07:09 | INFO | ================================
2025-11-11 11:07:20 | INFO | 📊 ===== สถิติ MQTT Broker =====
2025-11-11 11:07:20 | INFO | 🕒 เวลาทำงาน: 0:02:00.006753
2025-11-11 11:07:20 | INFO | 🔗 การเชื่อมต่อทั้งหมด: 0
2025-11-11 11:07:20 | INFO | 🟢 การเชื่อมต่อปัจจุบัน: 0
2025-11-11 11:07:20 | INFO | 📨 ข้อความทั้งหมด: 0
2025-11-11 11:07:20 | INFO | 📥 subscription ทั้งหมด: 0
2025-11-11 11:07:20 | INFO | 📂 Topic ที่มีการใช้งาน: 0
2025-11-11 11:07:20 | INFO | 💾 ข้อความที่เก็บไว้: 0
2025-11-11 11:07:20 | INFO | ================================
2025-11-11 11:07:39 | INFO | 📊 ===== สถิติ MQTT Broker =====
2025-11-11 11:07:39 | INFO | 🕒 เวลาทำงาน: 0:09:30.071657
2025-11-11 11:07:39 | INFO | 🔗 การเชื่อมต่อทั้งหมด: 5
2025-11-11 11:07:39 | INFO | 🟢 การเชื่อมต่อปัจจุบัน: 1
2025-11-11 11:07:39 | INFO | 📨 ข้อความทั้งหมด: 26
2025-11-11 11:07:39 | INFO | 📥 subscription ทั้งหมด: 13
2025-11-11 11:07:39 | INFO | 📂 Topic ที่มีการใช้งาน: 0
2025-11-11 11:07:39 | INFO | 💾 ข้อความที่เก็บไว้: 0
2025-11-11 11:07:39 | INFO | ================================
2025-11-11 11:07:50 | INFO | 📊 ===== สถิติ MQTT Broker =====
2025-11-11 11:07:50 | INFO | 🕒 เวลาทำงาน: 0:02:30.016869
2025-11-11 11:07:50 | INFO | 🔗 การเชื่อมต่อทั้งหมด: 0
2025-11-11 11:07:50 | INFO | 🟢 การเชื่อมต่อปัจจุบัน: 0
2025-11-11 11:07:50 | INFO | 📨 ข้อความทั้งหมด: 0
2025-11-11 11:07:50 | INFO | 📥 subscription ทั้งหมด: 0
2025-11-11 11:07:50 | INFO | 📂 Topic ที่มีการใช้งาน: 0
2025-11-11 11:07:50 | INFO | 💾 ข้อความที่เก็บไว้: 0
2025-11-11 11:07:50 | INFO | ================================
2025-11-11 11:08:09 | INFO | 📊 ===== สถิติ MQTT Broker =====
2025-11-11 11:08:09 | INFO | 🕒 เวลาทำงาน: 0:10:00.126608
2025-11-11 11:08:09 | INFO | 🔗 การเชื่อมต่อทั้งหมด: 5
2025-11-11 11:08:09 | INFO | 🟢 การเชื่อมต่อปัจจุบัน: 1
2025-11-11 11:08:09 | INFO | 📨 ข้อความทั้งหมด: 26
2025-11-11 11:08:09 | INFO | 📥 subscription ทั้งหมด: 13
2025-11-11 11:08:09 | INFO | 📂 Topic ที่มีการใช้งาน: 0
2025-11-11 11:08:09 | INFO | 💾 ข้อความที่เก็บไว้: 0
2025-11-11 11:08:09 | INFO | ================================
2025-11-11 11:08:20 | INFO | 📊 ===== สถิติ MQTT Broker =====
2025-11-11 11:08:20 | INFO | 🕒 เวลาทำงาน: 0:03:00.022199
2025-11-11 11:08:20 | INFO | 🔗 การเชื่อมต่อทั้งหมด: 0
2025-11-11 11:08:20 | INFO | 🟢 การเชื่อมต่อปัจจุบัน: 0
2025-11-11 11:08:20 | INFO | 📨 ข้อความทั้งหมด: 0
2025-11-11 11:08:20 | INFO | 📥 subscription ทั้งหมด: 0
2025-11-11 11:08:20 | INFO | 📂 Topic ที่มีการใช้งาน: 0
2025-11-11 11:08:20 | INFO | 💾 ข้อความที่เก็บไว้: 0
2025-11-11 11:08:20 | INFO | ================================
2025-11-11 11:08:34 | INFO | ✅ Client ใหม่เชื่อมต่อ: client_1_1762834114 จาก ('127.0.0.1', 61926)
2025-11-11 11:08:50 | INFO | 📊 ===== สถิติ MQTT Broker =====
2025-11-11 11:08:50 | INFO | 🕒 เวลาทำงาน: 0:03:30.024107
2025-11-11 11:08:50 | INFO | 🔗 การเชื่อมต่อทั้งหมด: 1
2025-11-11 11:08:50 | INFO | 🟢 การเชื่อมต่อปัจจุบัน: 1
2025-11-11 11:08:50 | INFO | 📨 ข้อความทั้งหมด: 0
2025-11-11 11:08:50 | INFO | 📥 subscription ทั้งหมด: 0
2025-11-11 11:08:50 | INFO | 📂 Topic ที่มีการใช้งาน: 0
2025-11-11 11:08:50 | INFO | 💾 ข้อความที่เก็บไว้: 0
2025-11-11 11:08:50 | INFO | ================================
2025-11-11 11:09:08 | INFO | ✅ Client ใหม่เชื่อมต่อ: client_2_1762834148 จาก ('127.0.0.1', 48035)
2025-11-11 11:09:08 | INFO | 📥 client_2_1762834148 subscribe topic: 'sensor/temperature'
2025-11-11 11:09:08 | INFO | 📥 client_2_1762834148 subscribe topic: 'sensor/humidity'
2025-11-11 11:09:08 | INFO | 📥 client_2_1762834148 subscribe topic: 'home/+/status'
2025-11-11 11:09:08 | INFO | 📥 client_2_1762834148 subscribe topic: 'device/+/data'
2025-11-11 11:09:08 | INFO | 📥 client_2_1762834148 subscribe topic: 'test/message'
2025-11-11 11:09:20 | INFO | 📊 ===== สถิติ MQTT Broker =====
2025-11-11 11:09:20 | INFO | 🕒 เวลาทำงาน: 0:04:00.027395
2025-11-11 11:09:20 | INFO | 🔗 การเชื่อมต่อทั้งหมด: 2
2025-11-11 11:09:20 | INFO | 🟢 การเชื่อมต่อปัจจุบัน: 2
2025-11-11 11:09:20 | INFO | 📨 ข้อความทั้งหมด: 5
2025-11-11 11:09:20 | INFO | 📥 subscription ทั้งหมด: 5
2025-11-11 11:09:20 | INFO | 📂 Topic ที่มีการใช้งาน: 5
2025-11-11 11:09:20 | INFO | 💾 ข้อความที่เก็บไว้: 0
2025-11-11 11:09:20 | INFO | ================================
2025-11-11 11:09:50 | INFO | 📊 ===== สถิติ MQTT Broker =====
2025-11-11 11:09:50 | INFO | 🕒 เวลาทำงาน: 0:04:30.031042
2025-11-11 11:09:50 | INFO | 🔗 การเชื่อมต่อทั้งหมด: 2
2025-11-11 11:09:50 | INFO | 🟢 การเชื่อมต่อปัจจุบัน: 2
2025-11-11 11:09:50 | INFO | 📨 ข้อความทั้งหมด: 6
2025-11-11 11:09:50 | INFO | 📥 subscription ทั้งหมด: 5
2025-11-11 11:09:50 | INFO | 📂 Topic ที่มีการใช้งาน: 5
2025-11-11 11:09:50 | INFO | 💾 ข้อความที่เก็บไว้: 0
2025-11-11 11:09:50 | INFO | ================================
2025-11-11 11:10:20 | INFO | 📊 ===== สถิติ MQTT Broker =====
2025-11-11 11:10:20 | INFO | 🕒 เวลาทำงาน: 0:05:00.034959
2025-11-11 11:10:20 | INFO | 🔗 การเชื่อมต่อทั้งหมด: 2
2025-11-11 11:10:20 | INFO | 🟢 การเชื่อมต่อปัจจุบัน: 2
2025-11-11 11:10:20 | INFO | 📨 ข้อความทั้งหมด: 7
2025-11-11 11:10:20 | INFO | 📥 subscription ทั้งหมด: 5
2025-11-11 11:10:20 | INFO | 📂 Topic ที่มีการใช้งาน: 5
2025-11-11 11:10:20 | INFO | 💾 ข้อความที่เก็บไว้: 0
2025-11-11 11:10:20 | INFO | ================================
2025-11-11 11:10:50 | INFO | 📊 ===== สถิติ MQTT Broker =====
2025-11-11 11:10:50 | INFO | 🕒 เวลาทำงาน: 0:05:30.074753
2025-11-11 11:10:50 | INFO | 🔗 การเชื่อมต่อทั้งหมด: 2
2025-11-11 11:10:50 | INFO | 🟢 การเชื่อมต่อปัจจุบัน: 2
2025-11-11 11:10:50 | INFO | 📨 ข้อความทั้งหมด: 8
2025-11-11 11:10:50 | INFO | 📥 subscription ทั้งหมด: 5
2025-11-11 11:10:50 | INFO | 📂 Topic ที่มีการใช้งาน: 5
2025-11-11 11:10:50 | INFO | 💾 ข้อความที่เก็บไว้: 0
2025-11-11 11:10:50 | INFO | ================================
2025-11-11 11:11:20 | INFO | 📊 ===== สถิติ MQTT Broker =====
2025-11-11 11:11:20 | INFO | 🕒 เวลาทำงาน: 0:06:00.076655
2025-11-11 11:11:20 | INFO | 🔗 การเชื่อมต่อทั้งหมด: 2
2025-11-11 11:11:20 | INFO | 🟢 การเชื่อมต่อปัจจุบัน: 2
2025-11-11 11:11:20 | INFO | 📨 ข้อความทั้งหมด: 9
2025-11-11 11:11:20 | INFO | 📥 subscription ทั้งหมด: 5
2025-11-11 11:11:20 | INFO | 📂 Topic ที่มีการใช้งาน: 5
2025-11-11 11:11:20 | INFO | 💾 ข้อความที่เก็บไว้: 0
2025-11-11 11:11:20 | INFO | ================================
2025-11-11 11:11:50 | INFO | 📊 ===== สถิติ MQTT Broker =====
2025-11-11 11:11:50 | INFO | 🕒 เวลาทำงาน: 0:06:30.078664
2025-11-11 11:11:50 | INFO | 🔗 การเชื่อมต่อทั้งหมด: 2
2025-11-11 11:11:50 | INFO | 🟢 การเชื่อมต่อปัจจุบัน: 2
2025-11-11 11:11:50 | INFO | 📨 ข้อความทั้งหมด: 10
2025-11-11 11:11:50 | INFO | 📥 subscription ทั้งหมด: 5
2025-11-11 11:11:50 | INFO | 📂 Topic ที่มีการใช้งาน: 5
2025-11-11 11:11:50 | INFO | 💾 ข้อความที่เก็บไว้: 0
2025-11-11 11:11:50 | INFO | ================================
2025-11-11 11:12:20 | INFO | 📊 ===== สถิติ MQTT Broker =====
2025-11-11 11:12:20 | INFO | 🕒 เวลาทำงาน: 0:07:00.081101
2025-11-11 11:12:20 | INFO | 🔗 การเชื่อมต่อทั้งหมด: 2
2025-11-11 11:12:20 | INFO | 🟢 การเชื่อมต่อปัจจุบัน: 2
2025-11-11 11:12:20 | INFO | 📨 ข้อความทั้งหมด: 11
2025-11-11 11:12:20 | INFO | 📥 subscription ทั้งหมด: 5
2025-11-11 11:12:20 | INFO | 📂 Topic ที่มีการใช้งาน: 5
2025-11-11 11:12:20 | INFO | 💾 ข้อความที่เก็บไว้: 0
2025-11-11 11:12:20 | INFO | ================================
2025-11-11 11:12:50 | INFO | 📊 ===== สถิติ MQTT Broker =====
2025-11-11 11:12:50 | INFO | 🕒 เวลาทำงาน: 0:07:30.088013
2025-11-11 11:12:50 | INFO | 🔗 การเชื่อมต่อทั้งหมด: 2
2025-11-11 11:12:50 | INFO | 🟢 การเชื่อมต่อปัจจุบัน: 2
2025-11-11 11:12:50 | INFO | 📨 ข้อความทั้งหมด: 12
2025-11-11 11:12:50 | INFO | 📥 subscription ทั้งหมด: 5
2025-11-11 11:12:50 | INFO | 📂 Topic ที่มีการใช้งาน: 5
2025-11-11 11:12:50 | INFO | 💾 ข้อความที่เก็บไว้: 0
2025-11-11 11:12:50 | INFO | ================================
2025-11-11 11:13:20 | INFO | 📊 ===== สถิติ MQTT Broker =====
2025-11-11 11:13:20 | INFO | 🕒 เวลาทำงาน: 0:08:00.091887
2025-11-11 11:13:20 | INFO | 🔗 การเชื่อมต่อทั้งหมด: 2
2025-11-11 11:13:20 | INFO | 🟢 การเชื่อมต่อปัจจุบัน: 2
2025-11-11 11:13:20 | INFO | 📨 ข้อความทั้งหมด: 13
2025-11-11 11:13:20 | INFO | 📥 subscription ทั้งหมด: 5
2025-11-11 11:13:20 | INFO | 📂 Topic ที่มีการใช้งาน: 5
2025-11-11 11:13:20 | INFO | 💾 ข้อความที่เก็บไว้: 0
2025-11-11 11:13:20 | INFO | ================================
2025-11-11 11:13:50 | INFO | 📊 ===== สถิติ MQTT Broker =====
2025-11-11 11:13:50 | INFO | 🕒 เวลาทำงาน: 0:08:30.093472
2025-11-11 11:13:50 | INFO | 🔗 การเชื่อมต่อทั้งหมด: 2
2025-11-11 11:13:50 | INFO | 🟢 การเชื่อมต่อปัจจุบัน: 2
2025-11-11 11:13:50 | INFO | 📨 ข้อความทั้งหมด: 14
2025-11-11 11:13:50 | INFO | 📥 subscription ทั้งหมด: 5
2025-11-11 11:13:50 | INFO | 📂 Topic ที่มีการใช้งาน: 5
2025-11-11 11:13:50 | INFO | 💾 ข้อความที่เก็บไว้: 0
2025-11-11 11:13:50 | INFO | ================================
2025-11-11 11:14:20 | INFO | 📊 ===== สถิติ MQTT Broker =====
2025-11-11 11:14:20 | INFO | 🕒 เวลาทำงาน: 0:09:00.095230
2025-11-11 11:14:20 | INFO | 🔗 การเชื่อมต่อทั้งหมด: 2
2025-11-11 11:14:20 | INFO | 🟢 การเชื่อมต่อปัจจุบัน: 2
2025-11-11 11:14:20 | INFO | 📨 ข้อความทั้งหมด: 15
2025-11-11 11:14:20 | INFO | 📥 subscription ทั้งหมด: 5
2025-11-11 11:14:20 | INFO | 📂 Topic ที่มีการใช้งาน: 5
2025-11-11 11:14:20 | INFO | 💾 ข้อความที่เก็บไว้: 0
2025-11-11 11:14:20 | INFO | ================================
2025-11-11 11:14:50 | INFO | 📊 ===== สถิติ MQTT Broker =====
2025-11-11 11:14:50 | INFO | 🕒 เวลาทำงาน: 0:09:30.097183
2025-11-11 11:14:50 | INFO | 🔗 การเชื่อมต่อทั้งหมด: 2
2025-11-11 11:14:50 | INFO | 🟢 การเชื่อมต่อปัจจุบัน: 2
2025-11-11 11:14:50 | INFO | 📨 ข้อความทั้งหมด: 16
2025-11-11 11:14:50 | INFO | 📥 subscription ทั้งหมด: 5
2025-11-11 11:14:50 | INFO | 📂 Topic ที่มีการใช้งาน: 5
2025-11-11 11:14:50 | INFO | 💾 ข้อความที่เก็บไว้: 0
2025-11-11 11:14:50 | INFO | ================================
2025-11-11 11:15:20 | INFO | 📊 ===== สถิติ MQTT Broker =====
2025-11-11 11:15:20 | INFO | 🕒 เวลาทำงาน: 0:10:00.098686
2025-11-11 11:15:20 | INFO | 🔗 การเชื่อมต่อทั้งหมด: 2
2025-11-11 11:15:20 | INFO | 🟢 การเชื่อมต่อปัจจุบัน: 2
2025-11-11 11:15:20 | INFO | 📨 ข้อความทั้งหมด: 17
2025-11-11 11:15:20 | INFO | 📥 subscription ทั้งหมด: 5
2025-11-11 11:15:20 | INFO | 📂 Topic ที่มีการใช้งาน: 5
2025-11-11 11:15:20 | INFO | 💾 ข้อความที่เก็บไว้: 0
2025-11-11 11:15:20 | INFO | ================================
2025-11-11 11:15:50 | INFO | 📊 ===== สถิติ MQTT Broker =====
2025-11-11 11:15:50 | INFO | 🕒 เวลาทำงาน: 0:10:30.100490
2025-11-11 11:15:50 | INFO | 🔗 การเชื่อมต่อทั้งหมด: 2
2025-11-11 11:15:50 | INFO | 🟢 การเชื่อมต่อปัจจุบัน: 2
2025-11-11 11:15:50 | INFO | 📨 ข้อความทั้งหมด: 18
2025-11-11 11:15:50 | INFO | 📥 subscription ทั้งหมด: 5
2025-11-11 11:15:50 | INFO | 📂 Topic ที่มีการใช้งาน: 5
2025-11-11 11:15:50 | INFO | 💾 ข้อความที่เก็บไว้: 0
2025-11-11 11:15:50 | INFO | ================================
2025-11-11 11:16:20 | INFO | 📊 ===== สถิติ MQTT Broker =====
2025-11-11 11:16:20 | INFO | 🕒 เวลาทำงาน: 0:11:00.102787
2025-11-11 11:16:20 | INFO | 🔗 การเชื่อมต่อทั้งหมด: 2
2025-11-11 11:16:20 | INFO | 🟢 การเชื่อมต่อปัจจุบัน: 2
2025-11-11 11:16:20 | INFO | 📨 ข้อความทั้งหมด: 19
2025-11-11 11:16:20 | INFO | 📥 subscription ทั้งหมด: 5
2025-11-11 11:16:20 | INFO | 📂 Topic ที่มีการใช้งาน: 5
2025-11-11 11:16:20 | INFO | 💾 ข้อความที่เก็บไว้: 0
2025-11-11 11:16:20 | INFO | ================================
2025-11-11 11:16:43 | INFO | ✅ Client ใหม่เชื่อมต่อ: client_3_1762834603 จาก ('127.0.0.1', 21463)
2025-11-11 11:16:43 | INFO | 📥 client_3_1762834603 subscribe topic: 'sensor/temperature'
2025-11-11 11:16:43 | INFO | 📥 client_3_1762834603 subscribe topic: 'sensor/humidity'
2025-11-11 11:16:43 | INFO | 📥 client_3_1762834603 subscribe topic: 'home/+/status'
2025-11-11 11:16:43 | INFO | 📥 client_3_1762834603 subscribe topic: 'device/+/data'
2025-11-11 11:16:43 | INFO | 📥 client_3_1762834603 subscribe topic: 'test/message'
2025-11-11 11:16:50 | INFO | 📊 ===== สถิติ MQTT Broker =====
2025-11-11 11:16:50 | INFO | 🕒 เวลาทำงาน: 0:11:30.105061
2025-11-11 11:16:50 | INFO | 🔗 การเชื่อมต่อทั้งหมด: 3
2025-11-11 11:16:50 | INFO | 🟢 การเชื่อมต่อปัจจุบัน: 3
2025-11-11 11:16:50 | INFO | 📨 ข้อความทั้งหมด: 25
2025-11-11 11:16:50 | INFO | 📥 subscription ทั้งหมด: 10
2025-11-11 11:16:50 | INFO | 📂 Topic ที่มีการใช้งาน: 5
2025-11-11 11:16:50 | INFO | 💾 ข้อความที่เก็บไว้: 0
2025-11-11 11:16:50 | INFO | ================================
2025-11-11 11:17:20 | INFO | 📊 ===== สถิติ MQTT Broker =====
2025-11-11 11:17:20 | INFO | 🕒 เวลาทำงาน: 0:12:00.111525
2025-11-11 11:17:20 | INFO | 🔗 การเชื่อมต่อทั้งหมด: 3
2025-11-11 11:17:20 | INFO | 🟢 การเชื่อมต่อปัจจุบัน: 3
2025-11-11 11:17:20 | INFO | 📨 ข้อความทั้งหมด: 27
2025-11-11 11:17:20 | INFO | 📥 subscription ทั้งหมด: 10
2025-11-11 11:17:20 | INFO | 📂 Topic ที่มีการใช้งาน: 5
2025-11-11 11:17:20 | INFO | 💾 ข้อความที่เก็บไว้: 0
2025-11-11 11:17:20 | INFO | ================================
2025-11-11 11:17:50 | INFO | 📊 ===== สถิติ MQTT Broker =====
2025-11-11 11:17:50 | INFO | 🕒 เวลาทำงาน: 0:12:30.159245
2025-11-11 11:17:50 | INFO | 🔗 การเชื่อมต่อทั้งหมด: 3
2025-11-11 11:17:50 | INFO | 🟢 การเชื่อมต่อปัจจุบัน: 3
2025-11-11 11:17:50 | INFO | 📨 ข้อความทั้งหมด: 29
2025-11-11 11:17:50 | INFO | 📥 subscription ทั้งหมด: 10
2025-11-11 11:17:50 | INFO | 📂 Topic ที่มีการใช้งาน: 5
2025-11-11 11:17:50 | INFO | 💾 ข้อความที่เก็บไว้: 0
2025-11-11 11:17:50 | INFO | ================================
2025-11-11 11:18:20 | INFO | 📊 ===== สถิติ MQTT Broker =====
2025-11-11 11:18:20 | INFO | 🕒 เวลาทำงาน: 0:13:00.162241
2025-11-11 11:18:20 | INFO | 🔗 การเชื่อมต่อทั้งหมด: 3
2025-11-11 11:18:20 | INFO | 🟢 การเชื่อมต่อปัจจุบัน: 3
2025-11-11 11:18:20 | INFO | 📨 ข้อความทั้งหมด: 31
2025-11-11 11:18:20 | INFO | 📥 subscription ทั้งหมด: 10
2025-11-11 11:18:20 | INFO | 📂 Topic ที่มีการใช้งาน: 5
2025-11-11 11:18:20 | INFO | 💾 ข้อความที่เก็บไว้: 0
2025-11-11 11:18:20 | INFO | ================================
2025-11-11 11:18:50 | INFO | 📊 ===== สถิติ MQTT Broker =====
2025-11-11 11:18:50 | INFO | 🕒 เวลาทำงาน: 0:13:30.165340
2025-11-11 11:18:50 | INFO | 🔗 การเชื่อมต่อทั้งหมด: 3
2025-11-11 11:18:50 | INFO | 🟢 การเชื่อมต่อปัจจุบัน: 3
2025-11-11 11:18:50 | INFO | 📨 ข้อความทั้งหมด: 33
2025-11-11 11:18:50 | INFO | 📥 subscription ทั้งหมด: 10
2025-11-11 11:18:50 | INFO | 📂 Topic ที่มีการใช้งาน: 5
2025-11-11 11:18:50 | INFO | 💾 ข้อความที่เก็บไว้: 0
2025-11-11 11:18:50 | INFO | ================================
2025-11-11 11:19:20 | INFO | 📊 ===== สถิติ MQTT Broker =====
2025-11-11 11:19:20 | INFO | 🕒 เวลาทำงาน: 0:14:00.167414
2025-11-11 11:19:20 | INFO | 🔗 การเชื่อมต่อทั้งหมด: 3
2025-11-11 11:19:20 | INFO | 🟢 การเชื่อมต่อปัจจุบัน: 3
2025-11-11 11:19:20 | INFO | 📨 ข้อความทั้งหมด: 35
2025-11-11 11:19:20 | INFO | 📥 subscription ทั้งหมด: 10
2025-11-11 11:19:20 | INFO | 📂 Topic ที่มีการใช้งาน: 5
2025-11-11 11:19:20 | INFO | 💾 ข้อความที่เก็บไว้: 0
2025-11-11 11:19:20 | INFO | ================================
2025-11-11 11:19:50 | INFO | 📊 ===== สถิติ MQTT Broker =====
2025-11-11 11:19:50 | INFO | 🕒 เวลาทำงาน: 0:14:30.170066
2025-11-11 11:19:50 | INFO | 🔗 การเชื่อมต่อทั้งหมด: 3
2025-11-11 11:19:50 | INFO | 🟢 การเชื่อมต่อปัจจุบัน: 3
2025-11-11 11:19:50 | INFO | 📨 ข้อความทั้งหมด: 37
2025-11-11 11:19:50 | INFO | 📥 subscription ทั้งหมด: 10
2025-11-11 11:19:50 | INFO | 📂 Topic ที่มีการใช้งาน: 5
2025-11-11 11:19:50 | INFO | 💾 ข้อความที่เก็บไว้: 0
2025-11-11 11:19:50 | INFO | ================================
2025-11-11 11:20:20 | INFO | 📊 ===== สถิติ MQTT Broker =====
2025-11-11 11:20:20 | INFO | 🕒 เวลาทำงาน: 0:15:00.172284
2025-11-11 11:20:20 | INFO | 🔗 การเชื่อมต่อทั้งหมด: 3
2025-11-11 11:20:20 | INFO | 🟢 การเชื่อมต่อปัจจุบัน: 3
2025-11-11 11:20:20 | INFO | 📨 ข้อความทั้งหมด: 39
2025-11-11 11:20:20 | INFO | 📥 subscription ทั้งหมด: 10
2025-11-11 11:20:20 | INFO | 📂 Topic ที่มีการใช้งาน: 5
2025-11-11 11:20:20 | INFO | 💾 ข้อความที่เก็บไว้: 0
2025-11-11 11:20:20 | INFO | ================================
2025-11-11 11:20:50 | INFO | 📊 ===== สถิติ MQTT Broker =====
2025-11-11 11:20:50 | INFO | 🕒 เวลาทำงาน: 0:15:30.174406
2025-11-11 11:20:50 | INFO | 🔗 การเชื่อมต่อทั้งหมด: 3
2025-11-11 11:20:50 | INFO | 🟢 การเชื่อมต่อปัจจุบัน: 3
2025-11-11 11:20:50 | INFO | 📨 ข้อความทั้งหมด: 41
2025-11-11 11:20:50 | INFO | 📥 subscription ทั้งหมด: 10
2025-11-11 11:20:50 | INFO | 📂 Topic ที่มีการใช้งาน: 5
2025-11-11 11:20:50 | INFO | 💾 ข้อความที่เก็บไว้: 0
2025-11-11 11:20:50 | INFO | ================================
2025-11-11 11:21:20 | INFO | 📊 ===== สถิติ MQTT Broker =====
2025-11-11 11:21:20 | INFO | 🕒 เวลาทำงาน: 0:16:00.179590
2025-11-11 11:21:20 | INFO | 🔗 การเชื่อมต่อทั้งหมด: 3
2025-11-11 11:21:20 | INFO | 🟢 การเชื่อมต่อปัจจุบัน: 3
2025-11-11 11:21:20 | INFO | 📨 ข้อความทั้งหมด: 43
2025-11-11 11:21:20 | INFO | 📥 subscription ทั้งหมด: 10
2025-11-11 11:21:20 | INFO | 📂 Topic ที่มีการใช้งาน: 5
2025-11-11 11:21:20 | INFO | 💾 ข้อความที่เก็บไว้: 0
2025-11-11 11:21:20 | INFO | ================================
2025-11-11 11:21:50 | INFO | 📊 ===== สถิติ MQTT Broker =====
2025-11-11 11:21:50 | INFO | 🕒 เวลาทำงาน: 0:16:30.193350
2025-11-11 11:21:50 | INFO | 🔗 การเชื่อมต่อทั้งหมด: 3
2025-11-11 11:21:50 | INFO | 🟢 การเชื่อมต่อปัจจุบัน: 3
2025-11-11 11:21:50 | INFO | 📨 ข้อความทั้งหมด: 45
2025-11-11 11:21:50 | INFO | 📥 subscription ทั้งหมด: 10
2025-11-11 11:21:50 | INFO | 📂 Topic ที่มีการใช้งาน: 5
2025-11-11 11:21:50 | INFO | 💾 ข้อความที่เก็บไว้: 0
2025-11-11 11:21:50 | INFO | ================================
2025-11-11 11:22:00 | INFO | 🔌 client_1_1762834114 ตัดการเชื่อมต่อแล้ว
2025-11-11 11:22:00 | INFO | ✅ Client ใหม่เชื่อมต่อ: client_3_1762834920 จาก ('127.0.0.1', 52499)
2025-11-11 11:22:20 | INFO | 📊 ===== สถิติ MQTT Broker =====
2025-11-11 11:22:20 | INFO | 🕒 เวลาทำงาน: 0:17:00.195700
2025-11-11 11:22:20 | INFO | 🔗 การเชื่อมต่อทั้งหมด: 4
2025-11-11 11:22:20 | INFO | 🟢 การเชื่อมต่อปัจจุบัน: 3
2025-11-11 11:22:20 | INFO | 📨 ข้อความทั้งหมด: 47
2025-11-11 11:22:20 | INFO | 📥 subscription ทั้งหมด: 10
2025-11-11 11:22:20 | INFO | 📂 Topic ที่มีการใช้งาน: 5
2025-11-11 11:22:20 | INFO | 💾 ข้อความที่เก็บไว้: 0
2025-11-11 11:22:20 | INFO | ================================
2025-11-11 11:22:50 | INFO | 📊 ===== สถิติ MQTT Broker =====
2025-11-11 11:22:50 | INFO | 🕒 เวลาทำงาน: 0:17:30.197535
2025-11-11 11:22:50 | INFO | 🔗 การเชื่อมต่อทั้งหมด: 4
2025-11-11 11:22:50 | INFO | 🟢 การเชื่อมต่อปัจจุบัน: 3
2025-11-11 11:22:50 | INFO | 📨 ข้อความทั้งหมด: 49
2025-11-11 11:22:50 | INFO | 📥 subscription ทั้งหมด: 10
2025-11-11 11:22:50 | INFO | 📂 Topic ที่มีการใช้งาน: 5
2025-11-11 11:22:50 | INFO | 💾 ข้อความที่เก็บไว้: 0
2025-11-11 11:22:50 | INFO | ================================
2025-11-11 11:23:20 | INFO | 📊 ===== สถิติ MQTT Broker =====
2025-11-11 11:23:20 | INFO | 🕒 เวลาทำงาน: 0:18:00.199189
2025-11-11 11:23:20 | INFO | 🔗 การเชื่อมต่อทั้งหมด: 4
2025-11-11 11:23:20 | INFO | 🟢 การเชื่อมต่อปัจจุบัน: 3
2025-11-11 11:23:20 | INFO | 📨 ข้อความทั้งหมด: 51
2025-11-11 11:23:20 | INFO | 📥 subscription ทั้งหมด: 10
2025-11-11 11:23:20 | INFO | 📂 Topic ที่มีการใช้งาน: 5
2025-11-11 11:23:20 | INFO | 💾 ข้อความที่เก็บไว้: 0
2025-11-11 11:23:20 | INFO | ================================
2025-11-11 11:23:50 | INFO | 📊 ===== สถิติ MQTT Broker =====
2025-11-11 11:23:50 | INFO | 🕒 เวลาทำงาน: 0:18:30.200632
2025-11-11 11:23:50 | INFO | 🔗 การเชื่อมต่อทั้งหมด: 4
2025-11-11 11:23:50 | INFO | 🟢 การเชื่อมต่อปัจจุบัน: 3
2025-11-11 11:23:50 | INFO | 📨 ข้อความทั้งหมด: 53
2025-11-11 11:23:50 | INFO | 📥 subscription ทั้งหมด: 10
2025-11-11 11:23:50 | INFO | 📂 Topic ที่มีการใช้งาน: 5
2025-11-11 11:23:50 | INFO | 💾 ข้อความที่เก็บไว้: 0
2025-11-11 11:23:50 | INFO | ================================
2025-11-11 11:24:20 | INFO | 📊 ===== สถิติ MQTT Broker =====
2025-11-11 11:24:20 | INFO | 🕒 เวลาทำงาน: 0:19:00.202504
2025-11-11 11:24:20 | INFO | 🔗 การเชื่อมต่อทั้งหมด: 4
2025-11-11 11:24:20 | INFO | 🟢 การเชื่อมต่อปัจจุบัน: 3
2025-11-11 11:24:20 | INFO | 📨 ข้อความทั้งหมด: 55
2025-11-11 11:24:20 | INFO | 📥 subscription ทั้งหมด: 10
2025-11-11 11:24:20 | INFO | 📂 Topic ที่มีการใช้งาน: 5
2025-11-11 11:24:20 | INFO | 💾 ข้อความที่เก็บไว้: 0
2025-11-11 11:24:20 | INFO | ================================
2025-11-11 11:24:50 | INFO | 📊 ===== สถิติ MQTT Broker =====
2025-11-11 11:24:50 | INFO | 🕒 เวลาทำงาน: 0:19:30.204528
2025-11-11 11:24:50 | INFO | 🔗 การเชื่อมต่อทั้งหมด: 4
2025-11-11 11:24:50 | INFO | 🟢 การเชื่อมต่อปัจจุบัน: 3
2025-11-11 11:24:50 | INFO | 📨 ข้อความทั้งหมด: 57
2025-11-11 11:24:50 | INFO | 📥 subscription ทั้งหมด: 10
2025-11-11 11:24:50 | INFO | 📂 Topic ที่มีการใช้งาน: 5
2025-11-11 11:24:50 | INFO | 💾 ข้อความที่เก็บไว้: 0
2025-11-11 11:24:50 | INFO | ================================
2025-11-11 11:25:20 | INFO | 📊 ===== สถิติ MQTT Broker =====
2025-11-11 11:25:20 | INFO | 🕒 เวลาทำงาน: 0:20:00.206394
2025-11-11 11:25:20 | INFO | 🔗 การเชื่อมต่อทั้งหมด: 4
2025-11-11 11:25:20 | INFO | 🟢 การเชื่อมต่อปัจจุบัน: 3
2025-11-11 11:25:20 | INFO | 📨 ข้อความทั้งหมด: 59
2025-11-11 11:25:20 | INFO | 📥 subscription ทั้งหมด: 10
2025-11-11 11:25:20 | INFO | 📂 Topic ที่มีการใช้งาน: 5
2025-11-11 11:25:20 | INFO | 💾 ข้อความที่เก็บไว้: 0
2025-11-11 11:25:20 | INFO | ================================
2025-11-11 11:25:50 | INFO | 📊 ===== สถิติ MQTT Broker =====
2025-11-11 11:25:50 | INFO | 🕒 เวลาทำงาน: 0:20:30.207962
2025-11-11 11:25:50 | INFO | 🔗 การเชื่อมต่อทั้งหมด: 4
2025-11-11 11:25:50 | INFO | 🟢 การเชื่อมต่อปัจจุบัน: 3
2025-11-11 11:25:50 | INFO | 📨 ข้อความทั้งหมด: 61
2025-11-11 11:25:50 | INFO | 📥 subscription ทั้งหมด: 10
2025-11-11 11:25:50 | INFO | 📂 Topic ที่มีการใช้งาน: 5
2025-11-11 11:25:50 | INFO | 💾 ข้อความที่เก็บไว้: 0
2025-11-11 11:25:50 | INFO | ================================
2025-11-11 11:26:20 | INFO | 📊 ===== สถิติ MQTT Broker =====
2025-11-11 11:26:20 | INFO | 🕒 เวลาทำงาน: 0:21:00.209866
2025-11-11 11:26:20 | INFO | 🔗 การเชื่อมต่อทั้งหมด: 4
2025-11-11 11:26:20 | INFO | 🟢 การเชื่อมต่อปัจจุบัน: 3
2025-11-11 11:26:20 | INFO | 📨 ข้อความทั้งหมด: 63
2025-11-11 11:26:20 | INFO | 📥 subscription ทั้งหมด: 10
2025-11-11 11:26:20 | INFO | 📂 Topic ที่มีการใช้งาน: 5
2025-11-11 11:26:20 | INFO | 💾 ข้อความที่เก็บไว้: 0
2025-11-11 11:26:20 | INFO | ================================
2025-11-11 11:26:50 | INFO | 📊 ===== สถิติ MQTT Broker =====
2025-11-11 11:26:50 | INFO | 🕒 เวลาทำงาน: 0:21:30.211774
2025-11-11 11:26:50 | INFO | 🔗 การเชื่อมต่อทั้งหมด: 4
2025-11-11 11:26:50 | INFO | 🟢 การเชื่อมต่อปัจจุบัน: 3
2025-11-11 11:26:50 | INFO | 📨 ข้อความทั้งหมด: 65
2025-11-11 11:26:50 | INFO | 📥 subscription ทั้งหมด: 10
2025-11-11 11:26:50 | INFO | 📂 Topic ที่มีการใช้งาน: 5
2025-11-11 11:26:50 | INFO | 💾 ข้อความที่เก็บไว้: 0
2025-11-11 11:26:50 | INFO | ================================
2025-11-11 11:27:20 | INFO | 📊 ===== สถิติ MQTT Broker =====
2025-11-11 11:27:20 | INFO | 🕒 เวลาทำงาน: 0:22:00.222399
2025-11-11 11:27:20 | INFO | 🔗 การเชื่อมต่อทั้งหมด: 4
2025-11-11 11:27:20 | INFO | 🟢 การเชื่อมต่อปัจจุบัน: 3
2025-11-11 11:27:20 | INFO | 📨 ข้อความทั้งหมด: 67
2025-11-11 11:27:20 | INFO | 📥 subscription ทั้งหมด: 10
2025-11-11 11:27:20 | INFO | 📂 Topic ที่มีการใช้งาน: 5
2025-11-11 11:27:20 | INFO | 💾 ข้อความที่เก็บไว้: 0
2025-11-11 11:27:20 | INFO | ================================
2025-11-11 11:27:50 | INFO | 📊 ===== สถิติ MQTT Broker =====
2025-11-11 11:27:50 | INFO | 🕒 เวลาทำงาน: 0:22:30.224977
2025-11-11 11:27:50 | INFO | 🔗 การเชื่อมต่อทั้งหมด: 4
2025-11-11 11:27:50 | INFO | 🟢 การเชื่อมต่อปัจจุบัน: 3
2025-11-11 11:27:50 | INFO | 📨 ข้อความทั้งหมด: 69
2025-11-11 11:27:50 | INFO | 📥 subscription ทั้งหมด: 10
2025-11-11 11:27:50 | INFO | 📂 Topic ที่มีการใช้งาน: 5
2025-11-11 11:27:50 | INFO | 💾 ข้อความที่เก็บไว้: 0
2025-11-11 11:27:50 | INFO | ================================
2025-11-11 11:28:20 | INFO | 📊 ===== สถิติ MQTT Broker =====
2025-11-11 11:28:20 | INFO | 🕒 เวลาทำงาน: 0:23:00.226754
2025-11-11 11:28:20 | INFO | 🔗 การเชื่อมต่อทั้งหมด: 4
2025-11-11 11:28:20 | INFO | 🟢 การเชื่อมต่อปัจจุบัน: 3
2025-11-11 11:28:20 | INFO | 📨 ข้อความทั้งหมด: 71
2025-11-11 11:28:20 | INFO | 📥 subscription ทั้งหมด: 10
2025-11-11 11:28:20 | INFO | 📂 Topic ที่มีการใช้งาน: 5
2025-11-11 11:28:20 | INFO | 💾 ข้อความที่เก็บไว้: 0
2025-11-11 11:28:20 | INFO | ================================
2025-11-11 11:28:50 | INFO | 📊 ===== สถิติ MQTT Broker =====
2025-11-11 11:28:50 | INFO | 🕒 เวลาทำงาน: 0:23:30.228862
2025-11-11 11:28:50 | INFO | 🔗 การเชื่อมต่อทั้งหมด: 4
2025-11-11 11:28:50 | INFO | 🟢 การเชื่อมต่อปัจจุบัน: 3
2025-11-11 11:28:50 | INFO | 📨 ข้อความทั้งหมด: 73
2025-11-11 11:28:50 | INFO | 📥 subscription ทั้งหมด: 10
2025-11-11 11:28:50 | INFO | 📂 Topic ที่มีการใช้งาน: 5
2025-11-11 11:28:50 | INFO | 💾 ข้อความที่เก็บไว้: 0
2025-11-11 11:28:50 | INFO | ================================
2025-11-11 11:29:20 | INFO | 📊 ===== สถิติ MQTT Broker =====
2025-11-11 11:29:20 | INFO | 🕒 เวลาทำงาน: 0:24:00.231117
2025-11-11 11:29:20 | INFO | 🔗 การเชื่อมต่อทั้งหมด: 4
2025-11-11 11:29:20 | INFO | 🟢 การเชื่อมต่อปัจจุบัน: 3
2025-11-11 11:29:20 | INFO | 📨 ข้อความทั้งหมด: 75
2025-11-11 11:29:20 | INFO | 📥 subscription ทั้งหมด: 10
2025-11-11 11:29:20 | INFO | 📂 Topic ที่มีการใช้งาน: 5
2025-11-11 11:29:20 | INFO | 💾 ข้อความที่เก็บไว้: 0
2025-11-11 11:29:20 | INFO | ================================
2025-11-11 11:29:50 | INFO | 📊 ===== สถิติ MQTT Broker =====
2025-11-11 11:29:50 | INFO | 🕒 เวลาทำงาน: 0:24:30.233669
2025-11-11 11:29:50 | INFO | 🔗 การเชื่อมต่อทั้งหมด: 4
2025-11-11 11:29:50 | INFO | 🟢 การเชื่อมต่อปัจจุบัน: 3
2025-11-11 11:29:50 | INFO | 📨 ข้อความทั้งหมด: 77
2025-11-11 11:29:50 | INFO | 📥 subscription ทั้งหมด: 10
2025-11-11 11:29:50 | INFO | 📂 Topic ที่มีการใช้งาน: 5
2025-11-11 11:29:50 | INFO | 💾 ข้อความที่เก็บไว้: 0
2025-11-11 11:29:50 | INFO | ================================
2025-11-11 11:30:20 | INFO | 📊 ===== สถิติ MQTT Broker =====
2025-11-11 11:30:20 | INFO | 🕒 เวลาทำงาน: 0:25:00.235281
2025-11-11 11:30:20 | INFO | 🔗 การเชื่อมต่อทั้งหมด: 4
2025-11-11 11:30:20 | INFO | 🟢 การเชื่อมต่อปัจจุบัน: 3
2025-11-11 11:30:20 | INFO | 📨 ข้อความทั้งหมด: 79
2025-11-11 11:30:20 | INFO | 📥 subscription ทั้งหมด: 10
2025-11-11 11:30:20 | INFO | 📂 Topic ที่มีการใช้งาน: 5
2025-11-11 11:30:20 | INFO | 💾 ข้อความที่เก็บไว้: 0
2025-11-11 11:30:20 | INFO | ================================
2025-11-11 11:30:50 | INFO | 📊 ===== สถิติ MQTT Broker =====
2025-11-11 11:30:50 | INFO | 🕒 เวลาทำงาน: 0:25:30.237359
2025-11-11 11:30:50 | INFO | 🔗 การเชื่อมต่อทั้งหมด: 4
2025-11-11 11:30:50 | INFO | 🟢 การเชื่อมต่อปัจจุบัน: 3
2025-11-11 11:30:50 | INFO | 📨 ข้อความทั้งหมด: 81
2025-11-11 11:30:50 | INFO | 📥 subscription ทั้งหมด: 10
2025-11-11 11:30:50 | INFO | 📂 Topic ที่มีการใช้งาน: 5
2025-11-11 11:30:50 | INFO | 💾 ข้อความที่เก็บไว้: 0
2025-11-11 11:30:50 | INFO | ================================
2025-11-11 11:31:20 | INFO | 📊 ===== สถิติ MQTT Broker =====
2025-11-11 11:31:20 | INFO | 🕒 เวลาทำงาน: 0:26:00.238878
2025-11-11 11:31:20 | INFO | 🔗 การเชื่อมต่อทั้งหมด: 4
2025-11-11 11:31:20 | INFO | 🟢 การเชื่อมต่อปัจจุบัน: 3
2025-11-11 11:31:20 | INFO | 📨 ข้อความทั้งหมด: 83
2025-11-11 11:31:20 | INFO | 📥 subscription ทั้งหมด: 10
2025-11-11 11:31:20 | INFO | 📂 Topic ที่มีการใช้งาน: 5
2025-11-11 11:31:20 | INFO | 💾 ข้อความที่เก็บไว้: 0
2025-11-11 11:31:20 | INFO | ================================
2025-11-11 11:31:50 | INFO | 📊 ===== สถิติ MQTT Broker =====
2025-11-11 11:31:50 | INFO | 🕒 เวลาทำงาน: 0:26:30.240772
2025-11-11 11:31:50 | INFO | 🔗 การเชื่อมต่อทั้งหมด: 4
2025-11-11 11:31:50 | INFO | 🟢 การเชื่อมต่อปัจจุบัน: 3
2025-11-11 11:31:50 | INFO | 📨 ข้อความทั้งหมด: 85
2025-11-11 11:31:50 | INFO | 📥 subscription ทั้งหมด: 10
2025-11-11 11:31:50 | INFO | 📂 Topic ที่มีการใช้งาน: 5
2025-11-11 11:31:50 | INFO | 💾 ข้อความที่เก็บไว้: 0
2025-11-11 11:31:50 | INFO | ================================
2025-11-11 11:32:20 | INFO | 📊 ===== สถิติ MQTT Broker =====
2025-11-11 11:32:20 | INFO | 🕒 เวลาทำงาน: 0:27:00.242375
2025-11-11 11:32:20 | INFO | 🔗 การเชื่อมต่อทั้งหมด: 4
2025-11-11 11:32:20 | INFO | 🟢 การเชื่อมต่อปัจจุบัน: 3
2025-11-11 11:32:20 | INFO | 📨 ข้อความทั้งหมด: 87
2025-11-11 11:32:20 | INFO | 📥 subscription ทั้งหมด: 10
2025-11-11 11:32:20 | INFO | 📂 Topic ที่มีการใช้งาน: 5
2025-11-11 11:32:20 | INFO | 💾 ข้อความที่เก็บไว้: 0
2025-11-11 11:32:20 | INFO | ================================
2025-11-11 11:32:50 | INFO | 📊 ===== สถิติ MQTT Broker =====
2025-11-11 11:32:50 | INFO | 🕒 เวลาทำงาน: 0:27:30.243845
2025-11-11 11:32:50 | INFO | 🔗 การเชื่อมต่อทั้งหมด: 4
2025-11-11 11:32:50 | INFO | 🟢 การเชื่อมต่อปัจจุบัน: 3
2025-11-11 11:32:50 | INFO | 📨 ข้อความทั้งหมด: 89
2025-11-11 11:32:50 | INFO | 📥 subscription ทั้งหมด: 10
2025-11-11 11:32:50 | INFO | 📂 Topic ที่มีการใช้งาน: 5
2025-11-11 11:32:50 | INFO | 💾 ข้อความที่เก็บไว้: 0
2025-11-11 11:32:50 | INFO | ================================
2025-11-11 11:33:20 | INFO | 📊 ===== สถิติ MQTT Broker =====
2025-11-11 11:33:20 | INFO | 🕒 เวลาทำงาน: 0:28:00.245971
2025-11-11 11:33:20 | INFO | 🔗 การเชื่อมต่อทั้งหมด: 4
2025-11-11 11:33:20 | INFO | 🟢 การเชื่อมต่อปัจจุบัน: 3
2025-11-11 11:33:20 | INFO | 📨 ข้อความทั้งหมด: 91
2025-11-11 11:33:20 | INFO | 📥 subscription ทั้งหมด: 10
2025-11-11 11:33:20 | INFO | 📂 Topic ที่มีการใช้งาน: 5
2025-11-11 11:33:20 | INFO | 💾 ข้อความที่เก็บไว้: 0
2025-11-11 11:33:20 | INFO | ================================
2025-11-11 11:33:50 | INFO | 📊 ===== สถิติ MQTT Broker =====
2025-11-11 11:33:50 | INFO | 🕒 เวลาทำงาน: 0:28:30.247733
2025-11-11 11:33:50 | INFO | 🔗 การเชื่อมต่อทั้งหมด: 4
2025-11-11 11:33:50 | INFO | 🟢 การเชื่อมต่อปัจจุบัน: 3
2025-11-11 11:33:50 | INFO | 📨 ข้อความทั้งหมด: 93
2025-11-11 11:33:50 | INFO | 📥 subscription ทั้งหมด: 10
2025-11-11 11:33:50 | INFO | 📂 Topic ที่มีการใช้งาน: 5
2025-11-11 11:33:50 | INFO | 💾 ข้อความที่เก็บไว้: 0
2025-11-11 11:33:50 | INFO | ================================
2025-11-11 11:34:20 | INFO | 📊 ===== สถิติ MQTT Broker =====
2025-11-11 11:34:20 | INFO | 🕒 เวลาทำงาน: 0:29:00.249241
2025-11-11 11:34:20 | INFO | 🔗 การเชื่อมต่อทั้งหมด: 4
2025-11-11 11:34:20 | INFO | 🟢 การเชื่อมต่อปัจจุบัน: 3
2025-11-11 11:34:20 | INFO | 📨 ข้อความทั้งหมด: 95
2025-11-11 11:34:20 | INFO | 📥 subscription ทั้งหมด: 10
2025-11-11 11:34:20 | INFO | 📂 Topic ที่มีการใช้งาน: 5
2025-11-11 11:34:20 | INFO | 💾 ข้อความที่เก็บไว้: 0
2025-11-11 11:34:20 | INFO | ================================
2025-11-11 11:34:50 | INFO | 📊 ===== สถิติ MQTT Broker =====
2025-11-11 11:34:50 | INFO | 🕒 เวลาทำงาน: 0:29:30.250864
2025-11-11 11:34:50 | INFO | 🔗 การเชื่อมต่อทั้งหมด: 4
2025-11-11 11:34:50 | INFO | 🟢 การเชื่อมต่อปัจจุบัน: 3
2025-11-11 11:34:50 | INFO | 📨 ข้อความทั้งหมด: 97
2025-11-11 11:34:50 | INFO | 📥 subscription ทั้งหมด: 10
2025-11-11 11:34:50 | INFO | 📂 Topic ที่มีการใช้งาน: 5
2025-11-11 11:34:50 | INFO | 💾 ข้อความที่เก็บไว้: 0
2025-11-11 11:34:50 | INFO | ================================
2025-11-11 11:35:20 | INFO | 📊 ===== สถิติ MQTT Broker =====
2025-11-11 11:35:20 | INFO | 🕒 เวลาทำงาน: 0:30:00.252816
2025-11-11 11:35:20 | INFO | 🔗 การเชื่อมต่อทั้งหมด: 4
2025-11-11 11:35:20 | INFO | 🟢 การเชื่อมต่อปัจจุบัน: 3
2025-11-11 11:35:20 | INFO | 📨 ข้อความทั้งหมด: 99
2025-11-11 11:35:20 | INFO | 📥 subscription ทั้งหมด: 10
2025-11-11 11:35:20 | INFO | 📂 Topic ที่มีการใช้งาน: 5
2025-11-11 11:35:20 | INFO | 💾 ข้อความที่เก็บไว้: 0
2025-11-11 11:35:20 | INFO | ================================
2025-11-11 11:35:50 | INFO | 📊 ===== สถิติ MQTT Broker =====
2025-11-11 11:35:50 | INFO | 🕒 เวลาทำงาน: 0:30:30.255166
2025-11-11 11:35:50 | INFO | 🔗 การเชื่อมต่อทั้งหมด: 4
2025-11-11 11:35:50 | INFO | 🟢 การเชื่อมต่อปัจจุบัน: 3
2025-11-11 11:35:50 | INFO | 📨 ข้อความทั้งหมด: 101
2025-11-11 11:35:50 | INFO | 📥 subscription ทั้งหมด: 10
2025-11-11 11:35:50 | INFO | 📂 Topic ที่มีการใช้งาน: 5
2025-11-11 11:35:50 | INFO | 💾 ข้อความที่เก็บไว้: 0
2025-11-11 11:35:50 | INFO | ================================
2025-11-11 11:36:20 | INFO | 📊 ===== สถิติ MQTT Broker =====
2025-11-11 11:36:20 | INFO | 🕒 เวลาทำงาน: 0:31:00.256985
2025-11-11 11:36:20 | INFO | 🔗 การเชื่อมต่อทั้งหมด: 4
2025-11-11 11:36:20 | INFO | 🟢 การเชื่อมต่อปัจจุบัน: 3
2025-11-11 11:36:20 | INFO | 📨 ข้อความทั้งหมด: 103
2025-11-11 11:36:20 | INFO | 📥 subscription ทั้งหมด: 10
2025-11-11 11:36:20 | INFO | 📂 Topic ที่มีการใช้งาน: 5
2025-11-11 11:36:20 | INFO | 💾 ข้อความที่เก็บไว้: 0
2025-11-11 11:36:20 | INFO | ================================
2025-11-11 11:36:50 | INFO | 📊 ===== สถิติ MQTT Broker =====
2025-11-11 11:36:50 | INFO | 🕒 เวลาทำงาน: 0:31:30.259011
2025-11-11 11:36:50 | INFO | 🔗 การเชื่อมต่อทั้งหมด: 4
2025-11-11 11:36:50 | INFO | 🟢 การเชื่อมต่อปัจจุบัน: 3
2025-11-11 11:36:50 | INFO | 📨 ข้อความทั้งหมด: 105
2025-11-11 11:36:50 | INFO | 📥 subscription ทั้งหมด: 10
2025-11-11 11:36:50 | INFO | 📂 Topic ที่มีการใช้งาน: 5
2025-11-11 11:36:50 | INFO | 💾 ข้อความที่เก็บไว้: 0
2025-11-11 11:36:50 | INFO | ================================
2025-11-11 11:37:20 | INFO | 📊 ===== สถิติ MQTT Broker =====
2025-11-11 11:37:20 | INFO | 🕒 เวลาทำงาน: 0:32:00.260938
2025-11-11 11:37:20 | INFO | 🔗 การเชื่อมต่อทั้งหมด: 4
2025-11-11 11:37:20 | INFO | 🟢 การเชื่อมต่อปัจจุบัน: 3
2025-11-11 11:37:20 | INFO | 📨 ข้อความทั้งหมด: 107
2025-11-11 11:37:20 | INFO | 📥 subscription ทั้งหมด: 10
2025-11-11 11:37:20 | INFO | 📂 Topic ที่มีการใช้งาน: 5
2025-11-11 11:37:20 | INFO | 💾 ข้อความที่เก็บไว้: 0
2025-11-11 11:37:20 | INFO | ================================
2025-11-11 11:37:50 | INFO | 📊 ===== สถิติ MQTT Broker =====
2025-11-11 11:37:50 | INFO | 🕒 เวลาทำงาน: 0:32:30.263273
2025-11-11 11:37:50 | INFO | 🔗 การเชื่อมต่อทั้งหมด: 4
2025-11-11 11:37:50 | INFO | 🟢 การเชื่อมต่อปัจจุบัน: 3
2025-11-11 11:37:50 | INFO | 📨 ข้อความทั้งหมด: 109
2025-11-11 11:37:50 | INFO | 📥 subscription ทั้งหมด: 10
2025-11-11 11:37:50 | INFO | 📂 Topic ที่มีการใช้งาน: 5
2025-11-11 11:37:50 | INFO | 💾 ข้อความที่เก็บไว้: 0
2025-11-11 11:37:50 | INFO | ================================
2025-11-11 11:38:20 | INFO | 📊 ===== สถิติ MQTT Broker =====
2025-11-11 11:38:20 | INFO | 🕒 เวลาทำงาน: 0:33:00.264744
2025-11-11 11:38:20 | INFO | 🔗 การเชื่อมต่อทั้งหมด: 4
2025-11-11 11:38:20 | INFO | 🟢 การเชื่อมต่อปัจจุบัน: 3
2025-11-11 11:38:20 | INFO | 📨 ข้อความทั้งหมด: 111
2025-11-11 11:38:20 | INFO | 📥 subscription ทั้งหมด: 10
2025-11-11 11:38:20 | INFO | 📂 Topic ที่มีการใช้งาน: 5
2025-11-11 11:38:20 | INFO | 💾 ข้อความที่เก็บไว้: 0
2025-11-11 11:38:20 | INFO | ================================
2025-11-11 11:38:50 | INFO | 📊 ===== สถิติ MQTT Broker =====
2025-11-11 11:38:50 | INFO | 🕒 เวลาทำงาน: 0:33:30.266573
2025-11-11 11:38:50 | INFO | 🔗 การเชื่อมต่อทั้งหมด: 4
2025-11-11 11:38:50 | INFO | 🟢 การเชื่อมต่อปัจจุบัน: 3
2025-11-11 11:38:50 | INFO | 📨 ข้อความทั้งหมด: 113
2025-11-11 11:38:50 | INFO | 📥 subscription ทั้งหมด: 10
2025-11-11 11:38:50 | INFO | 📂 Topic ที่มีการใช้งาน: 5
2025-11-11 11:38:50 | INFO | 💾 ข้อความที่เก็บไว้: 0
2025-11-11 11:38:50 | INFO | ================================
2025-11-11 11:39:20 | INFO | 📊 ===== สถิติ MQTT Broker =====
2025-11-11 11:39:20 | INFO | 🕒 เวลาทำงาน: 0:34:00.268566
2025-11-11 11:39:20 | INFO | 🔗 การเชื่อมต่อทั้งหมด: 4
2025-11-11 11:39:20 | INFO | 🟢 การเชื่อมต่อปัจจุบัน: 3
2025-11-11 11:39:20 | INFO | 📨 ข้อความทั้งหมด: 115
2025-11-11 11:39:20 | INFO | 📥 subscription ทั้งหมด: 10
2025-11-11 11:39:20 | INFO | 📂 Topic ที่มีการใช้งาน: 5
2025-11-11 11:39:20 | INFO | 💾 ข้อความที่เก็บไว้: 0
2025-11-11 11:39:20 | INFO | ================================
2025-11-11 11:39:33 | INFO | 🔌 client_2_1762834148 ตัดการเชื่อมต่อแล้ว
2025-11-11 11:39:50 | INFO | 📊 ===== สถิติ MQTT Broker =====
2025-11-11 11:39:50 | INFO | 🕒 เวลาทำงาน: 0:34:30.271586
2025-11-11 11:39:50 | INFO | 🔗 การเชื่อมต่อทั้งหมด: 4
2025-11-11 11:39:50 | INFO | 🟢 การเชื่อมต่อปัจจุบัน: 2
2025-11-11 11:39:50 | INFO | 📨 ข้อความทั้งหมด: 116
2025-11-11 11:39:50 | INFO | 📥 subscription ทั้งหมด: 10
2025-11-11 11:39:50 | INFO | 📂 Topic ที่มีการใช้งาน: 5
2025-11-11 11:39:50 | INFO | 💾 ข้อความที่เก็บไว้: 0
2025-11-11 11:39:50 | INFO | ================================
2025-11-11 11:40:20 | INFO | 📊 ===== สถิติ MQTT Broker =====
2025-11-11 11:40:20 | INFO | 🕒 เวลาทำงาน: 0:35:00.273453
2025-11-11 11:40:20 | INFO | 🔗 การเชื่อมต่อทั้งหมด: 4
2025-11-11 11:40:20 | INFO | 🟢 การเชื่อมต่อปัจจุบัน: 2
2025-11-11 11:40:20 | INFO | 📨 ข้อความทั้งหมด: 117
2025-11-11 11:40:20 | INFO | 📥 subscription ทั้งหมด: 10
2025-11-11 11:40:20 | INFO | 📂 Topic ที่มีการใช้งาน: 5
2025-11-11 11:40:20 | INFO | 💾 ข้อความที่เก็บไว้: 0
2025-11-11 11:40:20 | INFO | ================================
2025-11-11 11:40:50 | INFO | 📊 ===== สถิติ MQTT Broker =====
2025-11-11 11:40:50 | INFO | 🕒 เวลาทำงาน: 0:35:30.282769
2025-11-11 11:40:50 | INFO | 🔗 การเชื่อมต่อทั้งหมด: 4
2025-11-11 11:40:50 | INFO | 🟢 การเชื่อมต่อปัจจุบัน: 2
2025-11-11 11:40:50 | INFO | 📨 ข้อความทั้งหมด: 118
2025-11-11 11:40:50 | INFO | 📥 subscription ทั้งหมด: 10
2025-11-11 11:40:50 | INFO | 📂 Topic ที่มีการใช้งาน: 5
2025-11-11 11:40:50 | INFO | 💾 ข้อความที่เก็บไว้: 0
2025-11-11 11:40:50 | INFO | ================================
2025-11-11 11:41:20 | INFO | 📊 ===== สถิติ MQTT Broker =====
2025-11-11 11:41:20 | INFO | 🕒 เวลาทำงาน: 0:36:00.284349
2025-11-11 11:41:20 | INFO | 🔗 การเชื่อมต่อทั้งหมด: 4
2025-11-11 11:41:20 | INFO | 🟢 การเชื่อมต่อปัจจุบัน: 2
2025-11-11 11:41:20 | INFO | 📨 ข้อความทั้งหมด: 119
2025-11-11 11:41:20 | INFO | 📥 subscription ทั้งหมด: 10
2025-11-11 11:41:20 | INFO | 📂 Topic ที่มีการใช้งาน: 5
2025-11-11 11:41:20 | INFO | 💾 ข้อความที่เก็บไว้: 0
2025-11-11 11:41:20 | INFO | ================================
2025-11-11 11:41:50 | INFO | 📊 ===== สถิติ MQTT Broker =====
2025-11-11 11:41:50 | INFO | 🕒 เวลาทำงาน: 0:36:30.286894
2025-11-11 11:41:50 | INFO | 🔗 การเชื่อมต่อทั้งหมด: 4
2025-11-11 11:41:50 | INFO | 🟢 การเชื่อมต่อปัจจุบัน: 2
2025-11-11 11:41:50 | INFO | 📨 ข้อความทั้งหมด: 120
2025-11-11 11:41:50 | INFO | 📥 subscription ทั้งหมด: 10
2025-11-11 11:41:50 | INFO | 📂 Topic ที่มีการใช้งาน: 5
2025-11-11 11:41:50 | INFO | 💾 ข้อความที่เก็บไว้: 0
2025-11-11 11:41:50 | INFO | ================================
2025-11-11 11:42:20 | INFO | 📊 ===== สถิติ MQTT Broker =====
2025-11-11 11:42:20 | INFO | 🕒 เวลาทำงาน: 0:37:00.288831
2025-11-11 11:42:20 | INFO | 🔗 การเชื่อมต่อทั้งหมด: 4
2025-11-11 11:42:20 | INFO | 🟢 การเชื่อมต่อปัจจุบัน: 2
2025-11-11 11:42:20 | INFO | 📨 ข้อความทั้งหมด: 121
2025-11-11 11:42:20 | INFO | 📥 subscription ทั้งหมด: 10
2025-11-11 11:42:20 | INFO | 📂 Topic ที่มีการใช้งาน: 5
2025-11-11 11:42:20 | INFO | 💾 ข้อความที่เก็บไว้: 0
2025-11-11 11:42:20 | INFO | ================================
2025-11-11 11:42:50 | INFO | 📊 ===== สถิติ MQTT Broker =====
2025-11-11 11:42:50 | INFO | 🕒 เวลาทำงาน: 0:37:30.290500
2025-11-11 11:42:50 | INFO | 🔗 การเชื่อมต่อทั้งหมด: 4
2025-11-11 11:42:50 | INFO | 🟢 การเชื่อมต่อปัจจุบัน: 2
2025-11-11 11:42:50 | INFO | 📨 ข้อความทั้งหมด: 122
2025-11-11 11:42:50 | INFO | 📥 subscription ทั้งหมด: 10
2025-11-11 11:42:50 | INFO | 📂 Topic ที่มีการใช้งาน: 5
2025-11-11 11:42:50 | INFO | 💾 ข้อความที่เก็บไว้: 0
2025-11-11 11:42:50 | INFO | ================================
2025-11-11 11:43:20 | INFO | 📊 ===== สถิติ MQTT Broker =====
2025-11-11 11:43:20 | INFO | 🕒 เวลาทำงาน: 0:38:00.292465
2025-11-11 11:43:20 | INFO | 🔗 การเชื่อมต่อทั้งหมด: 4
2025-11-11 11:43:20 | INFO | 🟢 การเชื่อมต่อปัจจุบัน: 2
2025-11-11 11:43:20 | INFO | 📨 ข้อความทั้งหมด: 123
2025-11-11 11:43:20 | INFO | 📥 subscription ทั้งหมด: 10
2025-11-11 11:43:20 | INFO | 📂 Topic ที่มีการใช้งาน: 5
2025-11-11 11:43:20 | INFO | 💾 ข้อความที่เก็บไว้: 0
2025-11-11 11:43:20 | INFO | ================================
2025-11-11 11:43:50 | INFO | 📊 ===== สถิติ MQTT Broker =====
2025-11-11 11:43:50 | INFO | 🕒 เวลาทำงาน: 0:38:30.294078
2025-11-11 11:43:50 | INFO | 🔗 การเชื่อมต่อทั้งหมด: 4
2025-11-11 11:43:50 | INFO | 🟢 การเชื่อมต่อปัจจุบัน: 2
2025-11-11 11:43:50 | INFO | 📨 ข้อความทั้งหมด: 124
2025-11-11 11:43:50 | INFO | 📥 subscription ทั้งหมด: 10
2025-11-11 11:43:50 | INFO | 📂 Topic ที่มีการใช้งาน: 5
2025-11-11 11:43:50 | INFO | 💾 ข้อความที่เก็บไว้: 0
2025-11-11 11:43:50 | INFO | ================================
2025-11-11 11:44:20 | INFO | 📊 ===== สถิติ MQTT Broker =====
2025-11-11 11:44:20 | INFO | 🕒 เวลาทำงาน: 0:39:00.296414
2025-11-11 11:44:20 | INFO | 🔗 การเชื่อมต่อทั้งหมด: 4
2025-11-11 11:44:20 | INFO | 🟢 การเชื่อมต่อปัจจุบัน: 2
2025-11-11 11:44:20 | INFO | 📨 ข้อความทั้งหมด: 125
2025-11-11 11:44:20 | INFO | 📥 subscription ทั้งหมด: 10
2025-11-11 11:44:20 | INFO | 📂 Topic ที่มีการใช้งาน: 5
2025-11-11 11:44:20 | INFO | 💾 ข้อความที่เก็บไว้: 0
2025-11-11 11:44:20 | INFO | ================================
2025-11-11 11:44:50 | INFO | 📊 ===== สถิติ MQTT Broker =====
2025-11-11 11:44:50 | INFO | 🕒 เวลาทำงาน: 0:39:30.299086
2025-11-11 11:44:50 | INFO | 🔗 การเชื่อมต่อทั้งหมด: 4
2025-11-11 11:44:50 | INFO | 🟢 การเชื่อมต่อปัจจุบัน: 2
2025-11-11 11:44:50 | INFO | 📨 ข้อความทั้งหมด: 126
2025-11-11 11:44:50 | INFO | 📥 subscription ทั้งหมด: 10
2025-11-11 11:44:50 | INFO | 📂 Topic ที่มีการใช้งาน: 5
2025-11-11 11:44:50 | INFO | 💾 ข้อความที่เก็บไว้: 0
2025-11-11 11:44:50 | INFO | ================================
2025-11-11 11:45:20 | INFO | 📊 ===== สถิติ MQTT Broker =====
2025-11-11 11:45:20 | INFO | 🕒 เวลาทำงาน: 0:40:00.301499
2025-11-11 11:45:20 | INFO | 🔗 การเชื่อมต่อทั้งหมด: 4
2025-11-11 11:45:20 | INFO | 🟢 การเชื่อมต่อปัจจุบัน: 2
2025-11-11 11:45:20 | INFO | 📨 ข้อความทั้งหมด: 127
2025-11-11 11:45:20 | INFO | 📥 subscription ทั้งหมด: 10
2025-11-11 11:45:20 | INFO | 📂 Topic ที่มีการใช้งาน: 5
2025-11-11 11:45:20 | INFO | 💾 ข้อความที่เก็บไว้: 0
2025-11-11 11:45:20 | INFO | ================================
2025-11-11 11:45:50 | INFO | 📊 ===== สถิติ MQTT Broker =====
2025-11-11 11:45:50 | INFO | 🕒 เวลาทำงาน: 0:40:30.303562
2025-11-11 11:45:50 | INFO | 🔗 การเชื่อมต่อทั้งหมด: 4
2025-11-11 11:45:50 | INFO | 🟢 การเชื่อมต่อปัจจุบัน: 2
2025-11-11 11:45:50 | INFO | 📨 ข้อความทั้งหมด: 128
2025-11-11 11:45:50 | INFO | 📥 subscription ทั้งหมด: 10
2025-11-11 11:45:50 | INFO | 📂 Topic ที่มีการใช้งาน: 5
2025-11-11 11:45:50 | INFO | 💾 ข้อความที่เก็บไว้: 0
2025-11-11 11:45:50 | INFO | ================================
2025-11-11 11:46:20 | INFO | 📊 ===== สถิติ MQTT Broker =====
2025-11-11 11:46:20 | INFO | 🕒 เวลาทำงาน: 0:41:00.305625
2025-11-11 11:46:20 | INFO | 🔗 การเชื่อมต่อทั้งหมด: 4
2025-11-11 11:46:20 | INFO | 🟢 การเชื่อมต่อปัจจุบัน: 2
2025-11-11 11:46:20 | INFO | 📨 ข้อความทั้งหมด: 129
2025-11-11 11:46:20 | INFO | 📥 subscription ทั้งหมด: 10
2025-11-11 11:46:20 | INFO | 📂 Topic ที่มีการใช้งาน: 5
2025-11-11 11:46:20 | INFO | 💾 ข้อความที่เก็บไว้: 0
2025-11-11 11:46:20 | INFO | ================================
2025-11-11 11:46:50 | INFO | 📊 ===== สถิติ MQTT Broker =====
2025-11-11 11:46:50 | INFO | 🕒 เวลาทำงาน: 0:41:30.307393
2025-11-11 11:46:50 | INFO | 🔗 การเชื่อมต่อทั้งหมด: 4
2025-11-11 11:46:50 | INFO | 🟢 การเชื่อมต่อปัจจุบัน: 2
2025-11-11 11:46:50 | INFO | 📨 ข้อความทั้งหมด: 130
2025-11-11 11:46:50 | INFO | 📥 subscription ทั้งหมด: 10
2025-11-11 11:46:50 | INFO | 📂 Topic ที่มีการใช้งาน: 5
2025-11-11 11:46:50 | INFO | 💾 ข้อความที่เก็บไว้: 0
2025-11-11 11:46:50 | INFO | ================================
2025-11-11 11:47:20 | INFO | 📊 ===== สถิติ MQTT Broker =====
2025-11-11 11:47:20 | INFO | 🕒 เวลาทำงาน: 0:42:00.309217
2025-11-11 11:47:20 | INFO | 🔗 การเชื่อมต่อทั้งหมด: 4
2025-11-11 11:47:20 | INFO | 🟢 การเชื่อมต่อปัจจุบัน: 2
2025-11-11 11:47:20 | INFO | 📨 ข้อความทั้งหมด: 131
2025-11-11 11:47:20 | INFO | 📥 subscription ทั้งหมด: 10
2025-11-11 11:47:20 | INFO | 📂 Topic ที่มีการใช้งาน: 5
2025-11-11 11:47:20 | INFO | 💾 ข้อความที่เก็บไว้: 0
2025-11-11 11:47:20 | INFO | ================================
2025-11-11 11:47:50 | INFO | 📊 ===== สถิติ MQTT Broker =====
2025-11-11 11:47:50 | INFO | 🕒 เวลาทำงาน: 0:42:30.310953
2025-11-11 11:47:50 | INFO | 🔗 การเชื่อมต่อทั้งหมด: 4
2025-11-11 11:47:50 | INFO | 🟢 การเชื่อมต่อปัจจุบัน: 2
2025-11-11 11:47:50 | INFO | 📨 ข้อความทั้งหมด: 132
2025-11-11 11:47:50 | INFO | 📥 subscription ทั้งหมด: 10
2025-11-11 11:47:50 | INFO | 📂 Topic ที่มีการใช้งาน: 5
2025-11-11 11:47:50 | INFO | 💾 ข้อความที่เก็บไว้: 0
2025-11-11 11:47:50 | INFO | ================================
2025-11-11 11:48:20 | INFO | 📊 ===== สถิติ MQTT Broker =====
2025-11-11 11:48:20 | INFO | 🕒 เวลาทำงาน: 0:43:00.314749
2025-11-11 11:48:20 | INFO | 🔗 การเชื่อมต่อทั้งหมด: 4
2025-11-11 11:48:20 | INFO | 🟢 การเชื่อมต่อปัจจุบัน: 2
2025-11-11 11:48:20 | INFO | 📨 ข้อความทั้งหมด: 133
2025-11-11 11:48:20 | INFO | 📥 subscription ทั้งหมด: 10
2025-11-11 11:48:20 | INFO | 📂 Topic ที่มีการใช้งาน: 5
2025-11-11 11:48:20 | INFO | 💾 ข้อความที่เก็บไว้: 0
2025-11-11 11:48:20 | INFO | ================================
2025-11-11 11:48:50 | INFO | 📊 ===== สถิติ MQTT Broker =====
2025-11-11 11:48:50 | INFO | 🕒 เวลาทำงาน: 0:43:30.317315
2025-11-11 11:48:50 | INFO | 🔗 การเชื่อมต่อทั้งหมด: 4
2025-11-11 11:48:50 | INFO | 🟢 การเชื่อมต่อปัจจุบัน: 2
2025-11-11 11:48:50 | INFO | 📨 ข้อความทั้งหมด: 134
2025-11-11 11:48:50 | INFO | 📥 subscription ทั้งหมด: 10
2025-11-11 11:48:50 | INFO | 📂 Topic ที่มีการใช้งาน: 5
2025-11-11 11:48:50 | INFO | 💾 ข้อความที่เก็บไว้: 0
2025-11-11 11:48:50 | INFO | ================================
2025-11-11 11:49:20 | INFO | 📊 ===== สถิติ MQTT Broker =====
2025-11-11 11:49:20 | INFO | 🕒 เวลาทำงาน: 0:44:00.318929
2025-11-11 11:49:20 | INFO | 🔗 การเชื่อมต่อทั้งหมด: 4
2025-11-11 11:49:20 | INFO | 🟢 การเชื่อมต่อปัจจุบัน: 2
2025-11-11 11:49:20 | INFO | 📨 ข้อความทั้งหมด: 135
2025-11-11 11:49:20 | INFO | 📥 subscription ทั้งหมด: 10
2025-11-11 11:49:20 | INFO | 📂 Topic ที่มีการใช้งาน: 5
2025-11-11 11:49:20 | INFO | 💾 ข้อความที่เก็บไว้: 0
2025-11-11 11:49:20 | INFO | ================================
2025-11-11 11:49:50 | INFO | 📊 ===== สถิติ MQTT Broker =====
2025-11-11 11:49:50 | INFO | 🕒 เวลาทำงาน: 0:44:30.323262
2025-11-11 11:49:50 | INFO | 🔗 การเชื่อมต่อทั้งหมด: 4
2025-11-11 11:49:50 | INFO | 🟢 การเชื่อมต่อปัจจุบัน: 2
2025-11-11 11:49:50 | INFO | 📨 ข้อความทั้งหมด: 136
2025-11-11 11:49:50 | INFO | 📥 subscription ทั้งหมด: 10
2025-11-11 11:49:50 | INFO | 📂 Topic ที่มีการใช้งาน: 5
2025-11-11 11:49:50 | INFO | 💾 ข้อความที่เก็บไว้: 0
2025-11-11 11:49:50 | INFO | ================================
2025-11-11 11:50:20 | INFO | 📊 ===== สถิติ MQTT Broker =====
2025-11-11 11:50:20 | INFO | 🕒 เวลาทำงาน: 0:45:00.325093
2025-11-11 11:50:20 | INFO | 🔗 การเชื่อมต่อทั้งหมด: 4
2025-11-11 11:50:20 | INFO | 🟢 การเชื่อมต่อปัจจุบัน: 2
2025-11-11 11:50:20 | INFO | 📨 ข้อความทั้งหมด: 137
2025-11-11 11:50:20 | INFO | 📥 subscription ทั้งหมด: 10
2025-11-11 11:50:20 | INFO | 📂 Topic ที่มีการใช้งาน: 5
2025-11-11 11:50:20 | INFO | 💾 ข้อความที่เก็บไว้: 0
2025-11-11 11:50:20 | INFO | ================================
2025-11-11 11:50:50 | INFO | 📊 ===== สถิติ MQTT Broker =====
2025-11-11 11:50:50 | INFO | 🕒 เวลาทำงาน: 0:45:30.326628
2025-11-11 11:50:50 | INFO | 🔗 การเชื่อมต่อทั้งหมด: 4
2025-11-11 11:50:50 | INFO | 🟢 การเชื่อมต่อปัจจุบัน: 2
2025-11-11 11:50:50 | INFO | 📨 ข้อความทั้งหมด: 138
2025-11-11 11:50:50 | INFO | 📥 subscription ทั้งหมด: 10
2025-11-11 11:50:50 | INFO | 📂 Topic ที่มีการใช้งาน: 5
2025-11-11 11:50:50 | INFO | 💾 ข้อความที่เก็บไว้: 0
2025-11-11 11:50:50 | INFO | ================================
2025-11-11 11:51:20 | INFO | 📊 ===== สถิติ MQTT Broker =====
2025-11-11 11:51:20 | INFO | 🕒 เวลาทำงาน: 0:46:00.328384
2025-11-11 11:51:20 | INFO | 🔗 การเชื่อมต่อทั้งหมด: 4
2025-11-11 11:51:20 | INFO | 🟢 การเชื่อมต่อปัจจุบัน: 2
2025-11-11 11:51:20 | INFO | 📨 ข้อความทั้งหมด: 139
2025-11-11 11:51:20 | INFO | 📥 subscription ทั้งหมด: 10
2025-11-11 11:51:20 | INFO | 📂 Topic ที่มีการใช้งาน: 5
2025-11-11 11:51:20 | INFO | 💾 ข้อความที่เก็บไว้: 0
2025-11-11 11:51:20 | INFO | ================================
2025-11-11 11:51:50 | INFO | 📊 ===== สถิติ MQTT Broker =====
2025-11-11 11:51:50 | INFO | 🕒 เวลาทำงาน: 0:46:30.329942
2025-11-11 11:51:50 | INFO | 🔗 การเชื่อมต่อทั้งหมด: 4
2025-11-11 11:51:50 | INFO | 🟢 การเชื่อมต่อปัจจุบัน: 2
2025-11-11 11:51:50 | INFO | 📨 ข้อความทั้งหมด: 140
2025-11-11 11:51:50 | INFO | 📥 subscription ทั้งหมด: 10
2025-11-11 11:51:50 | INFO | 📂 Topic ที่มีการใช้งาน: 5
2025-11-11 11:51:50 | INFO | 💾 ข้อความที่เก็บไว้: 0
2025-11-11 11:51:50 | INFO | ================================
2025-11-11 11:52:20 | INFO | 📊 ===== สถิติ MQTT Broker =====
2025-11-11 11:52:20 | INFO | 🕒 เวลาทำงาน: 0:47:00.331565
2025-11-11 11:52:20 | INFO | 🔗 การเชื่อมต่อทั้งหมด: 4
2025-11-11 11:52:20 | INFO | 🟢 การเชื่อมต่อปัจจุบัน: 2
2025-11-11 11:52:20 | INFO | 📨 ข้อความทั้งหมด: 141
2025-11-11 11:52:20 | INFO | 📥 subscription ทั้งหมด: 10
2025-11-11 11:52:20 | INFO | 📂 Topic ที่มีการใช้งาน: 5
2025-11-11 11:52:20 | INFO | 💾 ข้อความที่เก็บไว้: 0
2025-11-11 11:52:20 | INFO | ================================
2025-11-11 11:52:50 | INFO | 📊 ===== สถิติ MQTT Broker =====
2025-11-11 11:52:50 | INFO | 🕒 เวลาทำงาน: 0:47:30.333443
2025-11-11 11:52:50 | INFO | 🔗 การเชื่อมต่อทั้งหมด: 4
2025-11-11 11:52:50 | INFO | 🟢 การเชื่อมต่อปัจจุบัน: 2
2025-11-11 11:52:50 | INFO | 📨 ข้อความทั้งหมด: 142
2025-11-11 11:52:50 | INFO | 📥 subscription ทั้งหมด: 10
2025-11-11 11:52:50 | INFO | 📂 Topic ที่มีการใช้งาน: 5
2025-11-11 11:52:50 | INFO | 💾 ข้อความที่เก็บไว้: 0
2025-11-11 11:52:50 | INFO | ================================
2025-11-11 11:53:20 | INFO | 📊 ===== สถิติ MQTT Broker =====
2025-11-11 11:53:20 | INFO | 🕒 เวลาทำงาน: 0:48:00.335370
2025-11-11 11:53:20 | INFO | 🔗 การเชื่อมต่อทั้งหมด: 4
2025-11-11 11:53:20 | INFO | 🟢 การเชื่อมต่อปัจจุบัน: 2
2025-11-11 11:53:20 | INFO | 📨 ข้อความทั้งหมด: 143
2025-11-11 11:53:20 | INFO | 📥 subscription ทั้งหมด: 10
2025-11-11 11:53:20 | INFO | 📂 Topic ที่มีการใช้งาน: 5
2025-11-11 11:53:20 | INFO | 💾 ข้อความที่เก็บไว้: 0
2025-11-11 11:53:20 | INFO | ================================
2025-11-11 11:53:50 | INFO | 📊 ===== สถิติ MQTT Broker =====
2025-11-11 11:53:50 | INFO | 🕒 เวลาทำงาน: 0:48:30.337064
2025-11-11 11:53:50 | INFO | 🔗 การเชื่อมต่อทั้งหมด: 4
2025-11-11 11:53:50 | INFO | 🟢 การเชื่อมต่อปัจจุบัน: 2
2025-11-11 11:53:50 | INFO | 📨 ข้อความทั้งหมด: 144
2025-11-11 11:53:50 | INFO | 📥 subscription ทั้งหมด: 10
2025-11-11 11:53:50 | INFO | 📂 Topic ที่มีการใช้งาน: 5
2025-11-11 11:53:50 | INFO | 💾 ข้อความที่เก็บไว้: 0
2025-11-11 11:53:50 | INFO | ================================
2025-11-11 11:54:20 | INFO | 📊 ===== สถิติ MQTT Broker =====
2025-11-11 11:54:20 | INFO | 🕒 เวลาทำงาน: 0:49:00.340990
2025-11-11 11:54:20 | INFO | 🔗 การเชื่อมต่อทั้งหมด: 4
2025-11-11 11:54:20 | INFO | 🟢 การเชื่อมต่อปัจจุบัน: 2
2025-11-11 11:54:20 | INFO | 📨 ข้อความทั้งหมด: 145
2025-11-11 11:54:20 | INFO | 📥 subscription ทั้งหมด: 10
2025-11-11 11:54:20 | INFO | 📂 Topic ที่มีการใช้งาน: 5
2025-11-11 11:54:20 | INFO | 💾 ข้อความที่เก็บไว้: 0
2025-11-11 11:54:20 | INFO | ================================
2025-11-11 11:54:50 | INFO | 📊 ===== สถิติ MQTT Broker =====
2025-11-11 11:54:50 | INFO | 🕒 เวลาทำงาน: 0:49:30.342769
2025-11-11 11:54:50 | INFO | 🔗 การเชื่อมต่อทั้งหมด: 4
2025-11-11 11:54:50 | INFO | 🟢 การเชื่อมต่อปัจจุบัน: 2
2025-11-11 11:54:50 | INFO | 📨 ข้อความทั้งหมด: 146
2025-11-11 11:54:50 | INFO | 📥 subscription ทั้งหมด: 10
2025-11-11 11:54:50 | INFO | 📂 Topic ที่มีการใช้งาน: 5
2025-11-11 11:54:50 | INFO | 💾 ข้อความที่เก็บไว้: 0
2025-11-11 11:54:50 | INFO | ================================
2025-11-11 11:55:20 | INFO | 📊 ===== สถิติ MQTT Broker =====
2025-11-11 11:55:20 | INFO | 🕒 เวลาทำงาน: 0:50:00.344640
2025-11-11 11:55:20 | INFO | 🔗 การเชื่อมต่อทั้งหมด: 4
2025-11-11 11:55:20 | INFO | 🟢 การเชื่อมต่อปัจจุบัน: 2
2025-11-11 11:55:20 | INFO | 📨 ข้อความทั้งหมด: 147
2025-11-11 11:55:20 | INFO | 📥 subscription ทั้งหมด: 10
2025-11-11 11:55:20 | INFO | 📂 Topic ที่มีการใช้งาน: 5
2025-11-11 11:55:20 | INFO | 💾 ข้อความที่เก็บไว้: 0
2025-11-11 11:55:20 | INFO | ================================
2025-11-11 11:55:50 | INFO | 📊 ===== สถิติ MQTT Broker =====
2025-11-11 11:55:50 | INFO | 🕒 เวลาทำงาน: 0:50:30.346586
2025-11-11 11:55:50 | INFO | 🔗 การเชื่อมต่อทั้งหมด: 4
2025-11-11 11:55:50 | INFO | 🟢 การเชื่อมต่อปัจจุบัน: 2
2025-11-11 11:55:50 | INFO | 📨 ข้อความทั้งหมด: 148
2025-11-11 11:55:50 | INFO | 📥 subscription ทั้งหมด: 10
2025-11-11 11:55:50 | INFO | 📂 Topic ที่มีการใช้งาน: 5
2025-11-11 11:55:50 | INFO | 💾 ข้อความที่เก็บไว้: 0
2025-11-11 11:55:50 | INFO | ================================
2025-11-11 11:56:20 | INFO | 📊 ===== สถิติ MQTT Broker =====
2025-11-11 11:56:20 | INFO | 🕒 เวลาทำงาน: 0:51:00.348203
2025-11-11 11:56:20 | INFO | 🔗 การเชื่อมต่อทั้งหมด: 4
2025-11-11 11:56:20 | INFO | 🟢 การเชื่อมต่อปัจจุบัน: 2
2025-11-11 11:56:20 | INFO | 📨 ข้อความทั้งหมด: 149
2025-11-11 11:56:20 | INFO | 📥 subscription ทั้งหมด: 10
2025-11-11 11:56:20 | INFO | 📂 Topic ที่มีการใช้งาน: 5
2025-11-11 11:56:20 | INFO | 💾 ข้อความที่เก็บไว้: 0
2025-11-11 11:56:20 | INFO | ================================
2025-11-11 11:56:50 | INFO | 📊 ===== สถิติ MQTT Broker =====
2025-11-11 11:56:50 | INFO | 🕒 เวลาทำงาน: 0:51:30.350128
2025-11-11 11:56:50 | INFO | 🔗 การเชื่อมต่อทั้งหมด: 4
2025-11-11 11:56:50 | INFO | 🟢 การเชื่อมต่อปัจจุบัน: 2
2025-11-11 11:56:50 | INFO | 📨 ข้อความทั้งหมด: 150
2025-11-11 11:56:50 | INFO | 📥 subscription ทั้งหมด: 10
2025-11-11 11:56:50 | INFO | 📂 Topic ที่มีการใช้งาน: 5
2025-11-11 11:56:50 | INFO | 💾 ข้อความที่เก็บไว้: 0
2025-11-11 11:56:50 | INFO | ================================
2025-11-11 11:57:20 | INFO | 📊 ===== สถิติ MQTT Broker =====
2025-11-11 11:57:20 | INFO | 🕒 เวลาทำงาน: 0:52:00.351592
2025-11-11 11:57:20 | INFO | 🔗 การเชื่อมต่อทั้งหมด: 4
2025-11-11 11:57:20 | INFO | 🟢 การเชื่อมต่อปัจจุบัน: 2
2025-11-11 11:57:20 | INFO | 📨 ข้อความทั้งหมด: 151
2025-11-11 11:57:20 | INFO | 📥 subscription ทั้งหมด: 10
2025-11-11 11:57:20 | INFO | 📂 Topic ที่มีการใช้งาน: 5
2025-11-11 11:57:20 | INFO | 💾 ข้อความที่เก็บไว้: 0
2025-11-11 11:57:20 | INFO | ================================
2025-11-11 11:57:50 | INFO | 📊 ===== สถิติ MQTT Broker =====
2025-11-11 11:57:50 | INFO | 🕒 เวลาทำงาน: 0:52:30.353175
2025-11-11 11:57:50 | INFO | 🔗 การเชื่อมต่อทั้งหมด: 4
2025-11-11 11:57:50 | INFO | 🟢 การเชื่อมต่อปัจจุบัน: 2
2025-11-11 11:57:50 | INFO | 📨 ข้อความทั้งหมด: 152
2025-11-11 11:57:50 | INFO | 📥 subscription ทั้งหมด: 10
2025-11-11 11:57:50 | INFO | 📂 Topic ที่มีการใช้งาน: 5
2025-11-11 11:57:50 | INFO | 💾 ข้อความที่เก็บไว้: 0
2025-11-11 11:57:50 | INFO | ================================
2025-11-11 11:58:20 | INFO | 📊 ===== สถิติ MQTT Broker =====
2025-11-11 11:58:20 | INFO | 🕒 เวลาทำงาน: 0:53:00.355137
2025-11-11 11:58:20 | INFO | 🔗 การเชื่อมต่อทั้งหมด: 4
2025-11-11 11:58:20 | INFO | 🟢 การเชื่อมต่อปัจจุบัน: 2
2025-11-11 11:58:20 | INFO | 📨 ข้อความทั้งหมด: 153
2025-11-11 11:58:20 | INFO | 📥 subscription ทั้งหมด: 10
2025-11-11 11:58:20 | INFO | 📂 Topic ที่มีการใช้งาน: 5
2025-11-11 11:58:20 | INFO | 💾 ข้อความที่เก็บไว้: 0
2025-11-11 11:58:20 | INFO | ================================
2025-11-11 11:58:50 | INFO | 📊 ===== สถิติ MQTT Broker =====
2025-11-11 11:58:50 | INFO | 🕒 เวลาทำงาน: 0:53:30.357251
2025-11-11 11:58:50 | INFO | 🔗 การเชื่อมต่อทั้งหมด: 4
2025-11-11 11:58:50 | INFO | 🟢 การเชื่อมต่อปัจจุบัน: 2
2025-11-11 11:58:50 | INFO | 📨 ข้อความทั้งหมด: 154
2025-11-11 11:58:50 | INFO | 📥 subscription ทั้งหมด: 10
2025-11-11 11:58:50 | INFO | 📂 Topic ที่มีการใช้งาน: 5
2025-11-11 11:58:50 | INFO | 💾 ข้อความที่เก็บไว้: 0
2025-11-11 11:58:50 | INFO | ================================
2025-11-11 11:59:20 | INFO | 📊 ===== สถิติ MQTT Broker =====
2025-11-11 11:59:20 | INFO | 🕒 เวลาทำงาน: 0:54:00.358913
2025-11-11 11:59:20 | INFO | 🔗 การเชื่อมต่อทั้งหมด: 4
2025-11-11 11:59:20 | INFO | 🟢 การเชื่อมต่อปัจจุบัน: 2
2025-11-11 11:59:20 | INFO | 📨 ข้อความทั้งหมด: 155
2025-11-11 11:59:20 | INFO | 📥 subscription ทั้งหมด: 10
2025-11-11 11:59:20 | INFO | 📂 Topic ที่มีการใช้งาน: 5
2025-11-11 11:59:20 | INFO | 💾 ข้อความที่เก็บไว้: 0
2025-11-11 11:59:20 | INFO | ================================
2025-11-11 11:59:50 | INFO | 📊 ===== สถิติ MQTT Broker =====
2025-11-11 11:59:50 | INFO | 🕒 เวลาทำงาน: 0:54:30.360786
2025-11-11 11:59:50 | INFO | 🔗 การเชื่อมต่อทั้งหมด: 4
2025-11-11 11:59:50 | INFO | 🟢 การเชื่อมต่อปัจจุบัน: 2
2025-11-11 11:59:50 | INFO | 📨 ข้อความทั้งหมด: 156
2025-11-11 11:59:50 | INFO | 📥 subscription ทั้งหมด: 10
2025-11-11 11:59:50 | INFO | 📂 Topic ที่มีการใช้งาน: 5
2025-11-11 11:59:50 | INFO | 💾 ข้อความที่เก็บไว้: 0
2025-11-11 11:59:50 | INFO | ================================
2025-11-11 12:00:20 | INFO | 📊 ===== สถิติ MQTT Broker =====
2025-11-11 12:00:20 | INFO | 🕒 เวลาทำงาน: 0:55:00.416976
2025-11-11 12:00:20 | INFO | 🔗 การเชื่อมต่อทั้งหมด: 4
2025-11-11 12:00:20 | INFO | 🟢 การเชื่อมต่อปัจจุบัน: 2
2025-11-11 12:00:20 | INFO | 📨 ข้อความทั้งหมด: 157
2025-11-11 12:00:20 | INFO | 📥 subscription ทั้งหมด: 10
2025-11-11 12:00:20 | INFO | 📂 Topic ที่มีการใช้งาน: 5
2025-11-11 12:00:20 | INFO | 💾 ข้อความที่เก็บไว้: 0
2025-11-11 12:00:20 | INFO | ================================
2025-11-11 12:00:50 | INFO | 📊 ===== สถิติ MQTT Broker =====
2025-11-11 12:00:50 | INFO | 🕒 เวลาทำงาน: 0:55:30.418659
2025-11-11 12:00:50 | INFO | 🔗 การเชื่อมต่อทั้งหมด: 4
2025-11-11 12:00:50 | INFO | 🟢 การเชื่อมต่อปัจจุบัน: 2
2025-11-11 12:00:50 | INFO | 📨 ข้อความทั้งหมด: 158
2025-11-11 12:00:50 | INFO | 📥 subscription ทั้งหมด: 10
2025-11-11 12:00:50 | INFO | 📂 Topic ที่มีการใช้งาน: 5
2025-11-11 12:00:50 | INFO | 💾 ข้อความที่เก็บไว้: 0
2025-11-11 12:00:50 | INFO | ================================
2025-11-11 12:01:20 | INFO | 📊 ===== สถิติ MQTT Broker =====
2025-11-11 12:01:20 | INFO | 🕒 เวลาทำงาน: 0:56:00.420458
2025-11-11 12:01:20 | INFO | 🔗 การเชื่อมต่อทั้งหมด: 4
2025-11-11 12:01:20 | INFO | 🟢 การเชื่อมต่อปัจจุบัน: 2
2025-11-11 12:01:20 | INFO | 📨 ข้อความทั้งหมด: 159
2025-11-11 12:01:20 | INFO | 📥 subscription ทั้งหมด: 10
2025-11-11 12:01:20 | INFO | 📂 Topic ที่มีการใช้งาน: 5
2025-11-11 12:01:20 | INFO | 💾 ข้อความที่เก็บไว้: 0
2025-11-11 12:01:20 | INFO | ================================
2025-11-11 12:01:50 | INFO | 📊 ===== สถิติ MQTT Broker =====
2025-11-11 12:01:50 | INFO | 🕒 เวลาทำงาน: 0:56:30.422386
2025-11-11 12:01:50 | INFO | 🔗 การเชื่อมต่อทั้งหมด: 4
2025-11-11 12:01:50 | INFO | 🟢 การเชื่อมต่อปัจจุบัน: 2
2025-11-11 12:01:50 | INFO | 📨 ข้อความทั้งหมด: 160
2025-11-11 12:01:50 | INFO | 📥 subscription ทั้งหมด: 10
2025-11-11 12:01:50 | INFO | 📂 Topic ที่มีการใช้งาน: 5
2025-11-11 12:01:50 | INFO | 💾 ข้อความที่เก็บไว้: 0
2025-11-11 12:01:50 | INFO | ================================
2025-11-11 12:02:20 | INFO | 📊 ===== สถิติ MQTT Broker =====
2025-11-11 12:02:20 | INFO | 🕒 เวลาทำงาน: 0:57:00.423986
2025-11-11 12:02:20 | INFO | 🔗 การเชื่อมต่อทั้งหมด: 4
2025-11-11 12:02:20 | INFO | 🟢 การเชื่อมต่อปัจจุบัน: 2
2025-11-11 12:02:20 | INFO | 📨 ข้อความทั้งหมด: 161
2025-11-11 12:02:20 | INFO | 📥 subscription ทั้งหมด: 10
2025-11-11 12:02:20 | INFO | 📂 Topic ที่มีการใช้งาน: 5
2025-11-11 12:02:20 | INFO | 💾 ข้อความที่เก็บไว้: 0
2025-11-11 12:02:20 | INFO | ================================
2025-11-11 12:02:50 | INFO | 📊 ===== สถิติ MQTT Broker =====
2025-11-11 12:02:50 | INFO | 🕒 เวลาทำงาน: 0:57:30.426896
2025-11-11 12:02:50 | INFO | 🔗 การเชื่อมต่อทั้งหมด: 4
2025-11-11 12:02:50 | INFO | 🟢 การเชื่อมต่อปัจจุบัน: 2
2025-11-11 12:02:50 | INFO | 📨 ข้อความทั้งหมด: 162
2025-11-11 12:02:50 | INFO | 📥 subscription ทั้งหมด: 10
2025-11-11 12:02:50 | INFO | 📂 Topic ที่มีการใช้งาน: 5
2025-11-11 12:02:50 | INFO | 💾 ข้อความที่เก็บไว้: 0
2025-11-11 12:02:50 | INFO | ================================
2025-11-11 12:03:20 | INFO | 📊 ===== สถิติ MQTT Broker =====
2025-11-11 12:03:20 | INFO | 🕒 เวลาทำงาน: 0:58:00.430722
2025-11-11 12:03:20 | INFO | 🔗 การเชื่อมต่อทั้งหมด: 4
2025-11-11 12:03:20 | INFO | 🟢 การเชื่อมต่อปัจจุบัน: 2
2025-11-11 12:03:20 | INFO | 📨 ข้อความทั้งหมด: 163
2025-11-11 12:03:20 | INFO | 📥 subscription ทั้งหมด: 10
2025-11-11 12:03:20 | INFO | 📂 Topic ที่มีการใช้งาน: 5
2025-11-11 12:03:20 | INFO | 💾 ข้อความที่เก็บไว้: 0
2025-11-11 12:03:20 | INFO | ================================
2025-11-11 12:03:50 | INFO | 📊 ===== สถิติ MQTT Broker =====
2025-11-11 12:03:50 | INFO | 🕒 เวลาทำงาน: 0:58:30.433783
2025-11-11 12:03:50 | INFO | 🔗 การเชื่อมต่อทั้งหมด: 4
2025-11-11 12:03:50 | INFO | 🟢 การเชื่อมต่อปัจจุบัน: 2
2025-11-11 12:03:50 | INFO | 📨 ข้อความทั้งหมด: 164
2025-11-11 12:03:50 | INFO | 📥 subscription ทั้งหมด: 10
2025-11-11 12:03:50 | INFO | 📂 Topic ที่มีการใช้งาน: 5
2025-11-11 12:03:50 | INFO | 💾 ข้อความที่เก็บไว้: 0
2025-11-11 12:03:50 | INFO | ================================
2025-11-11 12:04:20 | INFO | 📊 ===== สถิติ MQTT Broker =====
2025-11-11 12:04:20 | INFO | 🕒 เวลาทำงาน: 0:59:00.436122
2025-11-11 12:04:20 | INFO | 🔗 การเชื่อมต่อทั้งหมด: 4
2025-11-11 12:04:20 | INFO | 🟢 การเชื่อมต่อปัจจุบัน: 2
2025-11-11 12:04:20 | INFO | 📨 ข้อความทั้งหมด: 165
2025-11-11 12:04:20 | INFO | 📥 subscription ทั้งหมด: 10
2025-11-11 12:04:20 | INFO | 📂 Topic ที่มีการใช้งาน: 5
2025-11-11 12:04:20 | INFO | 💾 ข้อความที่เก็บไว้: 0
2025-11-11 12:04:20 | INFO | ================================
2025-11-11 12:04:50 | INFO | 📊 ===== สถิติ MQTT Broker =====
2025-11-11 12:04:50 | INFO | 🕒 เวลาทำงาน: 0:59:30.437512
2025-11-11 12:04:50 | INFO | 🔗 การเชื่อมต่อทั้งหมด: 4
2025-11-11 12:04:50 | INFO | 🟢 การเชื่อมต่อปัจจุบัน: 2
2025-11-11 12:04:50 | INFO | 📨 ข้อความทั้งหมด: 166
2025-11-11 12:04:50 | INFO | 📥 subscription ทั้งหมด: 10
2025-11-11 12:04:50 | INFO | 📂 Topic ที่มีการใช้งาน: 5
2025-11-11 12:04:50 | INFO | 💾 ข้อความที่เก็บไว้: 0
2025-11-11 12:04:50 | INFO | ================================
2025-11-11 12:05:20 | INFO | 📊 ===== สถิติ MQTT Broker =====
2025-11-11 12:05:20 | INFO | 🕒 เวลาทำงาน: 1:00:00.439388
2025-11-11 12:05:20 | INFO | 🔗 การเชื่อมต่อทั้งหมด: 4
2025-11-11 12:05:20 | INFO | 🟢 การเชื่อมต่อปัจจุบัน: 2
2025-11-11 12:05:20 | INFO | 📨 ข้อความทั้งหมด: 167
2025-11-11 12:05:20 | INFO | 📥 subscription ทั้งหมด: 10
2025-11-11 12:05:20 | INFO | 📂 Topic ที่มีการใช้งาน: 5
2025-11-11 12:05:20 | INFO | 💾 ข้อความที่เก็บไว้: 0
2025-11-11 12:05:20 | INFO | ================================
2025-11-11 12:05:50 | INFO | 📊 ===== สถิติ MQTT Broker =====
2025-11-11 12:05:50 | INFO | 🕒 เวลาทำงาน: 1:00:30.441425
2025-11-11 12:05:50 | INFO | 🔗 การเชื่อมต่อทั้งหมด: 4
2025-11-11 12:05:50 | INFO | 🟢 การเชื่อมต่อปัจจุบัน: 2
2025-11-11 12:05:50 | INFO | 📨 ข้อความทั้งหมด: 168
2025-11-11 12:05:50 | INFO | 📥 subscription ทั้งหมด: 10
2025-11-11 12:05:50 | INFO | 📂 Topic ที่มีการใช้งาน: 5
2025-11-11 12:05:50 | INFO | 💾 ข้อความที่เก็บไว้: 0
2025-11-11 12:05:50 | INFO | ================================
2025-11-11 12:06:20 | INFO | 📊 ===== สถิติ MQTT Broker =====
2025-11-11 12:06:20 | INFO | 🕒 เวลาทำงาน: 1:01:00.442948
2025-11-11 12:06:20 | INFO | 🔗 การเชื่อมต่อทั้งหมด: 4
2025-11-11 12:06:20 | INFO | 🟢 การเชื่อมต่อปัจจุบัน: 2
2025-11-11 12:06:20 | INFO | 📨 ข้อความทั้งหมด: 169
2025-11-11 12:06:20 | INFO | 📥 subscription ทั้งหมด: 10
2025-11-11 12:06:20 | INFO | 📂 Topic ที่มีการใช้งาน: 5
2025-11-11 12:06:20 | INFO | 💾 ข้อความที่เก็บไว้: 0
2025-11-11 12:06:20 | INFO | ================================
2025-11-11 12:06:50 | INFO | 📊 ===== สถิติ MQTT Broker =====
2025-11-11 12:06:50 | INFO | 🕒 เวลาทำงาน: 1:01:30.444964
2025-11-11 12:06:50 | INFO | 🔗 การเชื่อมต่อทั้งหมด: 4
2025-11-11 12:06:50 | INFO | 🟢 การเชื่อมต่อปัจจุบัน: 2
2025-11-11 12:06:50 | INFO | 📨 ข้อความทั้งหมด: 170
2025-11-11 12:06:50 | INFO | 📥 subscription ทั้งหมด: 10
2025-11-11 12:06:50 | INFO | 📂 Topic ที่มีการใช้งาน: 5
2025-11-11 12:06:50 | INFO | 💾 ข้อความที่เก็บไว้: 0
2025-11-11 12:06:50 | INFO | ================================
2025-11-11 12:07:20 | INFO | 📊 ===== สถิติ MQTT Broker =====
2025-11-11 12:07:20 | INFO | 🕒 เวลาทำงาน: 1:02:00.448481
2025-11-11 12:07:20 | INFO | 🔗 การเชื่อมต่อทั้งหมด: 4
2025-11-11 12:07:20 | INFO | 🟢 การเชื่อมต่อปัจจุบัน: 2
2025-11-11 12:07:20 | INFO | 📨 ข้อความทั้งหมด: 171
2025-11-11 12:07:20 | INFO | 📥 subscription ทั้งหมด: 10
2025-11-11 12:07:20 | INFO | 📂 Topic ที่มีการใช้งาน: 5
2025-11-11 12:07:20 | INFO | 💾 ข้อความที่เก็บไว้: 0
2025-11-11 12:07:20 | INFO | ================================
2025-11-11 12:07:50 | INFO | 📊 ===== สถิติ MQTT Broker =====
2025-11-11 12:07:50 | INFO | 🕒 เวลาทำงาน: 1:02:30.450044
2025-11-11 12:07:50 | INFO | 🔗 การเชื่อมต่อทั้งหมด: 4
2025-11-11 12:07:50 | INFO | 🟢 การเชื่อมต่อปัจจุบัน: 2
2025-11-11 12:07:50 | INFO | 📨 ข้อความทั้งหมด: 172
2025-11-11 12:07:50 | INFO | 📥 subscription ทั้งหมด: 10
2025-11-11 12:07:50 | INFO | 📂 Topic ที่มีการใช้งาน: 5
2025-11-11 12:07:50 | INFO | 💾 ข้อความที่เก็บไว้: 0
2025-11-11 12:07:50 | INFO | ================================
2025-11-11 12:07:52 | INFO | 🔌 client_3_1762834920 ตัดการเชื่อมต่อแล้ว
2025-11-11 12:07:52 | INFO | ✅ Client ใหม่เชื่อมต่อ: client_2_1762837672 จาก ('127.0.0.1', 9786)
2025-11-11 12:08:20 | INFO | 📊 ===== สถิติ MQTT Broker =====
2025-11-11 12:08:20 | INFO | 🕒 เวลาทำงาน: 1:03:00.451663
2025-11-11 12:08:20 | INFO | 🔗 การเชื่อมต่อทั้งหมด: 5
2025-11-11 12:08:20 | INFO | 🟢 การเชื่อมต่อปัจจุบัน: 2
2025-11-11 12:08:20 | INFO | 📨 ข้อความทั้งหมด: 173
2025-11-11 12:08:20 | INFO | 📥 subscription ทั้งหมด: 10
2025-11-11 12:08:20 | INFO | 📂 Topic ที่มีการใช้งาน: 5
2025-11-11 12:08:20 | INFO | 💾 ข้อความที่เก็บไว้: 0
2025-11-11 12:08:20 | INFO | ================================
2025-11-11 12:08:50 | INFO | 📊 ===== สถิติ MQTT Broker =====
2025-11-11 12:08:50 | INFO | 🕒 เวลาทำงาน: 1:03:30.454000
2025-11-11 12:08:50 | INFO | 🔗 การเชื่อมต่อทั้งหมด: 5
2025-11-11 12:08:50 | INFO | 🟢 การเชื่อมต่อปัจจุบัน: 2
2025-11-11 12:08:50 | INFO | 📨 ข้อความทั้งหมด: 174
2025-11-11 12:08:50 | INFO | 📥 subscription ทั้งหมด: 10
2025-11-11 12:08:50 | INFO | 📂 Topic ที่มีการใช้งาน: 5
2025-11-11 12:08:50 | INFO | 💾 ข้อความที่เก็บไว้: 0
2025-11-11 12:08:50 | INFO | ================================
2025-11-11 12:09:20 | INFO | 📊 ===== สถิติ MQTT Broker =====
2025-11-11 12:09:20 | INFO | 🕒 เวลาทำงาน: 1:04:00.456971
2025-11-11 12:09:20 | INFO | 🔗 การเชื่อมต่อทั้งหมด: 5
2025-11-11 12:09:20 | INFO | 🟢 การเชื่อมต่อปัจจุบัน: 2
2025-11-11 12:09:20 | INFO | 📨 ข้อความทั้งหมด: 175
2025-11-11 12:09:20 | INFO | 📥 subscription ทั้งหมด: 10
2025-11-11 12:09:20 | INFO | 📂 Topic ที่มีการใช้งาน: 5
2025-11-11 12:09:20 | INFO | 💾 ข้อความที่เก็บไว้: 0
2025-11-11 12:09:20 | INFO | ================================
2025-11-11 12:09:50 | INFO | 📊 ===== สถิติ MQTT Broker =====
2025-11-11 12:09:50 | INFO | 🕒 เวลาทำงาน: 1:04:30.458687
2025-11-11 12:09:50 | INFO | 🔗 การเชื่อมต่อทั้งหมด: 5
2025-11-11 12:09:50 | INFO | 🟢 การเชื่อมต่อปัจจุบัน: 2
2025-11-11 12:09:50 | INFO | 📨 ข้อความทั้งหมด: 176
2025-11-11 12:09:50 | INFO | 📥 subscription ทั้งหมด: 10
2025-11-11 12:09:50 | INFO | 📂 Topic ที่มีการใช้งาน: 5
2025-11-11 12:09:50 | INFO | 💾 ข้อความที่เก็บไว้: 0
2025-11-11 12:09:50 | INFO | ================================
2025-11-11 12:10:20 | INFO | 📊 ===== สถิติ MQTT Broker =====
2025-11-11 12:10:20 | INFO | 🕒 เวลาทำงาน: 1:05:00.460026
2025-11-11 12:10:20 | INFO | 🔗 การเชื่อมต่อทั้งหมด: 5
2025-11-11 12:10:20 | INFO | 🟢 การเชื่อมต่อปัจจุบัน: 2
2025-11-11 12:10:20 | INFO | 📨 ข้อความทั้งหมด: 177
2025-11-11 12:10:20 | INFO | 📥 subscription ทั้งหมด: 10
2025-11-11 12:10:20 | INFO | 📂 Topic ที่มีการใช้งาน: 5
2025-11-11 12:10:20 | INFO | 💾 ข้อความที่เก็บไว้: 0
2025-11-11 12:10:20 | INFO | ================================
2025-11-11 12:10:50 | INFO | 📊 ===== สถิติ MQTT Broker =====
2025-11-11 12:10:50 | INFO | 🕒 เวลาทำงาน: 1:05:30.461653
2025-11-11 12:10:50 | INFO | 🔗 การเชื่อมต่อทั้งหมด: 5
2025-11-11 12:10:50 | INFO | 🟢 การเชื่อมต่อปัจจุบัน: 2
2025-11-11 12:10:50 | INFO | 📨 ข้อความทั้งหมด: 178
2025-11-11 12:10:50 | INFO | 📥 subscription ทั้งหมด: 10
2025-11-11 12:10:50 | INFO | 📂 Topic ที่มีการใช้งาน: 5
2025-11-11 12:10:50 | INFO | 💾 ข้อความที่เก็บไว้: 0
2025-11-11 12:10:50 | INFO | ================================
2025-11-11 12:11:02 | INFO | 🔌 client_3_1762834603 ตัดการเชื่อมต่อแล้ว
2025-11-11 12:11:06 | INFO | 🔌 client_2_1762837672 ตัดการเชื่อมต่อแล้ว
2025-11-11 12:11:09 | INFO | 🛑 กำลังหยุด MQTT Broker...
2025-11-11 12:11:09 | INFO | ✅ MQTT Broker หยุดทำงานแล้ว
2025-11-11 12:11:09 | INFO | 🛑 กำลังหยุด MQTT Broker...
2025-11-11 12:11:09 | INFO | ✅ MQTT Broker หยุดทำงานแล้ว
