2025-11-11 10:01:12 | INFO | 🚀 MQTT Broker เริ่มทำงานแล้ว!
2025-11-11 10:01:12 | INFO | 📍 รอรับการเชื่อมต่อที่ localhost:1883
2025-11-11 10:01:42 | INFO | 📊 ===== สถิติ MQTT Broker =====
2025-11-11 10:01:42 | INFO | 🕒 เวลาทำงาน: 0:00:30.001359
2025-11-11 10:01:42 | INFO | 🔗 การเชื่อมต่อทั้งหมด: 0
2025-11-11 10:01:42 | INFO | 🟢 การเชื่อมต่อปัจจุบัน: 0
2025-11-11 10:01:42 | INFO | 📨 ข้อความทั้งหมด: 0
2025-11-11 10:01:42 | INFO | 📥 subscription ทั้งหมด: 0
2025-11-11 10:01:42 | INFO | 📂 Topic ที่มีการใช้งาน: 0
2025-11-11 10:01:42 | INFO | 💾 ข้อความที่เก็บไว้: 0
2025-11-11 10:01:42 | INFO | ================================
2025-11-11 10:02:12 | INFO | 📊 ===== สถิติ MQTT Broker =====
2025-11-11 10:02:12 | INFO | 🕒 เวลาทำงาน: 0:01:00.019894
2025-11-11 10:02:12 | INFO | 🔗 การเชื่อมต่อทั้งหมด: 0
2025-11-11 10:02:12 | INFO | 🟢 การเชื่อมต่อปัจจุบัน: 0
2025-11-11 10:02:12 | INFO | 📨 ข้อความทั้งหมด: 0
2025-11-11 10:02:12 | INFO | 📥 subscription ทั้งหมด: 0
2025-11-11 10:02:12 | INFO | 📂 Topic ที่มีการใช้งาน: 0
2025-11-11 10:02:12 | INFO | 💾 ข้อความที่เก็บไว้: 0
2025-11-11 10:02:12 | INFO | ================================
2025-11-11 10:02:42 | INFO | 📊 ===== สถิติ MQTT Broker =====
2025-11-11 10:02:42 | INFO | 🕒 เวลาทำงาน: 0:01:30.022508
2025-11-11 10:02:42 | INFO | 🔗 การเชื่อมต่อทั้งหมด: 0
2025-11-11 10:02:42 | INFO | 🟢 การเชื่อมต่อปัจจุบัน: 0
2025-11-11 10:02:42 | INFO | 📨 ข้อความทั้งหมด: 0
2025-11-11 10:02:42 | INFO | 📥 subscription ทั้งหมด: 0
2025-11-11 10:02:42 | INFO | 📂 Topic ที่มีการใช้งาน: 0
2025-11-11 10:02:42 | INFO | 💾 ข้อความที่เก็บไว้: 0
2025-11-11 10:02:42 | INFO | ================================
2025-11-11 10:03:12 | INFO | 📊 ===== สถิติ MQTT Broker =====
2025-11-11 10:03:12 | INFO | 🕒 เวลาทำงาน: 0:02:00.026987
2025-11-11 10:03:12 | INFO | 🔗 การเชื่อมต่อทั้งหมด: 0
2025-11-11 10:03:12 | INFO | 🟢 การเชื่อมต่อปัจจุบัน: 0
2025-11-11 10:03:12 | INFO | 📨 ข้อความทั้งหมด: 0
2025-11-11 10:03:12 | INFO | 📥 subscription ทั้งหมด: 0
2025-11-11 10:03:12 | INFO | 📂 Topic ที่มีการใช้งาน: 0
2025-11-11 10:03:12 | INFO | 💾 ข้อความที่เก็บไว้: 0
2025-11-11 10:03:12 | INFO | ================================
2025-11-11 10:03:42 | INFO | 📊 ===== สถิติ MQTT Broker =====
2025-11-11 10:03:42 | INFO | 🕒 เวลาทำงาน: 0:02:30.053647
2025-11-11 10:03:42 | INFO | 🔗 การเชื่อมต่อทั้งหมด: 0
2025-11-11 10:03:42 | INFO | 🟢 การเชื่อมต่อปัจจุบัน: 0
2025-11-11 10:03:42 | INFO | 📨 ข้อความทั้งหมด: 0
2025-11-11 10:03:42 | INFO | 📥 subscription ทั้งหมด: 0
2025-11-11 10:03:42 | INFO | 📂 Topic ที่มีการใช้งาน: 0
2025-11-11 10:03:42 | INFO | 💾 ข้อความที่เก็บไว้: 0
2025-11-11 10:03:42 | INFO | ================================
2025-11-11 10:04:12 | INFO | 📊 ===== สถิติ MQTT Broker =====
2025-11-11 10:04:12 | INFO | 🕒 เวลาทำงาน: 0:03:00.090700
2025-11-11 10:04:12 | INFO | 🔗 การเชื่อมต่อทั้งหมด: 0
2025-11-11 10:04:12 | INFO | 🟢 การเชื่อมต่อปัจจุบัน: 0
2025-11-11 10:04:12 | INFO | 📨 ข้อความทั้งหมด: 0
2025-11-11 10:04:12 | INFO | 📥 subscription ทั้งหมด: 0
2025-11-11 10:04:12 | INFO | 📂 Topic ที่มีการใช้งาน: 0
2025-11-11 10:04:12 | INFO | 💾 ข้อความที่เก็บไว้: 0
2025-11-11 10:04:12 | INFO | ================================
2025-11-11 10:04:42 | INFO | 📊 ===== สถิติ MQTT Broker =====
2025-11-11 10:04:42 | INFO | 🕒 เวลาทำงาน: 0:03:30.092719
2025-11-11 10:04:42 | INFO | 🔗 การเชื่อมต่อทั้งหมด: 0
2025-11-11 10:04:42 | INFO | 🟢 การเชื่อมต่อปัจจุบัน: 0
2025-11-11 10:04:42 | INFO | 📨 ข้อความทั้งหมด: 0
2025-11-11 10:04:42 | INFO | 📥 subscription ทั้งหมด: 0
2025-11-11 10:04:42 | INFO | 📂 Topic ที่มีการใช้งาน: 0
2025-11-11 10:04:42 | INFO | 💾 ข้อความที่เก็บไว้: 0
2025-11-11 10:04:42 | INFO | ================================
2025-11-11 10:05:12 | INFO | 📊 ===== สถิติ MQTT Broker =====
2025-11-11 10:05:12 | INFO | 🕒 เวลาทำงาน: 0:04:00.095025
2025-11-11 10:05:12 | INFO | 🔗 การเชื่อมต่อทั้งหมด: 0
2025-11-11 10:05:12 | INFO | 🟢 การเชื่อมต่อปัจจุบัน: 0
2025-11-11 10:05:12 | INFO | 📨 ข้อความทั้งหมด: 0
2025-11-11 10:05:12 | INFO | 📥 subscription ทั้งหมด: 0
2025-11-11 10:05:12 | INFO | 📂 Topic ที่มีการใช้งาน: 0
2025-11-11 10:05:12 | INFO | 💾 ข้อความที่เก็บไว้: 0
2025-11-11 10:05:12 | INFO | ================================
2025-11-11 10:05:42 | INFO | 📊 ===== สถิติ MQTT Broker =====
2025-11-11 10:05:42 | INFO | 🕒 เวลาทำงาน: 0:04:30.097170
2025-11-11 10:05:42 | INFO | 🔗 การเชื่อมต่อทั้งหมด: 0
2025-11-11 10:05:42 | INFO | 🟢 การเชื่อมต่อปัจจุบัน: 0
2025-11-11 10:05:42 | INFO | 📨 ข้อความทั้งหมด: 0
2025-11-11 10:05:42 | INFO | 📥 subscription ทั้งหมด: 0
2025-11-11 10:05:42 | INFO | 📂 Topic ที่มีการใช้งาน: 0
2025-11-11 10:05:42 | INFO | 💾 ข้อความที่เก็บไว้: 0
2025-11-11 10:05:42 | INFO | ================================
2025-11-11 10:06:12 | INFO | 📊 ===== สถิติ MQTT Broker =====
2025-11-11 10:06:12 | INFO | 🕒 เวลาทำงาน: 0:05:00.099858
2025-11-11 10:06:12 | INFO | 🔗 การเชื่อมต่อทั้งหมด: 0
2025-11-11 10:06:12 | INFO | 🟢 การเชื่อมต่อปัจจุบัน: 0
2025-11-11 10:06:12 | INFO | 📨 ข้อความทั้งหมด: 0
2025-11-11 10:06:12 | INFO | 📥 subscription ทั้งหมด: 0
2025-11-11 10:06:12 | INFO | 📂 Topic ที่มีการใช้งาน: 0
2025-11-11 10:06:12 | INFO | 💾 ข้อความที่เก็บไว้: 0
2025-11-11 10:06:12 | INFO | ================================
2025-11-11 10:06:42 | INFO | 📊 ===== สถิติ MQTT Broker =====
2025-11-11 10:06:42 | INFO | 🕒 เวลาทำงาน: 0:05:30.102170
2025-11-11 10:06:42 | INFO | 🔗 การเชื่อมต่อทั้งหมด: 0
2025-11-11 10:06:42 | INFO | 🟢 การเชื่อมต่อปัจจุบัน: 0
2025-11-11 10:06:42 | INFO | 📨 ข้อความทั้งหมด: 0
2025-11-11 10:06:42 | INFO | 📥 subscription ทั้งหมด: 0
2025-11-11 10:06:42 | INFO | 📂 Topic ที่มีการใช้งาน: 0
2025-11-11 10:06:42 | INFO | 💾 ข้อความที่เก็บไว้: 0
2025-11-11 10:06:42 | INFO | ================================
2025-11-11 10:07:12 | INFO | 📊 ===== สถิติ MQTT Broker =====
2025-11-11 10:07:12 | INFO | 🕒 เวลาทำงาน: 0:06:00.103927
2025-11-11 10:07:12 | INFO | 🔗 การเชื่อมต่อทั้งหมด: 0
2025-11-11 10:07:12 | INFO | 🟢 การเชื่อมต่อปัจจุบัน: 0
2025-11-11 10:07:12 | INFO | 📨 ข้อความทั้งหมด: 0
2025-11-11 10:07:12 | INFO | 📥 subscription ทั้งหมด: 0
2025-11-11 10:07:12 | INFO | 📂 Topic ที่มีการใช้งาน: 0
2025-11-11 10:07:12 | INFO | 💾 ข้อความที่เก็บไว้: 0
2025-11-11 10:07:12 | INFO | ================================
2025-11-11 10:07:42 | INFO | 📊 ===== สถิติ MQTT Broker =====
2025-11-11 10:07:42 | INFO | 🕒 เวลาทำงาน: 0:06:30.109779
2025-11-11 10:07:42 | INFO | 🔗 การเชื่อมต่อทั้งหมด: 0
2025-11-11 10:07:42 | INFO | 🟢 การเชื่อมต่อปัจจุบัน: 0
2025-11-11 10:07:42 | INFO | 📨 ข้อความทั้งหมด: 0
2025-11-11 10:07:42 | INFO | 📥 subscription ทั้งหมด: 0
2025-11-11 10:07:42 | INFO | 📂 Topic ที่มีการใช้งาน: 0
2025-11-11 10:07:42 | INFO | 💾 ข้อความที่เก็บไว้: 0
2025-11-11 10:07:42 | INFO | ================================
2025-11-11 10:08:12 | INFO | 📊 ===== สถิติ MQTT Broker =====
2025-11-11 10:08:12 | INFO | 🕒 เวลาทำงาน: 0:07:00.116865
2025-11-11 10:08:13 | INFO | 🔗 การเชื่อมต่อทั้งหมด: 0
2025-11-11 10:08:13 | INFO | 🟢 การเชื่อมต่อปัจจุบัน: 0
2025-11-11 10:08:13 | INFO | 📨 ข้อความทั้งหมด: 0
2025-11-11 10:08:13 | INFO | 📥 subscription ทั้งหมด: 0
2025-11-11 10:08:13 | INFO | 📂 Topic ที่มีการใช้งาน: 0
2025-11-11 10:08:13 | INFO | 💾 ข้อความที่เก็บไว้: 0
2025-11-11 10:08:13 | INFO | ================================
2025-11-11 10:08:43 | INFO | 📊 ===== สถิติ MQTT Broker =====
2025-11-11 10:08:43 | INFO | 🕒 เวลาทำงาน: 0:07:30.197815
2025-11-11 10:08:43 | INFO | 🔗 การเชื่อมต่อทั้งหมด: 0
2025-11-11 10:08:43 | INFO | 🟢 การเชื่อมต่อปัจจุบัน: 0
2025-11-11 10:08:43 | INFO | 📨 ข้อความทั้งหมด: 0
2025-11-11 10:08:43 | INFO | 📥 subscription ทั้งหมด: 0
2025-11-11 10:08:43 | INFO | 📂 Topic ที่มีการใช้งาน: 0
2025-11-11 10:08:43 | INFO | 💾 ข้อความที่เก็บไว้: 0
2025-11-11 10:08:43 | INFO | ================================
2025-11-11 10:09:13 | INFO | 📊 ===== สถิติ MQTT Broker =====
2025-11-11 10:09:13 | INFO | 🕒 เวลาทำงาน: 0:08:00.199569
2025-11-11 10:09:13 | INFO | 🔗 การเชื่อมต่อทั้งหมด: 0
2025-11-11 10:09:13 | INFO | 🟢 การเชื่อมต่อปัจจุบัน: 0
2025-11-11 10:09:13 | INFO | 📨 ข้อความทั้งหมด: 0
2025-11-11 10:09:13 | INFO | 📥 subscription ทั้งหมด: 0
2025-11-11 10:09:13 | INFO | 📂 Topic ที่มีการใช้งาน: 0
2025-11-11 10:09:13 | INFO | 💾 ข้อความที่เก็บไว้: 0
2025-11-11 10:09:13 | INFO | ================================
2025-11-11 10:09:43 | INFO | 📊 ===== สถิติ MQTT Broker =====
2025-11-11 10:09:43 | INFO | 🕒 เวลาทำงาน: 0:08:30.201970
2025-11-11 10:09:43 | INFO | 🔗 การเชื่อมต่อทั้งหมด: 0
2025-11-11 10:09:43 | INFO | 🟢 การเชื่อมต่อปัจจุบัน: 0
2025-11-11 10:09:43 | INFO | 📨 ข้อความทั้งหมด: 0
2025-11-11 10:09:43 | INFO | 📥 subscription ทั้งหมด: 0
2025-11-11 10:09:43 | INFO | 📂 Topic ที่มีการใช้งาน: 0
2025-11-11 10:09:43 | INFO | 💾 ข้อความที่เก็บไว้: 0
2025-11-11 10:09:43 | INFO | ================================
2025-11-11 10:10:13 | INFO | 📊 ===== สถิติ MQTT Broker =====
2025-11-11 10:10:13 | INFO | 🕒 เวลาทำงาน: 0:09:00.204293
2025-11-11 10:10:13 | INFO | 🔗 การเชื่อมต่อทั้งหมด: 0
2025-11-11 10:10:13 | INFO | 🟢 การเชื่อมต่อปัจจุบัน: 0
2025-11-11 10:10:13 | INFO | 📨 ข้อความทั้งหมด: 0
2025-11-11 10:10:13 | INFO | 📥 subscription ทั้งหมด: 0
2025-11-11 10:10:13 | INFO | 📂 Topic ที่มีการใช้งาน: 0
2025-11-11 10:10:13 | INFO | 💾 ข้อความที่เก็บไว้: 0
2025-11-11 10:10:13 | INFO | ================================
2025-11-11 10:10:43 | INFO | 📊 ===== สถิติ MQTT Broker =====
2025-11-11 10:10:43 | INFO | 🕒 เวลาทำงาน: 0:09:30.206305
2025-11-11 10:10:43 | INFO | 🔗 การเชื่อมต่อทั้งหมด: 0
2025-11-11 10:10:43 | INFO | 🟢 การเชื่อมต่อปัจจุบัน: 0
2025-11-11 10:10:43 | INFO | 📨 ข้อความทั้งหมด: 0
2025-11-11 10:10:43 | INFO | 📥 subscription ทั้งหมด: 0
2025-11-11 10:10:43 | INFO | 📂 Topic ที่มีการใช้งาน: 0
2025-11-11 10:10:43 | INFO | 💾 ข้อความที่เก็บไว้: 0
2025-11-11 10:10:43 | INFO | ================================
2025-11-11 10:11:13 | INFO | 📊 ===== สถิติ MQTT Broker =====
2025-11-11 10:11:13 | INFO | 🕒 เวลาทำงาน: 0:10:00.208276
2025-11-11 10:11:13 | INFO | 🔗 การเชื่อมต่อทั้งหมด: 0
2025-11-11 10:11:13 | INFO | 🟢 การเชื่อมต่อปัจจุบัน: 0
2025-11-11 10:11:13 | INFO | 📨 ข้อความทั้งหมด: 0
2025-11-11 10:11:13 | INFO | 📥 subscription ทั้งหมด: 0
2025-11-11 10:11:13 | INFO | 📂 Topic ที่มีการใช้งาน: 0
2025-11-11 10:11:13 | INFO | 💾 ข้อความที่เก็บไว้: 0
2025-11-11 10:11:13 | INFO | ================================
2025-11-11 10:11:43 | INFO | 📊 ===== สถิติ MQTT Broker =====
2025-11-11 10:11:43 | INFO | 🕒 เวลาทำงาน: 0:10:30.214609
2025-11-11 10:11:43 | INFO | 🔗 การเชื่อมต่อทั้งหมด: 0
2025-11-11 10:11:43 | INFO | 🟢 การเชื่อมต่อปัจจุบัน: 0
2025-11-11 10:11:43 | INFO | 📨 ข้อความทั้งหมด: 0
2025-11-11 10:11:43 | INFO | 📥 subscription ทั้งหมด: 0
2025-11-11 10:11:43 | INFO | 📂 Topic ที่มีการใช้งาน: 0
2025-11-11 10:11:43 | INFO | 💾 ข้อความที่เก็บไว้: 0
2025-11-11 10:11:43 | INFO | ================================
2025-11-11 10:12:13 | INFO | 📊 ===== สถิติ MQTT Broker =====
2025-11-11 10:12:13 | INFO | 🕒 เวลาทำงาน: 0:11:00.252598
2025-11-11 10:12:13 | INFO | 🔗 การเชื่อมต่อทั้งหมด: 0
2025-11-11 10:12:13 | INFO | 🟢 การเชื่อมต่อปัจจุบัน: 0
2025-11-11 10:12:13 | INFO | 📨 ข้อความทั้งหมด: 0
2025-11-11 10:12:13 | INFO | 📥 subscription ทั้งหมด: 0
2025-11-11 10:12:13 | INFO | 📂 Topic ที่มีการใช้งาน: 0
2025-11-11 10:12:13 | INFO | 💾 ข้อความที่เก็บไว้: 0
2025-11-11 10:12:13 | INFO | ================================
2025-11-11 10:16:55 | INFO | 🚀 MQTT Broker เริ่มทำงานแล้ว!
2025-11-11 10:16:55 | INFO | 📍 รอรับการเชื่อมต่อที่ localhost:1883
2025-11-11 10:17:25 | INFO | 📊 ===== สถิติ MQTT Broker =====
2025-11-11 10:17:25 | INFO | 🕒 เวลาทำงาน: 0:00:30.001610
2025-11-11 10:17:25 | INFO | 🔗 การเชื่อมต่อทั้งหมด: 0
2025-11-11 10:17:25 | INFO | 🟢 การเชื่อมต่อปัจจุบัน: 0
2025-11-11 10:17:25 | INFO | 📨 ข้อความทั้งหมด: 0
2025-11-11 10:17:25 | INFO | 📥 subscription ทั้งหมด: 0
2025-11-11 10:17:25 | INFO | 📂 Topic ที่มีการใช้งาน: 0
2025-11-11 10:17:25 | INFO | 💾 ข้อความที่เก็บไว้: 0
2025-11-11 10:17:25 | INFO | ================================
2025-11-11 10:17:55 | INFO | 📊 ===== สถิติ MQTT Broker =====
2025-11-11 10:17:55 | INFO | 🕒 เวลาทำงาน: 0:01:00.003604
2025-11-11 10:17:55 | INFO | 🔗 การเชื่อมต่อทั้งหมด: 0
2025-11-11 10:17:55 | INFO | 🟢 การเชื่อมต่อปัจจุบัน: 0
2025-11-11 10:17:55 | INFO | 📨 ข้อความทั้งหมด: 0
2025-11-11 10:17:55 | INFO | 📥 subscription ทั้งหมด: 0
2025-11-11 10:17:55 | INFO | 📂 Topic ที่มีการใช้งาน: 0
2025-11-11 10:17:55 | INFO | 💾 ข้อความที่เก็บไว้: 0
2025-11-11 10:17:55 | INFO | ================================
2025-11-11 10:18:25 | INFO | 📊 ===== สถิติ MQTT Broker =====
2025-11-11 10:18:25 | INFO | 🕒 เวลาทำงาน: 0:01:30.033690
2025-11-11 10:18:25 | INFO | 🔗 การเชื่อมต่อทั้งหมด: 0
2025-11-11 10:18:25 | INFO | 🟢 การเชื่อมต่อปัจจุบัน: 0
2025-11-11 10:18:25 | INFO | 📨 ข้อความทั้งหมด: 0
2025-11-11 10:18:25 | INFO | 📥 subscription ทั้งหมด: 0
2025-11-11 10:18:25 | INFO | 📂 Topic ที่มีการใช้งาน: 0
2025-11-11 10:18:25 | INFO | 💾 ข้อความที่เก็บไว้: 0
2025-11-11 10:18:25 | INFO | ================================
2025-11-11 10:18:55 | INFO | 📊 ===== สถิติ MQTT Broker =====
2025-11-11 10:18:55 | INFO | 🕒 เวลาทำงาน: 0:02:00.035676
2025-11-11 10:18:55 | INFO | 🔗 การเชื่อมต่อทั้งหมด: 0
2025-11-11 10:18:55 | INFO | 🟢 การเชื่อมต่อปัจจุบัน: 0
2025-11-11 10:18:55 | INFO | 📨 ข้อความทั้งหมด: 0
2025-11-11 10:18:55 | INFO | 📥 subscription ทั้งหมด: 0
2025-11-11 10:18:55 | INFO | 📂 Topic ที่มีการใช้งาน: 0
2025-11-11 10:18:55 | INFO | 💾 ข้อความที่เก็บไว้: 0
2025-11-11 10:18:55 | INFO | ================================
2025-11-11 10:19:25 | INFO | 📊 ===== สถิติ MQTT Broker =====
2025-11-11 10:19:25 | INFO | 🕒 เวลาทำงาน: 0:02:30.037647
2025-11-11 10:19:25 | INFO | 🔗 การเชื่อมต่อทั้งหมด: 0
2025-11-11 10:19:25 | INFO | 🟢 การเชื่อมต่อปัจจุบัน: 0
2025-11-11 10:19:25 | INFO | 📨 ข้อความทั้งหมด: 0
2025-11-11 10:19:25 | INFO | 📥 subscription ทั้งหมด: 0
2025-11-11 10:19:25 | INFO | 📂 Topic ที่มีการใช้งาน: 0
2025-11-11 10:19:25 | INFO | 💾 ข้อความที่เก็บไว้: 0
2025-11-11 10:19:25 | INFO | ================================
2025-11-11 10:19:55 | INFO | 📊 ===== สถิติ MQTT Broker =====
2025-11-11 10:19:55 | INFO | 🕒 เวลาทำงาน: 0:03:00.039644
2025-11-11 10:19:55 | INFO | 🔗 การเชื่อมต่อทั้งหมด: 0
2025-11-11 10:19:55 | INFO | 🟢 การเชื่อมต่อปัจจุบัน: 0
2025-11-11 10:19:55 | INFO | 📨 ข้อความทั้งหมด: 0
2025-11-11 10:19:55 | INFO | 📥 subscription ทั้งหมด: 0
2025-11-11 10:19:55 | INFO | 📂 Topic ที่มีการใช้งาน: 0
2025-11-11 10:19:55 | INFO | 💾 ข้อความที่เก็บไว้: 0
2025-11-11 10:19:55 | INFO | ================================
2025-11-11 10:19:59 | INFO | ✅ Client ใหม่เชื่อมต่อ: client_1_1762831199 จาก ('127.0.0.1', 36091)
2025-11-11 10:19:59 | INFO | 📥 client_1_1762831199 subscribe topic: 'sensor/temperature'
2025-11-11 10:19:59 | INFO | 📥 client_1_1762831199 subscribe topic: 'sensor/humidity'
2025-11-11 10:19:59 | INFO | 📥 client_1_1762831199 subscribe topic: 'home/+/status'
2025-11-11 10:19:59 | INFO | 📥 client_1_1762831199 subscribe topic: 'device/+/data'
2025-11-11 10:19:59 | INFO | 📥 client_1_1762831199 subscribe topic: 'test/message'
2025-11-11 10:20:25 | INFO | 🔌 client_1_1762831199 ตัดการเชื่อมต่อแล้ว
2025-11-11 10:20:25 | INFO | 📊 ===== สถิติ MQTT Broker =====
2025-11-11 10:20:25 | INFO | 🕒 เวลาทำงาน: 0:03:30.042467
2025-11-11 10:20:25 | INFO | 🔗 การเชื่อมต่อทั้งหมด: 1
2025-11-11 10:20:25 | INFO | 🟢 การเชื่อมต่อปัจจุบัน: 0
2025-11-11 10:20:25 | INFO | 📨 ข้อความทั้งหมด: 5
2025-11-11 10:20:25 | INFO | 📥 subscription ทั้งหมด: 5
2025-11-11 10:20:25 | INFO | 📂 Topic ที่มีการใช้งาน: 0
2025-11-11 10:20:25 | INFO | 💾 ข้อความที่เก็บไว้: 0
2025-11-11 10:20:25 | INFO | ================================
2025-11-11 10:20:26 | INFO | ✅ Client ใหม่เชื่อมต่อ: client_1_1762831226 จาก ('127.0.0.1', 36099)
2025-11-11 10:20:42 | INFO | 📤 client_1_1762831226 publish ไปยัง 'sensor/temperature': 26.5
2025-11-11 10:20:42 | INFO | 📤 client_1_1762831226 publish ไปยัง 'sensor/humidity': 68.5
2025-11-11 10:20:42 | INFO | 📤 client_1_1762831226 publish ไปยัง 'home/living_room/status': on
2025-11-11 10:20:42 | INFO | 📤 client_1_1762831226 publish ไปยัง 'test/message': Hello from Python Publisher!
2025-11-11 10:20:44 | INFO | 📤 client_1_1762831226 publish ไปยัง 'device/light/data': brightness:50
2025-11-11 10:20:44 | INFO | 📤 client_1_1762831226 publish ไปยัง 'test/message': สวัสดีจาก MQTT Publisher
2025-11-11 10:20:45 | INFO | 📤 client_1_1762831226 publish ไปยัง 'sensor/temperature': 33.9
2025-11-11 10:20:46 | INFO | 📤 client_1_1762831226 publish ไปยัง 'sensor/humidity': 51.9
2025-11-11 10:20:46 | INFO | 📤 client_1_1762831226 publish ไปยัง 'home/bedroom/status': on
2025-11-11 10:20:46 | INFO | 📤 client_1_1762831226 publish ไปยัง 'test/message': Test message with timestamp: 10:20:46
2025-11-11 10:20:48 | INFO | 📤 client_1_1762831226 publish ไปยัง 'sensor/temperature': 34.8
2025-11-11 10:20:48 | INFO | 📤 client_1_1762831226 publish ไปยัง 'home/living_room/status': on
2025-11-11 10:20:48 | INFO | 📤 client_1_1762831226 publish ไปยัง 'sensor/test': 12.34
2025-11-11 10:20:50 | INFO | 📤 client_1_1762831226 publish ไปยัง 'sensor/humidity': 45.4
2025-11-11 10:20:50 | INFO | 📤 client_1_1762831226 publish ไปยัง 'device/fan/data': speed:2
2025-11-11 10:20:50 | INFO | 📤 client_1_1762831226 publish ไปยัง 'device/test/command': start
2025-11-11 10:20:51 | INFO | 📤 client_1_1762831226 publish ไปยัง 'sensor/temperature': 24.5
2025-11-11 10:20:52 | ERROR | ❌ ข้อมูลจาก client_1_1762831226 ไม่ใช่ JSON ที่ถูกต้อง: Extra data: line 2 column 1 (char 159)
2025-11-11 10:20:54 | INFO | 📤 client_1_1762831226 publish ไปยัง 'sensor/humidity': 47.9
2025-11-11 10:20:54 | INFO | 📤 client_1_1762831226 publish ไปยัง 'sensor/temperature': 22.3
2025-11-11 10:20:54 | INFO | 📤 client_1_1762831226 publish ไปยัง 'home/living_room/status': off
2025-11-11 10:20:55 | INFO | 📊 ===== สถิติ MQTT Broker =====
2025-11-11 10:20:55 | INFO | 🕒 เวลาทำงาน: 0:04:00.057987
2025-11-11 10:20:55 | INFO | 🔗 การเชื่อมต่อทั้งหมด: 2
2025-11-11 10:20:55 | INFO | 🟢 การเชื่อมต่อปัจจุบัน: 1
2025-11-11 10:20:55 | INFO | 📨 ข้อความทั้งหมด: 25
2025-11-11 10:20:55 | INFO | 📥 subscription ทั้งหมด: 5
2025-11-11 10:20:55 | INFO | 📂 Topic ที่มีการใช้งาน: 0
2025-11-11 10:20:55 | INFO | 💾 ข้อความที่เก็บไว้: 20
2025-11-11 10:20:55 | INFO | ================================
2025-11-11 10:20:56 | INFO | 📤 client_1_1762831226 publish ไปยัง 'home/living_room/status': standby
2025-11-11 10:20:57 | INFO | 📤 client_1_1762831226 publish ไปยัง 'sensor/temperature': 28.3
2025-11-11 10:20:58 | INFO | 📤 client_1_1762831226 publish ไปยัง 'sensor/humidity': 65.5
2025-11-11 10:20:58 | INFO | 📤 client_1_1762831226 publish ไปยัง 'home/bedroom/status': sleep
2025-11-11 10:21:00 | INFO | 📤 client_1_1762831226 publish ไปยัง 'sensor/temperature': 34.1
2025-11-11 10:21:00 | INFO | 📤 client_1_1762831226 publish ไปยัง 'home/living_room/status': on
2025-11-11 10:21:02 | INFO | 📤 client_1_1762831226 publish ไปยัง 'sensor/humidity': 73.8
2025-11-11 10:21:02 | INFO | 📤 client_1_1762831226 publish ไปยัง 'device/fan/data': speed:3
2025-11-11 10:21:03 | INFO | 📤 client_1_1762831226 publish ไปยัง 'sensor/temperature': 31.0
2025-11-11 10:21:04 | INFO | 📤 client_1_1762831226 publish ไปยัง 'device/fan/data': speed:2
2025-11-11 10:21:06 | INFO | 📤 client_1_1762831226 publish ไปยัง 'sensor/humidity': 70.9
2025-11-11 10:21:06 | INFO | 📤 client_1_1762831226 publish ไปยัง 'sensor/temperature': 28.6
2025-11-11 10:21:06 | INFO | 📤 client_1_1762831226 publish ไปยัง 'device/fan/data': off
2025-11-11 10:21:08 | INFO | 📤 client_1_1762831226 publish ไปยัง 'home/bedroom/status': on
2025-11-11 10:21:09 | INFO | 📤 client_1_1762831226 publish ไปยัง 'sensor/temperature': 28.3
2025-11-11 10:21:10 | INFO | 📤 client_1_1762831226 publish ไปยัง 'sensor/humidity': 58.9
2025-11-11 10:21:10 | INFO | 📤 client_1_1762831226 publish ไปยัง 'device/light/data': off
2025-11-11 10:21:14 | INFO | 📤 client_1_1762831226 publish ไปยัง 'sensor/humidity': 84.8
2025-11-11 10:21:18 | INFO | ✅ Client ใหม่เชื่อมต่อ: client_2_1762831278 จาก ('127.0.0.1', 45448)
2025-11-11 10:21:18 | INFO | 📥 client_2_1762831278 subscribe topic: 'sensor/temperature'
2025-11-11 10:21:18 | INFO | 📥 client_2_1762831278 subscribe topic: 'sensor/humidity'
2025-11-11 10:21:18 | INFO | 📥 client_2_1762831278 subscribe topic: 'home/+/status'
2025-11-11 10:21:18 | INFO | 📥 client_2_1762831278 subscribe topic: 'device/+/data'
2025-11-11 10:21:18 | INFO | 📥 client_2_1762831278 subscribe topic: 'test/message'
2025-11-11 10:21:18 | INFO | 📤 client_1_1762831226 publish ไปยัง 'sensor/humidity': 53.4
2025-11-11 10:21:22 | INFO | 🔌 client_1_1762831226 ตัดการเชื่อมต่อแล้ว
2025-11-11 10:21:25 | INFO | 📊 ===== สถิติ MQTT Broker =====
2025-11-11 10:21:25 | INFO | 🕒 เวลาทำงาน: 0:04:30.060532
2025-11-11 10:21:25 | INFO | 🔗 การเชื่อมต่อทั้งหมด: 3
2025-11-11 10:21:25 | INFO | 🟢 การเชื่อมต่อปัจจุบัน: 1
2025-11-11 10:21:25 | INFO | 📨 ข้อความทั้งหมด: 49
2025-11-11 10:21:25 | INFO | 📥 subscription ทั้งหมด: 10
2025-11-11 10:21:25 | INFO | 📂 Topic ที่มีการใช้งาน: 5
2025-11-11 10:21:25 | INFO | 💾 ข้อความที่เก็บไว้: 39
2025-11-11 10:21:25 | INFO | ================================
2025-11-11 10:21:55 | INFO | 📊 ===== สถิติ MQTT Broker =====
2025-11-11 10:21:55 | INFO | 🕒 เวลาทำงาน: 0:05:00.062589
2025-11-11 10:21:55 | INFO | 🔗 การเชื่อมต่อทั้งหมด: 3
2025-11-11 10:21:55 | INFO | 🟢 การเชื่อมต่อปัจจุบัน: 1
2025-11-11 10:21:55 | INFO | 📨 ข้อความทั้งหมด: 50
2025-11-11 10:21:55 | INFO | 📥 subscription ทั้งหมด: 10
2025-11-11 10:21:55 | INFO | 📂 Topic ที่มีการใช้งาน: 5
2025-11-11 10:21:55 | INFO | 💾 ข้อความที่เก็บไว้: 39
2025-11-11 10:21:55 | INFO | ================================
2025-11-11 10:22:25 | INFO | 📊 ===== สถิติ MQTT Broker =====
2025-11-11 10:22:26 | INFO | 🕒 เวลาทำงาน: 0:05:30.090593
2025-11-11 10:22:26 | INFO | 🔗 การเชื่อมต่อทั้งหมด: 3
2025-11-11 10:22:26 | INFO | 🟢 การเชื่อมต่อปัจจุบัน: 1
2025-11-11 10:22:26 | INFO | 📨 ข้อความทั้งหมด: 51
2025-11-11 10:22:26 | INFO | 📥 subscription ทั้งหมด: 10
2025-11-11 10:22:26 | INFO | 📂 Topic ที่มีการใช้งาน: 5
2025-11-11 10:22:26 | INFO | 💾 ข้อความที่เก็บไว้: 39
2025-11-11 10:22:26 | INFO | ================================
2025-11-11 10:22:56 | INFO | 📊 ===== สถิติ MQTT Broker =====
2025-11-11 10:22:56 | INFO | 🕒 เวลาทำงาน: 0:06:00.147046
2025-11-11 10:22:56 | INFO | 🔗 การเชื่อมต่อทั้งหมด: 3
2025-11-11 10:22:56 | INFO | 🟢 การเชื่อมต่อปัจจุบัน: 1
2025-11-11 10:22:56 | INFO | 📨 ข้อความทั้งหมด: 52
2025-11-11 10:22:56 | INFO | 📥 subscription ทั้งหมด: 10
2025-11-11 10:22:56 | INFO | 📂 Topic ที่มีการใช้งาน: 5
2025-11-11 10:22:56 | INFO | 💾 ข้อความที่เก็บไว้: 39
2025-11-11 10:22:56 | INFO | ================================
2025-11-11 10:23:26 | INFO | 📊 ===== สถิติ MQTT Broker =====
2025-11-11 10:23:26 | INFO | 🕒 เวลาทำงาน: 0:06:30.150683
2025-11-11 10:23:26 | INFO | 🔗 การเชื่อมต่อทั้งหมด: 3
2025-11-11 10:23:26 | INFO | 🟢 การเชื่อมต่อปัจจุบัน: 1
2025-11-11 10:23:26 | INFO | 📨 ข้อความทั้งหมด: 53
2025-11-11 10:23:26 | INFO | 📥 subscription ทั้งหมด: 10
2025-11-11 10:23:26 | INFO | 📂 Topic ที่มีการใช้งาน: 5
2025-11-11 10:23:26 | INFO | 💾 ข้อความที่เก็บไว้: 39
2025-11-11 10:23:26 | INFO | ================================
2025-11-11 10:23:56 | INFO | 📊 ===== สถิติ MQTT Broker =====
2025-11-11 10:23:56 | INFO | 🕒 เวลาทำงาน: 0:07:00.153592
2025-11-11 10:23:56 | INFO | 🔗 การเชื่อมต่อทั้งหมด: 3
2025-11-11 10:23:56 | INFO | 🟢 การเชื่อมต่อปัจจุบัน: 1
2025-11-11 10:23:56 | INFO | 📨 ข้อความทั้งหมด: 54
2025-11-11 10:23:56 | INFO | 📥 subscription ทั้งหมด: 10
2025-11-11 10:23:56 | INFO | 📂 Topic ที่มีการใช้งาน: 5
2025-11-11 10:23:56 | INFO | 💾 ข้อความที่เก็บไว้: 39
2025-11-11 10:23:56 | INFO | ================================
2025-11-11 10:24:26 | INFO | 📊 ===== สถิติ MQTT Broker =====
2025-11-11 10:24:26 | INFO | 🕒 เวลาทำงาน: 0:07:30.155454
2025-11-11 10:24:26 | INFO | 🔗 การเชื่อมต่อทั้งหมด: 3
2025-11-11 10:24:26 | INFO | 🟢 การเชื่อมต่อปัจจุบัน: 1
2025-11-11 10:24:26 | INFO | 📨 ข้อความทั้งหมด: 55
2025-11-11 10:24:26 | INFO | 📥 subscription ทั้งหมด: 10
2025-11-11 10:24:26 | INFO | 📂 Topic ที่มีการใช้งาน: 5
2025-11-11 10:24:26 | INFO | 💾 ข้อความที่เก็บไว้: 39
2025-11-11 10:24:26 | INFO | ================================
2025-11-11 10:24:56 | INFO | 📊 ===== สถิติ MQTT Broker =====
2025-11-11 10:24:56 | INFO | 🕒 เวลาทำงาน: 0:08:00.157654
2025-11-11 10:24:56 | INFO | 🔗 การเชื่อมต่อทั้งหมด: 3
2025-11-11 10:24:56 | INFO | 🟢 การเชื่อมต่อปัจจุบัน: 1
2025-11-11 10:24:56 | INFO | 📨 ข้อความทั้งหมด: 56
2025-11-11 10:24:56 | INFO | 📥 subscription ทั้งหมด: 10
2025-11-11 10:24:56 | INFO | 📂 Topic ที่มีการใช้งาน: 5
2025-11-11 10:24:56 | INFO | 💾 ข้อความที่เก็บไว้: 39
2025-11-11 10:24:56 | INFO | ================================
2025-11-11 10:25:26 | INFO | 📊 ===== สถิติ MQTT Broker =====
2025-11-11 10:25:26 | INFO | 🕒 เวลาทำงาน: 0:08:30.164796
2025-11-11 10:25:26 | INFO | 🔗 การเชื่อมต่อทั้งหมด: 3
2025-11-11 10:25:26 | INFO | 🟢 การเชื่อมต่อปัจจุบัน: 1
2025-11-11 10:25:26 | INFO | 📨 ข้อความทั้งหมด: 57
2025-11-11 10:25:26 | INFO | 📥 subscription ทั้งหมด: 10
2025-11-11 10:25:26 | INFO | 📂 Topic ที่มีการใช้งาน: 5
2025-11-11 10:25:26 | INFO | 💾 ข้อความที่เก็บไว้: 39
2025-11-11 10:25:26 | INFO | ================================
2025-11-11 10:25:56 | INFO | 📊 ===== สถิติ MQTT Broker =====
2025-11-11 10:25:56 | INFO | 🕒 เวลาทำงาน: 0:09:00.166169
2025-11-11 10:25:56 | INFO | 🔗 การเชื่อมต่อทั้งหมด: 3
2025-11-11 10:25:56 | INFO | 🟢 การเชื่อมต่อปัจจุบัน: 1
2025-11-11 10:25:56 | INFO | 📨 ข้อความทั้งหมด: 58
2025-11-11 10:25:56 | INFO | 📥 subscription ทั้งหมด: 10
2025-11-11 10:25:56 | INFO | 📂 Topic ที่มีการใช้งาน: 5
2025-11-11 10:25:56 | INFO | 💾 ข้อความที่เก็บไว้: 39
2025-11-11 10:25:56 | INFO | ================================
2025-11-11 10:26:26 | INFO | 📊 ===== สถิติ MQTT Broker =====
2025-11-11 10:26:26 | INFO | 🕒 เวลาทำงาน: 0:09:30.167818
2025-11-11 10:26:26 | INFO | 🔗 การเชื่อมต่อทั้งหมด: 3
2025-11-11 10:26:26 | INFO | 🟢 การเชื่อมต่อปัจจุบัน: 1
2025-11-11 10:26:26 | INFO | 📨 ข้อความทั้งหมด: 59
2025-11-11 10:26:26 | INFO | 📥 subscription ทั้งหมด: 10
2025-11-11 10:26:26 | INFO | 📂 Topic ที่มีการใช้งาน: 5
2025-11-11 10:26:26 | INFO | 💾 ข้อความที่เก็บไว้: 39
2025-11-11 10:26:26 | INFO | ================================
2025-11-11 10:26:56 | INFO | 📊 ===== สถิติ MQTT Broker =====
2025-11-11 10:26:56 | INFO | 🕒 เวลาทำงาน: 0:10:00.171446
2025-11-11 10:26:56 | INFO | 🔗 การเชื่อมต่อทั้งหมด: 3
2025-11-11 10:26:56 | INFO | 🟢 การเชื่อมต่อปัจจุบัน: 1
2025-11-11 10:26:56 | INFO | 📨 ข้อความทั้งหมด: 60
2025-11-11 10:26:56 | INFO | 📥 subscription ทั้งหมด: 10
2025-11-11 10:26:56 | INFO | 📂 Topic ที่มีการใช้งาน: 5
2025-11-11 10:26:56 | INFO | 💾 ข้อความที่เก็บไว้: 39
2025-11-11 10:26:56 | INFO | ================================
2025-11-11 10:27:26 | INFO | 📊 ===== สถิติ MQTT Broker =====
2025-11-11 10:27:26 | INFO | 🕒 เวลาทำงาน: 0:10:30.173855
2025-11-11 10:27:26 | INFO | 🔗 การเชื่อมต่อทั้งหมด: 3
2025-11-11 10:27:26 | INFO | 🟢 การเชื่อมต่อปัจจุบัน: 1
2025-11-11 10:27:26 | INFO | 📨 ข้อความทั้งหมด: 61
2025-11-11 10:27:26 | INFO | 📥 subscription ทั้งหมด: 10
2025-11-11 10:27:26 | INFO | 📂 Topic ที่มีการใช้งาน: 5
2025-11-11 10:27:26 | INFO | 💾 ข้อความที่เก็บไว้: 39
2025-11-11 10:27:26 | INFO | ================================
2025-11-11 10:27:56 | INFO | 📊 ===== สถิติ MQTT Broker =====
2025-11-11 10:27:56 | INFO | 🕒 เวลาทำงาน: 0:11:00.177033
2025-11-11 10:27:56 | INFO | 🔗 การเชื่อมต่อทั้งหมด: 3
2025-11-11 10:27:56 | INFO | 🟢 การเชื่อมต่อปัจจุบัน: 1
2025-11-11 10:27:56 | INFO | 📨 ข้อความทั้งหมด: 62
2025-11-11 10:27:56 | INFO | 📥 subscription ทั้งหมด: 10
2025-11-11 10:27:56 | INFO | 📂 Topic ที่มีการใช้งาน: 5
2025-11-11 10:27:56 | INFO | 💾 ข้อความที่เก็บไว้: 39
2025-11-11 10:27:56 | INFO | ================================
2025-11-11 10:28:26 | INFO | 📊 ===== สถิติ MQTT Broker =====
2025-11-11 10:28:26 | INFO | 🕒 เวลาทำงาน: 0:11:30.186710
2025-11-11 10:28:26 | INFO | 🔗 การเชื่อมต่อทั้งหมด: 3
2025-11-11 10:28:26 | INFO | 🟢 การเชื่อมต่อปัจจุบัน: 1
2025-11-11 10:28:26 | INFO | 📨 ข้อความทั้งหมด: 63
2025-11-11 10:28:26 | INFO | 📥 subscription ทั้งหมด: 10
2025-11-11 10:28:26 | INFO | 📂 Topic ที่มีการใช้งาน: 5
2025-11-11 10:28:26 | INFO | 💾 ข้อความที่เก็บไว้: 39
2025-11-11 10:28:26 | INFO | ================================
2025-11-11 10:28:56 | INFO | 📊 ===== สถิติ MQTT Broker =====
2025-11-11 10:28:56 | INFO | 🕒 เวลาทำงาน: 0:12:00.188294
2025-11-11 10:28:56 | INFO | 🔗 การเชื่อมต่อทั้งหมด: 3
2025-11-11 10:28:56 | INFO | 🟢 การเชื่อมต่อปัจจุบัน: 1
2025-11-11 10:28:56 | INFO | 📨 ข้อความทั้งหมด: 64
2025-11-11 10:28:56 | INFO | 📥 subscription ทั้งหมด: 10
2025-11-11 10:28:56 | INFO | 📂 Topic ที่มีการใช้งาน: 5
2025-11-11 10:28:56 | INFO | 💾 ข้อความที่เก็บไว้: 39
2025-11-11 10:28:56 | INFO | ================================
2025-11-11 10:29:26 | INFO | 📊 ===== สถิติ MQTT Broker =====
2025-11-11 10:29:26 | INFO | 🕒 เวลาทำงาน: 0:12:30.190789
2025-11-11 10:29:26 | INFO | 🔗 การเชื่อมต่อทั้งหมด: 3
2025-11-11 10:29:26 | INFO | 🟢 การเชื่อมต่อปัจจุบัน: 1
2025-11-11 10:29:26 | INFO | 📨 ข้อความทั้งหมด: 65
2025-11-11 10:29:26 | INFO | 📥 subscription ทั้งหมด: 10
2025-11-11 10:29:26 | INFO | 📂 Topic ที่มีการใช้งาน: 5
2025-11-11 10:29:26 | INFO | 💾 ข้อความที่เก็บไว้: 39
2025-11-11 10:29:26 | INFO | ================================
2025-11-11 10:29:56 | INFO | 📊 ===== สถิติ MQTT Broker =====
2025-11-11 10:29:56 | INFO | 🕒 เวลาทำงาน: 0:13:00.192400
2025-11-11 10:29:56 | INFO | 🔗 การเชื่อมต่อทั้งหมด: 3
2025-11-11 10:29:56 | INFO | 🟢 การเชื่อมต่อปัจจุบัน: 1
2025-11-11 10:29:56 | INFO | 📨 ข้อความทั้งหมด: 66
2025-11-11 10:29:56 | INFO | 📥 subscription ทั้งหมด: 10
2025-11-11 10:29:56 | INFO | 📂 Topic ที่มีการใช้งาน: 5
2025-11-11 10:29:56 | INFO | 💾 ข้อความที่เก็บไว้: 39
2025-11-11 10:29:56 | INFO | ================================
2025-11-11 10:30:26 | INFO | 📊 ===== สถิติ MQTT Broker =====
2025-11-11 10:30:26 | INFO | 🕒 เวลาทำงาน: 0:13:30.195015
2025-11-11 10:30:26 | INFO | 🔗 การเชื่อมต่อทั้งหมด: 3
2025-11-11 10:30:26 | INFO | 🟢 การเชื่อมต่อปัจจุบัน: 1
2025-11-11 10:30:26 | INFO | 📨 ข้อความทั้งหมด: 67
2025-11-11 10:30:26 | INFO | 📥 subscription ทั้งหมด: 10
2025-11-11 10:30:26 | INFO | 📂 Topic ที่มีการใช้งาน: 5
2025-11-11 10:30:26 | INFO | 💾 ข้อความที่เก็บไว้: 39
2025-11-11 10:30:26 | INFO | ================================
2025-11-11 10:30:56 | INFO | 📊 ===== สถิติ MQTT Broker =====
2025-11-11 10:30:56 | INFO | 🕒 เวลาทำงาน: 0:14:00.196520
2025-11-11 10:30:56 | INFO | 🔗 การเชื่อมต่อทั้งหมด: 3
2025-11-11 10:30:56 | INFO | 🟢 การเชื่อมต่อปัจจุบัน: 1
2025-11-11 10:30:56 | INFO | 📨 ข้อความทั้งหมด: 68
2025-11-11 10:30:56 | INFO | 📥 subscription ทั้งหมด: 10
2025-11-11 10:30:56 | INFO | 📂 Topic ที่มีการใช้งาน: 5
2025-11-11 10:30:56 | INFO | 💾 ข้อความที่เก็บไว้: 39
2025-11-11 10:30:56 | INFO | ================================
2025-11-11 10:31:26 | INFO | 📊 ===== สถิติ MQTT Broker =====
2025-11-11 10:31:26 | INFO | 🕒 เวลาทำงาน: 0:14:30.199578
2025-11-11 10:31:26 | INFO | 🔗 การเชื่อมต่อทั้งหมด: 3
2025-11-11 10:31:26 | INFO | 🟢 การเชื่อมต่อปัจจุบัน: 1
2025-11-11 10:31:26 | INFO | 📨 ข้อความทั้งหมด: 69
2025-11-11 10:31:26 | INFO | 📥 subscription ทั้งหมด: 10
2025-11-11 10:31:26 | INFO | 📂 Topic ที่มีการใช้งาน: 5
2025-11-11 10:31:26 | INFO | 💾 ข้อความที่เก็บไว้: 39
2025-11-11 10:31:26 | INFO | ================================
2025-11-11 10:31:56 | INFO | 📊 ===== สถิติ MQTT Broker =====
2025-11-11 10:31:56 | INFO | 🕒 เวลาทำงาน: 0:15:00.201293
2025-11-11 10:31:56 | INFO | 🔗 การเชื่อมต่อทั้งหมด: 3
2025-11-11 10:31:56 | INFO | 🟢 การเชื่อมต่อปัจจุบัน: 1
2025-11-11 10:31:56 | INFO | 📨 ข้อความทั้งหมด: 70
2025-11-11 10:31:56 | INFO | 📥 subscription ทั้งหมด: 10
2025-11-11 10:31:56 | INFO | 📂 Topic ที่มีการใช้งาน: 5
2025-11-11 10:31:56 | INFO | 💾 ข้อความที่เก็บไว้: 39
2025-11-11 10:31:56 | INFO | ================================
2025-11-11 10:32:26 | INFO | 📊 ===== สถิติ MQTT Broker =====
2025-11-11 10:32:26 | INFO | 🕒 เวลาทำงาน: 0:15:30.203073
2025-11-11 10:32:26 | INFO | 🔗 การเชื่อมต่อทั้งหมด: 3
2025-11-11 10:32:26 | INFO | 🟢 การเชื่อมต่อปัจจุบัน: 1
2025-11-11 10:32:26 | INFO | 📨 ข้อความทั้งหมด: 71
2025-11-11 10:32:26 | INFO | 📥 subscription ทั้งหมด: 10
2025-11-11 10:32:26 | INFO | 📂 Topic ที่มีการใช้งาน: 5
2025-11-11 10:32:26 | INFO | 💾 ข้อความที่เก็บไว้: 39
2025-11-11 10:32:26 | INFO | ================================
2025-11-11 10:32:56 | INFO | 📊 ===== สถิติ MQTT Broker =====
2025-11-11 10:32:56 | INFO | 🕒 เวลาทำงาน: 0:16:00.205055
2025-11-11 10:32:56 | INFO | 🔗 การเชื่อมต่อทั้งหมด: 3
2025-11-11 10:32:56 | INFO | 🟢 การเชื่อมต่อปัจจุบัน: 1
2025-11-11 10:32:56 | INFO | 📨 ข้อความทั้งหมด: 72
2025-11-11 10:32:56 | INFO | 📥 subscription ทั้งหมด: 10
2025-11-11 10:32:56 | INFO | 📂 Topic ที่มีการใช้งาน: 5
2025-11-11 10:32:56 | INFO | 💾 ข้อความที่เก็บไว้: 39
2025-11-11 10:32:56 | INFO | ================================
2025-11-11 10:33:26 | INFO | 📊 ===== สถิติ MQTT Broker =====
2025-11-11 10:33:26 | INFO | 🕒 เวลาทำงาน: 0:16:30.206626
2025-11-11 10:33:26 | INFO | 🔗 การเชื่อมต่อทั้งหมด: 3
2025-11-11 10:33:26 | INFO | 🟢 การเชื่อมต่อปัจจุบัน: 1
2025-11-11 10:33:26 | INFO | 📨 ข้อความทั้งหมด: 73
2025-11-11 10:33:26 | INFO | 📥 subscription ทั้งหมด: 10
2025-11-11 10:33:26 | INFO | 📂 Topic ที่มีการใช้งาน: 5
2025-11-11 10:33:26 | INFO | 💾 ข้อความที่เก็บไว้: 39
2025-11-11 10:33:26 | INFO | ================================
2025-11-11 10:33:56 | INFO | 📊 ===== สถิติ MQTT Broker =====
2025-11-11 10:33:56 | INFO | 🕒 เวลาทำงาน: 0:17:00.208450
2025-11-11 10:33:56 | INFO | 🔗 การเชื่อมต่อทั้งหมด: 3
2025-11-11 10:33:56 | INFO | 🟢 การเชื่อมต่อปัจจุบัน: 1
2025-11-11 10:33:56 | INFO | 📨 ข้อความทั้งหมด: 74
2025-11-11 10:33:56 | INFO | 📥 subscription ทั้งหมด: 10
2025-11-11 10:33:56 | INFO | 📂 Topic ที่มีการใช้งาน: 5
2025-11-11 10:33:56 | INFO | 💾 ข้อความที่เก็บไว้: 39
2025-11-11 10:33:56 | INFO | ================================
2025-11-11 10:34:26 | INFO | 📊 ===== สถิติ MQTT Broker =====
2025-11-11 10:34:26 | INFO | 🕒 เวลาทำงาน: 0:17:30.214268
2025-11-11 10:34:26 | INFO | 🔗 การเชื่อมต่อทั้งหมด: 3
2025-11-11 10:34:26 | INFO | 🟢 การเชื่อมต่อปัจจุบัน: 1
2025-11-11 10:34:26 | INFO | 📨 ข้อความทั้งหมด: 75
2025-11-11 10:34:26 | INFO | 📥 subscription ทั้งหมด: 10
2025-11-11 10:34:26 | INFO | 📂 Topic ที่มีการใช้งาน: 5
2025-11-11 10:34:26 | INFO | 💾 ข้อความที่เก็บไว้: 39
2025-11-11 10:34:26 | INFO | ================================
2025-11-11 10:34:56 | INFO | 📊 ===== สถิติ MQTT Broker =====
2025-11-11 10:34:56 | INFO | 🕒 เวลาทำงาน: 0:18:00.216119
2025-11-11 10:34:56 | INFO | 🔗 การเชื่อมต่อทั้งหมด: 3
2025-11-11 10:34:56 | INFO | 🟢 การเชื่อมต่อปัจจุบัน: 1
2025-11-11 10:34:56 | INFO | 📨 ข้อความทั้งหมด: 76
2025-11-11 10:34:56 | INFO | 📥 subscription ทั้งหมด: 10
2025-11-11 10:34:56 | INFO | 📂 Topic ที่มีการใช้งาน: 5
2025-11-11 10:34:56 | INFO | 💾 ข้อความที่เก็บไว้: 39
2025-11-11 10:34:56 | INFO | ================================
2025-11-11 10:35:26 | INFO | 📊 ===== สถิติ MQTT Broker =====
2025-11-11 10:35:26 | INFO | 🕒 เวลาทำงาน: 0:18:30.218683
2025-11-11 10:35:26 | INFO | 🔗 การเชื่อมต่อทั้งหมด: 3
2025-11-11 10:35:26 | INFO | 🟢 การเชื่อมต่อปัจจุบัน: 1
2025-11-11 10:35:26 | INFO | 📨 ข้อความทั้งหมด: 77
2025-11-11 10:35:26 | INFO | 📥 subscription ทั้งหมด: 10
2025-11-11 10:35:26 | INFO | 📂 Topic ที่มีการใช้งาน: 5
2025-11-11 10:35:26 | INFO | 💾 ข้อความที่เก็บไว้: 39
2025-11-11 10:35:26 | INFO | ================================
2025-11-11 10:35:56 | INFO | 📊 ===== สถิติ MQTT Broker =====
2025-11-11 10:35:56 | INFO | 🕒 เวลาทำงาน: 0:19:00.220202
2025-11-11 10:35:56 | INFO | 🔗 การเชื่อมต่อทั้งหมด: 3
2025-11-11 10:35:56 | INFO | 🟢 การเชื่อมต่อปัจจุบัน: 1
2025-11-11 10:35:56 | INFO | 📨 ข้อความทั้งหมด: 78
2025-11-11 10:35:56 | INFO | 📥 subscription ทั้งหมด: 10
2025-11-11 10:35:56 | INFO | 📂 Topic ที่มีการใช้งาน: 5
2025-11-11 10:35:56 | INFO | 💾 ข้อความที่เก็บไว้: 39
2025-11-11 10:35:56 | INFO | ================================
2025-11-11 10:36:15 | INFO | ✅ Client ใหม่เชื่อมต่อ: client_2_1762832175 จาก ('127.0.0.1', 14546)
2025-11-11 10:36:17 | ERROR | 💥 เกิดข้อผิดพลาดในการประมวลผลข้อความจาก client_2_1762832175: 'int' object has no attribute 'get'
2025-11-11 10:36:18 | ERROR | 💥 เกิดข้อผิดพลาดในการประมวลผลข้อความจาก client_2_1762832175: 'int' object has no attribute 'get'
2025-11-11 10:36:26 | INFO | 📊 ===== สถิติ MQTT Broker =====
2025-11-11 10:36:26 | INFO | 🕒 เวลาทำงาน: 0:19:30.221707
2025-11-11 10:36:26 | INFO | 🔗 การเชื่อมต่อทั้งหมด: 4
2025-11-11 10:36:26 | INFO | 🟢 การเชื่อมต่อปัจจุบัน: 2
2025-11-11 10:36:26 | INFO | 📨 ข้อความทั้งหมด: 81
2025-11-11 10:36:26 | INFO | 📥 subscription ทั้งหมด: 10
2025-11-11 10:36:26 | INFO | 📂 Topic ที่มีการใช้งาน: 5
2025-11-11 10:36:26 | INFO | 💾 ข้อความที่เก็บไว้: 39
2025-11-11 10:36:26 | INFO | ================================
2025-11-11 10:36:34 | ERROR | 💥 เกิดข้อผิดพลาดในการประมวลผลข้อความจาก client_2_1762832175: 'int' object has no attribute 'get'
2025-11-11 10:36:36 | ERROR | 💥 เกิดข้อผิดพลาดในการประมวลผลข้อความจาก client_2_1762832175: 'int' object has no attribute 'get'
2025-11-11 10:36:36 | ERROR | 💥 เกิดข้อผิดพลาดในการประมวลผลข้อความจาก client_2_1762832175: 'int' object has no attribute 'get'
2025-11-11 10:36:37 | ERROR | 💥 เกิดข้อผิดพลาดในการประมวลผลข้อความจาก client_2_1762832175: 'int' object has no attribute 'get'
2025-11-11 10:36:56 | INFO | 📊 ===== สถิติ MQTT Broker =====
2025-11-11 10:36:56 | INFO | 🕒 เวลาทำงาน: 0:20:00.223418
2025-11-11 10:36:56 | INFO | 🔗 การเชื่อมต่อทั้งหมด: 4
2025-11-11 10:36:56 | INFO | 🟢 การเชื่อมต่อปัจจุบัน: 2
2025-11-11 10:36:56 | INFO | 📨 ข้อความทั้งหมด: 86
2025-11-11 10:36:56 | INFO | 📥 subscription ทั้งหมด: 10
2025-11-11 10:36:56 | INFO | 📂 Topic ที่มีการใช้งาน: 5
2025-11-11 10:36:56 | INFO | 💾 ข้อความที่เก็บไว้: 39
2025-11-11 10:36:56 | INFO | ================================
2025-11-11 10:37:26 | INFO | 📊 ===== สถิติ MQTT Broker =====
2025-11-11 10:37:26 | INFO | 🕒 เวลาทำงาน: 0:20:30.227785
2025-11-11 10:37:26 | INFO | 🔗 การเชื่อมต่อทั้งหมด: 4
2025-11-11 10:37:26 | INFO | 🟢 การเชื่อมต่อปัจจุบัน: 2
2025-11-11 10:37:26 | INFO | 📨 ข้อความทั้งหมด: 87
2025-11-11 10:37:26 | INFO | 📥 subscription ทั้งหมด: 10
2025-11-11 10:37:26 | INFO | 📂 Topic ที่มีการใช้งาน: 5
2025-11-11 10:37:26 | INFO | 💾 ข้อความที่เก็บไว้: 39
2025-11-11 10:37:26 | INFO | ================================
2025-11-11 10:37:56 | INFO | 📊 ===== สถิติ MQTT Broker =====
2025-11-11 10:37:56 | INFO | 🕒 เวลาทำงาน: 0:21:00.240428
2025-11-11 10:37:56 | INFO | 🔗 การเชื่อมต่อทั้งหมด: 4
2025-11-11 10:37:56 | INFO | 🟢 การเชื่อมต่อปัจจุบัน: 2
2025-11-11 10:37:56 | INFO | 📨 ข้อความทั้งหมด: 88
2025-11-11 10:37:56 | INFO | 📥 subscription ทั้งหมด: 10
2025-11-11 10:37:56 | INFO | 📂 Topic ที่มีการใช้งาน: 5
2025-11-11 10:37:56 | INFO | 💾 ข้อความที่เก็บไว้: 39
2025-11-11 10:37:56 | INFO | ================================
2025-11-11 10:38:26 | INFO | 📊 ===== สถิติ MQTT Broker =====
2025-11-11 10:38:26 | INFO | 🕒 เวลาทำงาน: 0:21:30.242747
2025-11-11 10:38:26 | INFO | 🔗 การเชื่อมต่อทั้งหมด: 4
2025-11-11 10:38:26 | INFO | 🟢 การเชื่อมต่อปัจจุบัน: 2
2025-11-11 10:38:26 | INFO | 📨 ข้อความทั้งหมด: 89
2025-11-11 10:38:26 | INFO | 📥 subscription ทั้งหมด: 10
2025-11-11 10:38:26 | INFO | 📂 Topic ที่มีการใช้งาน: 5
2025-11-11 10:38:26 | INFO | 💾 ข้อความที่เก็บไว้: 39
2025-11-11 10:38:26 | INFO | ================================
2025-11-11 10:38:56 | INFO | 📊 ===== สถิติ MQTT Broker =====
2025-11-11 10:38:56 | INFO | 🕒 เวลาทำงาน: 0:22:00.256855
2025-11-11 10:38:56 | INFO | 🔗 การเชื่อมต่อทั้งหมด: 4
2025-11-11 10:38:56 | INFO | 🟢 การเชื่อมต่อปัจจุบัน: 2
2025-11-11 10:38:56 | INFO | 📨 ข้อความทั้งหมด: 90
2025-11-11 10:38:56 | INFO | 📥 subscription ทั้งหมด: 10
2025-11-11 10:38:56 | INFO | 📂 Topic ที่มีการใช้งาน: 5
2025-11-11 10:38:56 | INFO | 💾 ข้อความที่เก็บไว้: 39
2025-11-11 10:38:56 | INFO | ================================
2025-11-11 10:39:26 | INFO | 📊 ===== สถิติ MQTT Broker =====
2025-11-11 10:39:26 | INFO | 🕒 เวลาทำงาน: 0:22:30.258750
2025-11-11 10:39:26 | INFO | 🔗 การเชื่อมต่อทั้งหมด: 4
2025-11-11 10:39:26 | INFO | 🟢 การเชื่อมต่อปัจจุบัน: 2
2025-11-11 10:39:26 | INFO | 📨 ข้อความทั้งหมด: 91
2025-11-11 10:39:26 | INFO | 📥 subscription ทั้งหมด: 10
2025-11-11 10:39:26 | INFO | 📂 Topic ที่มีการใช้งาน: 5
2025-11-11 10:39:26 | INFO | 💾 ข้อความที่เก็บไว้: 39
2025-11-11 10:39:26 | INFO | ================================
2025-11-11 10:39:56 | INFO | 📊 ===== สถิติ MQTT Broker =====
2025-11-11 10:39:56 | INFO | 🕒 เวลาทำงาน: 0:23:00.261961
2025-11-11 10:39:56 | INFO | 🔗 การเชื่อมต่อทั้งหมด: 4
2025-11-11 10:39:56 | INFO | 🟢 การเชื่อมต่อปัจจุบัน: 2
2025-11-11 10:39:56 | INFO | 📨 ข้อความทั้งหมด: 92
2025-11-11 10:39:56 | INFO | 📥 subscription ทั้งหมด: 10
2025-11-11 10:39:56 | INFO | 📂 Topic ที่มีการใช้งาน: 5
2025-11-11 10:39:56 | INFO | 💾 ข้อความที่เก็บไว้: 39
2025-11-11 10:39:56 | INFO | ================================
2025-11-11 10:40:26 | INFO | 📊 ===== สถิติ MQTT Broker =====
2025-11-11 10:40:26 | INFO | 🕒 เวลาทำงาน: 0:23:30.264479
2025-11-11 10:40:26 | INFO | 🔗 การเชื่อมต่อทั้งหมด: 4
2025-11-11 10:40:26 | INFO | 🟢 การเชื่อมต่อปัจจุบัน: 2
2025-11-11 10:40:26 | INFO | 📨 ข้อความทั้งหมด: 93
2025-11-11 10:40:26 | INFO | 📥 subscription ทั้งหมด: 10
2025-11-11 10:40:26 | INFO | 📂 Topic ที่มีการใช้งาน: 5
2025-11-11 10:40:26 | INFO | 💾 ข้อความที่เก็บไว้: 39
2025-11-11 10:40:26 | INFO | ================================
2025-11-11 10:40:56 | INFO | 📊 ===== สถิติ MQTT Broker =====
2025-11-11 10:40:56 | INFO | 🕒 เวลาทำงาน: 0:24:00.267892
2025-11-11 10:40:56 | INFO | 🔗 การเชื่อมต่อทั้งหมด: 4
2025-11-11 10:40:56 | INFO | 🟢 การเชื่อมต่อปัจจุบัน: 2
2025-11-11 10:40:56 | INFO | 📨 ข้อความทั้งหมด: 94
2025-11-11 10:40:56 | INFO | 📥 subscription ทั้งหมด: 10
2025-11-11 10:40:56 | INFO | 📂 Topic ที่มีการใช้งาน: 5
2025-11-11 10:40:56 | INFO | 💾 ข้อความที่เก็บไว้: 39
2025-11-11 10:40:56 | INFO | ================================
2025-11-11 10:41:26 | INFO | 📊 ===== สถิติ MQTT Broker =====
2025-11-11 10:41:26 | INFO | 🕒 เวลาทำงาน: 0:24:30.272602
2025-11-11 10:41:26 | INFO | 🔗 การเชื่อมต่อทั้งหมด: 4
2025-11-11 10:41:26 | INFO | 🟢 การเชื่อมต่อปัจจุบัน: 2
2025-11-11 10:41:26 | INFO | 📨 ข้อความทั้งหมด: 95
2025-11-11 10:41:26 | INFO | 📥 subscription ทั้งหมด: 10
2025-11-11 10:41:26 | INFO | 📂 Topic ที่มีการใช้งาน: 5
2025-11-11 10:41:26 | INFO | 💾 ข้อความที่เก็บไว้: 39
2025-11-11 10:41:26 | INFO | ================================
2025-11-11 10:41:56 | INFO | 📊 ===== สถิติ MQTT Broker =====
2025-11-11 10:41:56 | INFO | 🕒 เวลาทำงาน: 0:25:00.274595
2025-11-11 10:41:56 | INFO | 🔗 การเชื่อมต่อทั้งหมด: 4
2025-11-11 10:41:56 | INFO | 🟢 การเชื่อมต่อปัจจุบัน: 2
2025-11-11 10:41:56 | INFO | 📨 ข้อความทั้งหมด: 96
2025-11-11 10:41:56 | INFO | 📥 subscription ทั้งหมด: 10
2025-11-11 10:41:56 | INFO | 📂 Topic ที่มีการใช้งาน: 5
2025-11-11 10:41:56 | INFO | 💾 ข้อความที่เก็บไว้: 39
2025-11-11 10:41:56 | INFO | ================================
2025-11-11 10:42:26 | INFO | 📊 ===== สถิติ MQTT Broker =====
2025-11-11 10:42:26 | INFO | 🕒 เวลาทำงาน: 0:25:30.276526
2025-11-11 10:42:26 | INFO | 🔗 การเชื่อมต่อทั้งหมด: 4
2025-11-11 10:42:26 | INFO | 🟢 การเชื่อมต่อปัจจุบัน: 2
2025-11-11 10:42:26 | INFO | 📨 ข้อความทั้งหมด: 97
2025-11-11 10:42:26 | INFO | 📥 subscription ทั้งหมด: 10
2025-11-11 10:42:26 | INFO | 📂 Topic ที่มีการใช้งาน: 5
2025-11-11 10:42:26 | INFO | 💾 ข้อความที่เก็บไว้: 39
2025-11-11 10:42:26 | INFO | ================================
2025-11-11 10:42:56 | INFO | 📊 ===== สถิติ MQTT Broker =====
2025-11-11 10:42:56 | INFO | 🕒 เวลาทำงาน: 0:26:00.324657
2025-11-11 10:42:56 | INFO | 🔗 การเชื่อมต่อทั้งหมด: 4
2025-11-11 10:42:56 | INFO | 🟢 การเชื่อมต่อปัจจุบัน: 2
2025-11-11 10:42:56 | INFO | 📨 ข้อความทั้งหมด: 98
2025-11-11 10:42:56 | INFO | 📥 subscription ทั้งหมด: 10
2025-11-11 10:42:56 | INFO | 📂 Topic ที่มีการใช้งาน: 5
2025-11-11 10:42:56 | INFO | 💾 ข้อความที่เก็บไว้: 39
2025-11-11 10:42:56 | INFO | ================================
2025-11-11 10:43:26 | INFO | 📊 ===== สถิติ MQTT Broker =====
2025-11-11 10:43:26 | INFO | 🕒 เวลาทำงาน: 0:26:30.703725
2025-11-11 10:43:26 | INFO | 🔗 การเชื่อมต่อทั้งหมด: 4
2025-11-11 10:43:26 | INFO | 🟢 การเชื่อมต่อปัจจุบัน: 2
2025-11-11 10:43:26 | INFO | 📨 ข้อความทั้งหมด: 99
2025-11-11 10:43:26 | INFO | 📥 subscription ทั้งหมด: 10
2025-11-11 10:43:26 | INFO | 📂 Topic ที่มีการใช้งาน: 5
2025-11-11 10:43:26 | INFO | 💾 ข้อความที่เก็บไว้: 39
2025-11-11 10:43:26 | INFO | ================================
2025-11-11 10:43:33 | ERROR | 💥 เกิดข้อผิดพลาดในการประมวลผลข้อความจาก client_2_1762832175: 'int' object has no attribute 'get'
2025-11-11 10:43:56 | INFO | 📊 ===== สถิติ MQTT Broker =====
2025-11-11 10:43:56 | INFO | 🕒 เวลาทำงาน: 0:27:00.706237
2025-11-11 10:43:56 | INFO | 🔗 การเชื่อมต่อทั้งหมด: 4
2025-11-11 10:43:56 | INFO | 🟢 การเชื่อมต่อปัจจุบัน: 2
2025-11-11 10:43:56 | INFO | 📨 ข้อความทั้งหมด: 101
2025-11-11 10:43:56 | INFO | 📥 subscription ทั้งหมด: 10
2025-11-11 10:43:56 | INFO | 📂 Topic ที่มีการใช้งาน: 5
2025-11-11 10:43:56 | INFO | 💾 ข้อความที่เก็บไว้: 39
2025-11-11 10:43:56 | INFO | ================================
2025-11-11 10:44:26 | INFO | 📊 ===== สถิติ MQTT Broker =====
2025-11-11 10:44:26 | INFO | 🕒 เวลาทำงาน: 0:27:30.708254
2025-11-11 10:44:26 | INFO | 🔗 การเชื่อมต่อทั้งหมด: 4
2025-11-11 10:44:26 | INFO | 🟢 การเชื่อมต่อปัจจุบัน: 2
2025-11-11 10:44:26 | INFO | 📨 ข้อความทั้งหมด: 102
2025-11-11 10:44:26 | INFO | 📥 subscription ทั้งหมด: 10
2025-11-11 10:44:26 | INFO | 📂 Topic ที่มีการใช้งาน: 5
2025-11-11 10:44:26 | INFO | 💾 ข้อความที่เก็บไว้: 39
2025-11-11 10:44:26 | INFO | ================================
2025-11-11 10:44:52 | INFO | 🔌 client_2_1762832175 ตัดการเชื่อมต่อแล้ว
2025-11-11 10:44:52 | INFO | ✅ Client ใหม่เชื่อมต่อ: client_2_1762832692 จาก ('127.0.0.1', 59687)
2025-11-11 10:44:56 | INFO | 📊 ===== สถิติ MQTT Broker =====
2025-11-11 10:44:56 | INFO | 🕒 เวลาทำงาน: 0:28:00.710201
2025-11-11 10:44:56 | INFO | 🔗 การเชื่อมต่อทั้งหมด: 5
2025-11-11 10:44:56 | INFO | 🟢 การเชื่อมต่อปัจจุบัน: 2
2025-11-11 10:44:56 | INFO | 📨 ข้อความทั้งหมด: 103
2025-11-11 10:44:56 | INFO | 📥 subscription ทั้งหมด: 10
2025-11-11 10:44:56 | INFO | 📂 Topic ที่มีการใช้งาน: 5
2025-11-11 10:44:56 | INFO | 💾 ข้อความที่เก็บไว้: 39
2025-11-11 10:44:56 | INFO | ================================
2025-11-11 10:45:26 | INFO | 📊 ===== สถิติ MQTT Broker =====
2025-11-11 10:45:26 | INFO | 🕒 เวลาทำงาน: 0:28:30.712282
2025-11-11 10:45:26 | INFO | 🔗 การเชื่อมต่อทั้งหมด: 5
2025-11-11 10:45:26 | INFO | 🟢 การเชื่อมต่อปัจจุบัน: 2
2025-11-11 10:45:26 | INFO | 📨 ข้อความทั้งหมด: 104
2025-11-11 10:45:26 | INFO | 📥 subscription ทั้งหมด: 10
2025-11-11 10:45:26 | INFO | 📂 Topic ที่มีการใช้งาน: 5
2025-11-11 10:45:26 | INFO | 💾 ข้อความที่เก็บไว้: 39
2025-11-11 10:45:26 | INFO | ================================
2025-11-11 10:45:56 | INFO | 📊 ===== สถิติ MQTT Broker =====
2025-11-11 10:45:56 | INFO | 🕒 เวลาทำงาน: 0:29:00.735186
2025-11-11 10:45:56 | INFO | 🔗 การเชื่อมต่อทั้งหมด: 5
2025-11-11 10:45:56 | INFO | 🟢 การเชื่อมต่อปัจจุบัน: 2
2025-11-11 10:45:56 | INFO | 📨 ข้อความทั้งหมด: 105
2025-11-11 10:45:56 | INFO | 📥 subscription ทั้งหมด: 10
2025-11-11 10:45:56 | INFO | 📂 Topic ที่มีการใช้งาน: 5
2025-11-11 10:45:56 | INFO | 💾 ข้อความที่เก็บไว้: 39
2025-11-11 10:45:56 | INFO | ================================
2025-11-11 10:46:26 | INFO | 📊 ===== สถิติ MQTT Broker =====
2025-11-11 10:46:26 | INFO | 🕒 เวลาทำงาน: 0:29:30.740603
2025-11-11 10:46:26 | INFO | 🔗 การเชื่อมต่อทั้งหมด: 5
2025-11-11 10:46:26 | INFO | 🟢 การเชื่อมต่อปัจจุบัน: 2
2025-11-11 10:46:26 | INFO | 📨 ข้อความทั้งหมด: 106
2025-11-11 10:46:26 | INFO | 📥 subscription ทั้งหมด: 10
2025-11-11 10:46:26 | INFO | 📂 Topic ที่มีการใช้งาน: 5
2025-11-11 10:46:26 | INFO | 💾 ข้อความที่เก็บไว้: 39
2025-11-11 10:46:26 | INFO | ================================
2025-11-11 10:46:56 | INFO | 📊 ===== สถิติ MQTT Broker =====
2025-11-11 10:46:56 | INFO | 🕒 เวลาทำงาน: 0:30:00.744465
2025-11-11 10:46:56 | INFO | 🔗 การเชื่อมต่อทั้งหมด: 5
2025-11-11 10:46:56 | INFO | 🟢 การเชื่อมต่อปัจจุบัน: 2
2025-11-11 10:46:56 | INFO | 📨 ข้อความทั้งหมด: 107
2025-11-11 10:46:56 | INFO | 📥 subscription ทั้งหมด: 10
2025-11-11 10:46:56 | INFO | 📂 Topic ที่มีการใช้งาน: 5
2025-11-11 10:46:56 | INFO | 💾 ข้อความที่เก็บไว้: 39
2025-11-11 10:46:56 | INFO | ================================
2025-11-11 10:47:26 | INFO | 📊 ===== สถิติ MQTT Broker =====
2025-11-11 10:47:26 | INFO | 🕒 เวลาทำงาน: 0:30:30.747976
2025-11-11 10:47:26 | INFO | 🔗 การเชื่อมต่อทั้งหมด: 5
2025-11-11 10:47:26 | INFO | 🟢 การเชื่อมต่อปัจจุบัน: 2
2025-11-11 10:47:26 | INFO | 📨 ข้อความทั้งหมด: 108
2025-11-11 10:47:26 | INFO | 📥 subscription ทั้งหมด: 10
2025-11-11 10:47:26 | INFO | 📂 Topic ที่มีการใช้งาน: 5
2025-11-11 10:47:26 | INFO | 💾 ข้อความที่เก็บไว้: 39
2025-11-11 10:47:26 | INFO | ================================
2025-11-11 10:47:56 | INFO | 📊 ===== สถิติ MQTT Broker =====
2025-11-11 10:47:56 | INFO | 🕒 เวลาทำงาน: 0:31:00.814181
2025-11-11 10:47:56 | INFO | 🔗 การเชื่อมต่อทั้งหมด: 5
2025-11-11 10:47:56 | INFO | 🟢 การเชื่อมต่อปัจจุบัน: 2
2025-11-11 10:47:56 | INFO | 📨 ข้อความทั้งหมด: 109
2025-11-11 10:47:56 | INFO | 📥 subscription ทั้งหมด: 10
2025-11-11 10:47:56 | INFO | 📂 Topic ที่มีการใช้งาน: 5
2025-11-11 10:47:56 | INFO | 💾 ข้อความที่เก็บไว้: 39
2025-11-11 10:47:56 | INFO | ================================
2025-11-11 10:48:13 | INFO | 🔌 client_2_1762832692 ตัดการเชื่อมต่อแล้ว
2025-11-11 10:48:13 | INFO | ✅ Client ใหม่เชื่อมต่อ: client_2_1762832893 จาก ('127.0.0.1', 1814)
2025-11-11 10:48:26 | INFO | 📊 ===== สถิติ MQTT Broker =====
2025-11-11 10:48:26 | INFO | 🕒 เวลาทำงาน: 0:31:30.815702
2025-11-11 10:48:26 | INFO | 🔗 การเชื่อมต่อทั้งหมด: 6
2025-11-11 10:48:26 | INFO | 🟢 การเชื่อมต่อปัจจุบัน: 2
2025-11-11 10:48:26 | INFO | 📨 ข้อความทั้งหมด: 110
2025-11-11 10:48:26 | INFO | 📥 subscription ทั้งหมด: 10
2025-11-11 10:48:26 | INFO | 📂 Topic ที่มีการใช้งาน: 5
2025-11-11 10:48:26 | INFO | 💾 ข้อความที่เก็บไว้: 39
2025-11-11 10:48:26 | INFO | ================================
2025-11-11 10:48:34 | INFO | 🔌 client_2_1762832893 ตัดการเชื่อมต่อแล้ว
2025-11-11 10:48:56 | INFO | 📊 ===== สถิติ MQTT Broker =====
2025-11-11 10:48:56 | INFO | 🕒 เวลาทำงาน: 0:32:00.820604
2025-11-11 10:48:56 | INFO | 🔗 การเชื่อมต่อทั้งหมด: 6
2025-11-11 10:48:56 | INFO | 🟢 การเชื่อมต่อปัจจุบัน: 1
2025-11-11 10:48:56 | INFO | 📨 ข้อความทั้งหมด: 111
2025-11-11 10:48:56 | INFO | 📥 subscription ทั้งหมด: 10
2025-11-11 10:48:56 | INFO | 📂 Topic ที่มีการใช้งาน: 5
2025-11-11 10:48:56 | INFO | 💾 ข้อความที่เก็บไว้: 39
2025-11-11 10:48:56 | INFO | ================================
2025-11-11 10:49:26 | INFO | 📊 ===== สถิติ MQTT Broker =====
2025-11-11 10:49:26 | INFO | 🕒 เวลาทำงาน: 0:32:30.822382
2025-11-11 10:49:26 | INFO | 🔗 การเชื่อมต่อทั้งหมด: 6
2025-11-11 10:49:26 | INFO | 🟢 การเชื่อมต่อปัจจุบัน: 1
2025-11-11 10:49:26 | INFO | 📨 ข้อความทั้งหมด: 112
2025-11-11 10:49:26 | INFO | 📥 subscription ทั้งหมด: 10
2025-11-11 10:49:26 | INFO | 📂 Topic ที่มีการใช้งาน: 5
2025-11-11 10:49:26 | INFO | 💾 ข้อความที่เก็บไว้: 39
2025-11-11 10:49:26 | INFO | ================================
2025-11-11 10:49:56 | INFO | 📊 ===== สถิติ MQTT Broker =====
2025-11-11 10:49:56 | INFO | 🕒 เวลาทำงาน: 0:33:00.825379
2025-11-11 10:49:56 | INFO | 🔗 การเชื่อมต่อทั้งหมด: 6
2025-11-11 10:49:56 | INFO | 🟢 การเชื่อมต่อปัจจุบัน: 1
2025-11-11 10:49:56 | INFO | 📨 ข้อความทั้งหมด: 113
2025-11-11 10:49:56 | INFO | 📥 subscription ทั้งหมด: 10
2025-11-11 10:49:56 | INFO | 📂 Topic ที่มีการใช้งาน: 5
2025-11-11 10:49:56 | INFO | 💾 ข้อความที่เก็บไว้: 39
2025-11-11 10:49:56 | INFO | ================================
2025-11-11 10:50:26 | INFO | 📊 ===== สถิติ MQTT Broker =====
2025-11-11 10:50:26 | INFO | 🕒 เวลาทำงาน: 0:33:30.827651
2025-11-11 10:50:26 | INFO | 🔗 การเชื่อมต่อทั้งหมด: 6
2025-11-11 10:50:26 | INFO | 🟢 การเชื่อมต่อปัจจุบัน: 1
2025-11-11 10:50:26 | INFO | 📨 ข้อความทั้งหมด: 114
2025-11-11 10:50:26 | INFO | 📥 subscription ทั้งหมด: 10
2025-11-11 10:50:26 | INFO | 📂 Topic ที่มีการใช้งาน: 5
2025-11-11 10:50:26 | INFO | 💾 ข้อความที่เก็บไว้: 39
2025-11-11 10:50:26 | INFO | ================================
2025-11-11 10:50:56 | INFO | 📊 ===== สถิติ MQTT Broker =====
2025-11-11 10:50:56 | INFO | 🕒 เวลาทำงาน: 0:34:00.830272
2025-11-11 10:50:56 | INFO | 🔗 การเชื่อมต่อทั้งหมด: 6
2025-11-11 10:50:56 | INFO | 🟢 การเชื่อมต่อปัจจุบัน: 1
2025-11-11 10:50:56 | INFO | 📨 ข้อความทั้งหมด: 115
2025-11-11 10:50:56 | INFO | 📥 subscription ทั้งหมด: 10
2025-11-11 10:50:56 | INFO | 📂 Topic ที่มีการใช้งาน: 5
2025-11-11 10:50:56 | INFO | 💾 ข้อความที่เก็บไว้: 39
2025-11-11 10:50:56 | INFO | ================================
2025-11-11 10:51:26 | INFO | 📊 ===== สถิติ MQTT Broker =====
2025-11-11 10:51:26 | INFO | 🕒 เวลาทำงาน: 0:34:30.831687
2025-11-11 10:51:26 | INFO | 🔗 การเชื่อมต่อทั้งหมด: 6
2025-11-11 10:51:26 | INFO | 🟢 การเชื่อมต่อปัจจุบัน: 1
2025-11-11 10:51:26 | INFO | 📨 ข้อความทั้งหมด: 116
2025-11-11 10:51:26 | INFO | 📥 subscription ทั้งหมด: 10
2025-11-11 10:51:26 | INFO | 📂 Topic ที่มีการใช้งาน: 5
2025-11-11 10:51:26 | INFO | 💾 ข้อความที่เก็บไว้: 39
2025-11-11 10:51:26 | INFO | ================================
2025-11-11 10:51:56 | INFO | 📊 ===== สถิติ MQTT Broker =====
2025-11-11 10:51:56 | INFO | 🕒 เวลาทำงาน: 0:35:00.833434
2025-11-11 10:51:56 | INFO | 🔗 การเชื่อมต่อทั้งหมด: 6
2025-11-11 10:51:56 | INFO | 🟢 การเชื่อมต่อปัจจุบัน: 1
2025-11-11 10:51:56 | INFO | 📨 ข้อความทั้งหมด: 117
2025-11-11 10:51:56 | INFO | 📥 subscription ทั้งหมด: 10
2025-11-11 10:51:56 | INFO | 📂 Topic ที่มีการใช้งาน: 5
2025-11-11 10:51:56 | INFO | 💾 ข้อความที่เก็บไว้: 39
2025-11-11 10:51:56 | INFO | ================================
2025-11-11 10:52:26 | INFO | 📊 ===== สถิติ MQTT Broker =====
2025-11-11 10:52:26 | INFO | 🕒 เวลาทำงาน: 0:35:30.835390
2025-11-11 10:52:26 | INFO | 🔗 การเชื่อมต่อทั้งหมด: 6
2025-11-11 10:52:26 | INFO | 🟢 การเชื่อมต่อปัจจุบัน: 1
2025-11-11 10:52:26 | INFO | 📨 ข้อความทั้งหมด: 118
2025-11-11 10:52:26 | INFO | 📥 subscription ทั้งหมด: 10
2025-11-11 10:52:26 | INFO | 📂 Topic ที่มีการใช้งาน: 5
2025-11-11 10:52:26 | INFO | 💾 ข้อความที่เก็บไว้: 39
2025-11-11 10:52:26 | INFO | ================================
2025-11-11 10:52:56 | INFO | 📊 ===== สถิติ MQTT Broker =====
2025-11-11 10:52:56 | INFO | 🕒 เวลาทำงาน: 0:36:00.839712
2025-11-11 10:52:56 | INFO | 🔗 การเชื่อมต่อทั้งหมด: 6
2025-11-11 10:52:56 | INFO | 🟢 การเชื่อมต่อปัจจุบัน: 1
2025-11-11 10:52:56 | INFO | 📨 ข้อความทั้งหมด: 119
2025-11-11 10:52:56 | INFO | 📥 subscription ทั้งหมด: 10
2025-11-11 10:52:56 | INFO | 📂 Topic ที่มีการใช้งาน: 5
2025-11-11 10:52:56 | INFO | 💾 ข้อความที่เก็บไว้: 39
2025-11-11 10:52:56 | INFO | ================================
2025-11-11 10:53:26 | INFO | 📊 ===== สถิติ MQTT Broker =====
2025-11-11 10:53:26 | INFO | 🕒 เวลาทำงาน: 0:36:30.844506
2025-11-11 10:53:26 | INFO | 🔗 การเชื่อมต่อทั้งหมด: 6
2025-11-11 10:53:26 | INFO | 🟢 การเชื่อมต่อปัจจุบัน: 1
2025-11-11 10:53:26 | INFO | 📨 ข้อความทั้งหมด: 120
2025-11-11 10:53:26 | INFO | 📥 subscription ทั้งหมด: 10
2025-11-11 10:53:26 | INFO | 📂 Topic ที่มีการใช้งาน: 5
2025-11-11 10:53:26 | INFO | 💾 ข้อความที่เก็บไว้: 39
2025-11-11 10:53:26 | INFO | ================================
2025-11-11 10:53:56 | INFO | 📊 ===== สถิติ MQTT Broker =====
2025-11-11 10:53:56 | INFO | 🕒 เวลาทำงาน: 0:37:00.846404
2025-11-11 10:53:56 | INFO | 🔗 การเชื่อมต่อทั้งหมด: 6
2025-11-11 10:53:56 | INFO | 🟢 การเชื่อมต่อปัจจุบัน: 1
2025-11-11 10:53:56 | INFO | 📨 ข้อความทั้งหมด: 121
2025-11-11 10:53:56 | INFO | 📥 subscription ทั้งหมด: 10
2025-11-11 10:53:56 | INFO | 📂 Topic ที่มีการใช้งาน: 5
2025-11-11 10:53:56 | INFO | 💾 ข้อความที่เก็บไว้: 39
2025-11-11 10:53:56 | INFO | ================================
2025-11-11 10:54:26 | INFO | 📊 ===== สถิติ MQTT Broker =====
2025-11-11 10:54:26 | INFO | 🕒 เวลาทำงาน: 0:37:30.849303
2025-11-11 10:54:26 | INFO | 🔗 การเชื่อมต่อทั้งหมด: 6
2025-11-11 10:54:26 | INFO | 🟢 การเชื่อมต่อปัจจุบัน: 1
2025-11-11 10:54:26 | INFO | 📨 ข้อความทั้งหมด: 122
2025-11-11 10:54:26 | INFO | 📥 subscription ทั้งหมด: 10
2025-11-11 10:54:26 | INFO | 📂 Topic ที่มีการใช้งาน: 5
2025-11-11 10:54:26 | INFO | 💾 ข้อความที่เก็บไว้: 39
2025-11-11 10:54:26 | INFO | ================================
2025-11-11 10:54:56 | INFO | 📊 ===== สถิติ MQTT Broker =====
2025-11-11 10:54:56 | INFO | 🕒 เวลาทำงาน: 0:38:00.850811
2025-11-11 10:54:56 | INFO | 🔗 การเชื่อมต่อทั้งหมด: 6
2025-11-11 10:54:56 | INFO | 🟢 การเชื่อมต่อปัจจุบัน: 1
2025-11-11 10:54:56 | INFO | 📨 ข้อความทั้งหมด: 123
2025-11-11 10:54:56 | INFO | 📥 subscription ทั้งหมด: 10
2025-11-11 10:54:56 | INFO | 📂 Topic ที่มีการใช้งาน: 5
2025-11-11 10:54:56 | INFO | 💾 ข้อความที่เก็บไว้: 39
2025-11-11 10:54:56 | INFO | ================================
2025-11-11 10:55:26 | INFO | 📊 ===== สถิติ MQTT Broker =====
2025-11-11 10:55:26 | INFO | 🕒 เวลาทำงาน: 0:38:30.852869
2025-11-11 10:55:26 | INFO | 🔗 การเชื่อมต่อทั้งหมด: 6
2025-11-11 10:55:26 | INFO | 🟢 การเชื่อมต่อปัจจุบัน: 1
2025-11-11 10:55:26 | INFO | 📨 ข้อความทั้งหมด: 124
2025-11-11 10:55:26 | INFO | 📥 subscription ทั้งหมด: 10
2025-11-11 10:55:26 | INFO | 📂 Topic ที่มีการใช้งาน: 5
2025-11-11 10:55:26 | INFO | 💾 ข้อความที่เก็บไว้: 39
2025-11-11 10:55:26 | INFO | ================================
2025-11-11 10:55:56 | INFO | 📊 ===== สถิติ MQTT Broker =====
2025-11-11 10:55:56 | INFO | 🕒 เวลาทำงาน: 0:39:00.854650
2025-11-11 10:55:56 | INFO | 🔗 การเชื่อมต่อทั้งหมด: 6
2025-11-11 10:55:56 | INFO | 🟢 การเชื่อมต่อปัจจุบัน: 1
2025-11-11 10:55:56 | INFO | 📨 ข้อความทั้งหมด: 125
2025-11-11 10:55:56 | INFO | 📥 subscription ทั้งหมด: 10
2025-11-11 10:55:56 | INFO | 📂 Topic ที่มีการใช้งาน: 5
2025-11-11 10:55:56 | INFO | 💾 ข้อความที่เก็บไว้: 39
2025-11-11 10:55:56 | INFO | ================================
2025-11-11 10:56:26 | INFO | 📊 ===== สถิติ MQTT Broker =====
2025-11-11 10:56:26 | INFO | 🕒 เวลาทำงาน: 0:39:30.857764
2025-11-11 10:56:26 | INFO | 🔗 การเชื่อมต่อทั้งหมด: 6
2025-11-11 10:56:26 | INFO | 🟢 การเชื่อมต่อปัจจุบัน: 1
2025-11-11 10:56:26 | INFO | 📨 ข้อความทั้งหมด: 126
2025-11-11 10:56:26 | INFO | 📥 subscription ทั้งหมด: 10
2025-11-11 10:56:26 | INFO | 📂 Topic ที่มีการใช้งาน: 5
2025-11-11 10:56:26 | INFO | 💾 ข้อความที่เก็บไว้: 39
2025-11-11 10:56:26 | INFO | ================================
2025-11-11 10:56:56 | INFO | 📊 ===== สถิติ MQTT Broker =====
2025-11-11 10:56:56 | INFO | 🕒 เวลาทำงาน: 0:40:00.859907
2025-11-11 10:56:56 | INFO | 🔗 การเชื่อมต่อทั้งหมด: 6
2025-11-11 10:56:56 | INFO | 🟢 การเชื่อมต่อปัจจุบัน: 1
2025-11-11 10:56:56 | INFO | 📨 ข้อความทั้งหมด: 127
2025-11-11 10:56:56 | INFO | 📥 subscription ทั้งหมด: 10
2025-11-11 10:56:56 | INFO | 📂 Topic ที่มีการใช้งาน: 5
2025-11-11 10:56:56 | INFO | 💾 ข้อความที่เก็บไว้: 39
2025-11-11 10:56:56 | INFO | ================================
2025-11-11 10:57:20 | INFO | 🔌 client_2_1762831278 ตัดการเชื่อมต่อแล้ว
